SF:lib/models/user.dart
DA:16,19
DA:31,4
DA:33,4
DA:34,4
DA:35,4
DA:36,4
DA:37,4
DA:38,4
DA:39,4
DA:40,16
DA:41,4
DA:42,4
DA:43,4
DA:44,4
DA:45,4
DA:46,8
DA:47,4
DA:48,4
DA:49,4
DA:50,4
DA:53,2
DA:56,2
DA:62,2
LF:23
LH:23
end_of_record
SF:lib/models/category_model.dart
DA:5,2
LF:1
LH:1
end_of_record
SF:lib/models/last_message.dart
DA:11,8
LF:1
LH:1
end_of_record
SF:lib/models/message.dart
DA:14,9
DA:19,1
DA:20,1
DA:21,1
DA:22,1
DA:26,1
DA:30,1
DA:31,3
DA:32,3
DA:35,0
DA:37,0
DA:52,8
DA:65,1
DA:66,1
DA:67,1
DA:68,1
DA:69,1
DA:70,1
DA:71,5
DA:72,2
DA:73,1
DA:77,1
DA:79,1
DA:81,1
DA:82,1
DA:83,2
DA:84,1
DA:85,1
DA:86,1
DA:87,1
DA:88,3
DA:89,1
DA:90,1
DA:92,1
DA:93,1
DA:94,2
DA:96,0
DA:98,0
DA:101,1
LF:39
LH:35
end_of_record
SF:lib/models/event.dart
DA:15,8
DA:27,1
DA:28,1
DA:29,1
DA:30,1
DA:31,1
DA:32,1
DA:33,1
DA:34,5
DA:35,1
DA:36,1
DA:40,2
DA:42,2
DA:43,4
DA:44,4
DA:45,2
DA:46,4
DA:47,4
DA:48,10
DA:49,2
DA:50,4
DA:51,4
DA:67,10
DA:78,1
DA:79,1
DA:80,1
DA:81,1
DA:82,1
DA:83,1
DA:84,1
DA:85,1
DA:86,1
DA:90,2
DA:92,6
DA:93,4
DA:94,0
DA:95,2
DA:96,6
DA:97,2
DA:98,2
DA:99,2
DA:100,2
DA:101,2
DA:102,2
DA:103,2
DA:104,2
DA:105,2
DA:110,1
DA:111,1
DA:112,1
DA:113,1
DA:114,1
DA:115,1
DA:116,1
DA:117,1
DA:118,1
DA:123,0
DA:127,0
DA:130,0
DA:132,0
LF:60
LH:55
end_of_record
SF:lib/models/group.dart
DA:16,12
DA:29,1
DA:30,1
DA:31,1
DA:32,1
DA:33,1
DA:34,1
DA:36,5
DA:37,1
DA:41,2
DA:42,2
DA:43,2
DA:44,2
DA:45,2
DA:46,2
DA:47,2
DA:48,2
DA:49,8
DA:50,2
DA:51,2
DA:52,4
DA:54,0
DA:56,0
DA:58,0
DA:60,0
DA:63,0
DA:64,0
DA:65,0
DA:67,2
DA:68,6
DA:69,2
DA:70,2
DA:71,2
DA:72,2
DA:73,2
DA:74,2
DA:75,2
LF:37
LH:30
end_of_record
SF:lib/models/article_model.dart
DA:7,4
LF:1
LH:1
end_of_record
SF:lib/models/private_chat.dart
DA:9,7
DA:15,1
DA:16,1
DA:17,2
DA:18,2
DA:20,1
DA:22,2
DA:24,2
DA:26,0
DA:29,1
DA:30,1
DA:31,1
DA:33,1
DA:37,1
DA:38,1
DA:39,1
DA:40,1
DA:41,1
DA:42,1
DA:43,1
DA:44,1
LF:21
LH:20
end_of_record
SF:lib/pages/responsive_layout.dart
DA:8,4
DA:12,2
DA:14,8
DA:15,1
DA:17,1
LF:5
LH:5
end_of_record
SF:lib/pages/user_profile/user_profile_page.dart
DA:29,4
DA:35,1
DA:36,1
DA:46,1
DA:48,5
DA:49,6
DA:50,6
DA:51,6
DA:52,5
DA:53,6
DA:54,6
DA:55,6
DA:56,4
DA:57,2
DA:58,3
DA:60,1
DA:63,1
DA:65,6
DA:67,1
DA:68,1
DA:69,2
DA:72,1
DA:74,1
DA:75,0
DA:83,1
DA:84,2
DA:87,1
DA:88,3
DA:89,5
DA:90,1
DA:91,1
DA:92,3
DA:93,1
DA:94,0
DA:95,0
DA:96,0
DA:97,0
DA:100,1
DA:102,1
DA:103,1
DA:104,1
DA:105,5
DA:110,1
DA:111,0
DA:112,0
DA:113,0
DA:114,0
DA:119,1
DA:120,1
DA:121,2
DA:122,1
DA:123,1
DA:124,2
DA:125,1
DA:126,1
DA:128,1
DA:130,5
DA:134,1
DA:136,1
DA:137,1
DA:139,1
DA:140,1
DA:141,1
DA:144,1
DA:145,1
DA:148,1
DA:149,1
DA:150,1
DA:151,2
DA:152,1
DA:154,1
DA:155,3
DA:156,1
DA:158,2
DA:159,1
DA:160,1
DA:161,1
DA:168,1
DA:170,1
DA:172,1
DA:178,1
DA:179,1
DA:180,6
DA:181,4
DA:182,1
DA:193,2
DA:194,1
DA:195,2
DA:196,1
DA:199,1
DA:200,1
DA:201,1
DA:203,2
DA:205,1
DA:207,1
DA:209,2
DA:219,1
DA:220,1
DA:222,1
DA:223,1
DA:226,1
DA:227,1
DA:228,3
DA:229,5
DA:230,6
DA:231,6
DA:233,1
DA:234,1
DA:235,1
DA:239,1
DA:240,0
DA:242,3
DA:246,0
DA:247,0
DA:255,1
DA:258,1
DA:259,4
DA:260,1
DA:261,1
DA:264,2
DA:265,3
DA:266,1
DA:267,2
DA:268,1
DA:272,1
DA:274,1
DA:291,1
DA:293,1
DA:294,1
DA:295,1
DA:296,1
DA:298,1
DA:299,1
DA:300,1
DA:301,1
DA:304,1
DA:305,2
DA:306,1
DA:310,1
DA:311,1
DA:314,1
DA:316,1
DA:317,1
DA:318,1
DA:321,2
DA:322,1
DA:323,1
DA:324,1
DA:327,1
DA:329,1
DA:332,2
DA:333,1
DA:334,1
DA:335,1
DA:338,1
DA:340,1
DA:342,2
DA:343,1
DA:344,1
DA:345,1
DA:352,0
DA:353,0
DA:365,1
DA:366,6
DA:368,1
DA:369,2
DA:370,1
DA:371,1
DA:372,1
DA:385,1
DA:386,1
DA:387,1
DA:396,1
DA:397,1
DA:398,1
DA:399,1
DA:400,2
DA:402,1
DA:403,2
DA:404,1
DA:405,1
DA:409,1
DA:410,1
DA:417,1
DA:427,0
DA:432,0
DA:436,1
DA:437,6
DA:439,1
DA:440,2
DA:441,1
DA:442,1
DA:443,1
DA:444,1
DA:445,1
DA:453,1
DA:454,1
DA:455,1
DA:456,1
DA:457,2
DA:459,1
DA:460,2
DA:461,1
DA:462,1
DA:466,1
DA:467,1
DA:474,1
DA:483,0
DA:488,0
DA:492,1
DA:493,6
DA:495,1
DA:496,1
DA:497,1
DA:498,1
DA:499,6
DA:500,1
DA:501,1
DA:502,1
DA:503,2
DA:504,2
DA:509,1
DA:511,1
DA:512,1
DA:513,1
DA:514,1
DA:515,1
DA:516,2
DA:517,1
DA:519,2
DA:520,1
DA:521,1
DA:522,1
DA:526,0
DA:527,0
DA:534,1
DA:535,1
DA:538,5
DA:548,1
DA:549,6
DA:551,1
DA:552,1
DA:553,1
DA:554,1
DA:555,6
DA:556,1
DA:557,1
DA:558,1
DA:559,2
DA:560,2
DA:565,1
DA:567,1
DA:568,1
DA:569,1
DA:570,1
DA:571,1
DA:572,2
DA:573,1
DA:575,2
DA:576,1
DA:577,1
DA:578,1
DA:582,0
DA:583,0
DA:590,1
DA:592,1
DA:594,5
DA:605,1
DA:606,6
DA:608,1
DA:609,1
DA:610,1
DA:611,1
DA:612,6
DA:613,1
DA:614,1
DA:615,1
DA:616,2
DA:617,2
DA:622,1
DA:624,1
DA:625,1
DA:626,1
DA:627,1
DA:628,1
DA:629,2
DA:630,1
DA:632,2
DA:633,1
DA:634,1
DA:635,1
DA:639,0
DA:640,0
DA:647,1
DA:649,1
DA:651,5
DA:662,1
DA:664,1
LF:298
LH:274
end_of_record
SF:lib/pages/user_profile/user_profile_tablet_page.dart
DA:28,4
DA:34,1
DA:35,1
DA:46,1
DA:48,1
DA:49,5
DA:50,6
DA:51,6
DA:52,6
DA:53,5
DA:54,6
DA:55,6
DA:56,6
DA:57,4
DA:59,2
DA:60,3
DA:64,1
DA:66,6
DA:68,1
DA:69,1
DA:70,2
DA:73,1
DA:75,1
DA:76,0
DA:84,1
DA:85,2
DA:88,1
DA:89,3
DA:90,5
DA:91,1
DA:92,1
DA:93,3
DA:94,1
DA:95,0
DA:96,0
DA:97,0
DA:98,0
DA:101,1
DA:103,1
DA:104,1
DA:105,1
DA:106,5
DA:111,1
DA:112,0
DA:113,0
DA:114,0
DA:115,0
DA:120,1
DA:121,1
DA:122,2
DA:123,1
DA:124,1
DA:125,2
DA:126,1
DA:127,1
DA:129,1
DA:131,5
DA:135,1
DA:137,1
DA:138,1
DA:140,1
DA:142,1
DA:143,2
DA:144,1
DA:146,1
DA:147,3
DA:148,1
DA:151,5
DA:155,1
DA:157,1
DA:158,1
DA:160,1
DA:162,1
DA:166,1
DA:168,4
DA:169,1
DA:170,1
DA:181,2
DA:182,1
DA:183,2
DA:184,1
DA:187,1
DA:188,1
DA:189,1
DA:191,2
DA:193,1
DA:195,1
DA:197,2
DA:208,1
DA:209,1
DA:211,1
DA:212,1
DA:215,1
DA:216,1
DA:217,3
DA:218,5
DA:219,6
DA:220,6
DA:222,1
DA:223,1
DA:224,1
DA:228,1
DA:229,0
DA:231,3
DA:235,0
DA:236,0
DA:244,1
DA:247,1
DA:248,4
DA:249,1
DA:250,1
DA:253,2
DA:254,3
DA:255,1
DA:256,2
DA:257,1
DA:261,1
DA:263,1
DA:280,1
DA:282,1
DA:283,1
DA:284,1
DA:285,1
DA:287,1
DA:288,1
DA:289,1
DA:290,1
DA:293,1
DA:294,2
DA:295,1
DA:299,1
DA:300,1
DA:303,1
DA:305,1
DA:306,1
DA:307,1
DA:310,2
DA:311,1
DA:312,1
DA:313,1
DA:316,1
DA:318,1
DA:321,2
DA:322,1
DA:323,1
DA:324,1
DA:327,1
DA:329,1
DA:331,2
DA:332,1
DA:333,1
DA:334,1
DA:341,0
DA:342,0
DA:354,1
DA:355,6
DA:357,1
DA:358,2
DA:359,1
DA:360,1
DA:361,1
DA:362,1
DA:363,1
DA:371,1
DA:372,1
DA:373,1
DA:374,1
DA:375,2
DA:377,1
DA:378,2
DA:379,1
DA:380,1
DA:384,1
DA:385,1
DA:392,1
DA:401,0
DA:406,0
DA:410,1
DA:411,6
DA:413,1
DA:414,2
DA:415,1
DA:416,1
DA:417,1
DA:418,1
DA:419,1
DA:427,1
DA:428,1
DA:429,1
DA:430,1
DA:431,2
DA:433,1
DA:434,2
DA:435,1
DA:436,1
DA:440,1
DA:441,1
DA:448,1
DA:457,0
DA:462,0
DA:466,1
DA:467,6
DA:469,1
DA:470,1
DA:471,1
DA:472,1
DA:473,6
DA:474,1
DA:475,1
DA:476,1
DA:477,2
DA:478,2
DA:483,1
DA:485,1
DA:486,1
DA:487,1
DA:488,1
DA:489,1
DA:490,2
DA:491,1
DA:493,2
DA:494,1
DA:495,1
DA:496,1
DA:500,0
DA:501,0
DA:508,1
DA:509,1
DA:512,5
DA:522,1
DA:523,6
DA:525,1
DA:526,1
DA:527,1
DA:528,1
DA:529,6
DA:530,1
DA:531,1
DA:532,1
DA:533,2
DA:534,2
DA:539,1
DA:541,1
DA:542,1
DA:543,1
DA:544,1
DA:545,1
DA:546,2
DA:547,1
DA:549,2
DA:550,1
DA:551,1
DA:552,1
DA:556,0
DA:557,0
DA:564,1
DA:566,1
DA:568,5
DA:579,1
DA:580,6
DA:582,1
DA:583,1
DA:584,1
DA:585,1
DA:586,6
DA:587,1
DA:588,1
DA:589,1
DA:590,2
DA:591,2
DA:596,1
DA:598,1
DA:599,1
DA:600,1
DA:601,1
DA:602,1
DA:603,2
DA:604,1
DA:606,2
DA:607,1
DA:608,1
DA:609,1
DA:613,0
DA:614,0
DA:621,1
DA:623,1
DA:625,5
DA:636,1
DA:638,1
LF:289
LH:265
end_of_record
SF:lib/services/auth_service.dart
DA:10,0
DA:12,19
DA:14,19
DA:18,0
DA:19,0
DA:20,0
DA:23,0
DA:24,0
DA:28,0
DA:30,0
DA:32,0
DA:36,0
DA:37,0
DA:38,0
DA:40,0
DA:43,0
DA:44,0
DA:45,0
DA:49,0
DA:50,0
DA:52,0
DA:58,0
DA:61,0
DA:62,0
DA:64,0
DA:65,0
DA:66,0
DA:69,0
DA:70,0
DA:73,0
DA:74,0
DA:77,0
DA:78,0
DA:80,0
DA:82,0
DA:84,0
DA:89,0
DA:91,0
DA:92,0
DA:94,0
DA:97,0
DA:98,0
DA:99,0
DA:101,0
DA:102,0
LF:45
LH:2
end_of_record
SF:lib/services/provider_service.dart
DA:8,42
DA:9,0
DA:12,21
DA:13,0
DA:14,0
DA:18,35
DA:19,2
DA:23,18
DA:24,9
DA:26,0
DA:28,0
DA:30,0
DA:31,0
DA:32,0
DA:33,0
DA:38,0
DA:42,14
DA:43,7
DA:45,0
DA:47,0
DA:49,0
DA:50,0
DA:51,0
DA:52,0
DA:57,0
DA:61,14
DA:62,7
DA:64,0
DA:67,0
DA:71,12
DA:72,7
DA:74,1
DA:77,1
DA:81,12
DA:82,7
DA:84,1
DA:87,1
DA:91,14
DA:92,8
DA:93,1
DA:97,2
DA:98,1
DA:99,0
LF:43
LH:23
end_of_record
SF:lib/widgets/events/event_grid.dart
DA:6,3
DA:11,3
DA:13,3
DA:14,3
DA:15,3
DA:19,9
DA:20,1
DA:21,2
DA:24,3
LF:9
LH:9
end_of_record
SF:lib/services/database_service.dart
DA:24,4
DA:25,4
DA:26,0
DA:27,0
DA:28,0
DA:29,0
DA:30,0
DA:33,0
DA:35,0
DA:37,0
DA:38,0
DA:40,0
DA:41,0
DA:42,0
DA:43,0
DA:44,0
DA:45,0
DA:48,0
DA:49,0
DA:50,0
DA:53,0
DA:54,0
DA:55,0
DA:56,0
DA:59,0
DA:60,0
DA:61,0
DA:65,0
DA:66,0
DA:67,0
DA:72,0
DA:79,0
DA:81,0
DA:82,0
DA:84,0
DA:86,0
DA:87,0
DA:88,0
DA:89,0
DA:92,0
DA:96,0
DA:97,0
DA:98,0
DA:99,0
DA:100,0
DA:102,0
DA:105,0
DA:106,0
DA:107,0
DA:108,0
DA:109,0
DA:111,0
DA:112,0
DA:118,0
DA:120,0
DA:121,0
DA:124,0
DA:125,0
DA:134,0
DA:135,0
DA:138,0
DA:139,0
DA:140,0
DA:144,0
DA:145,0
DA:146,0
DA:150,0
DA:151,0
DA:154,0
DA:155,0
DA:156,0
DA:160,0
DA:161,0
DA:163,0
DA:164,0
DA:165,0
DA:173,0
DA:180,0
DA:182,0
DA:183,0
DA:185,0
DA:186,0
DA:192,0
DA:193,0
DA:195,0
DA:196,0
DA:199,0
DA:201,0
DA:202,0
DA:204,0
DA:205,0
DA:208,0
DA:209,0
DA:210,0
DA:213,0
DA:214,0
DA:215,0
DA:216,0
DA:221,0
DA:225,0
DA:226,0
DA:227,0
DA:228,0
DA:229,0
DA:230,0
DA:232,0
DA:233,0
DA:234,0
DA:238,0
DA:239,0
DA:240,0
DA:241,0
DA:242,0
DA:244,0
DA:245,0
DA:246,0
DA:247,0
DA:248,0
DA:251,0
DA:252,0
DA:253,0
DA:255,0
DA:263,0
DA:264,0
DA:265,0
DA:269,0
DA:272,0
DA:275,0
DA:277,0
DA:279,0
DA:282,0
DA:285,0
DA:286,0
DA:290,0
DA:293,0
DA:296,0
DA:298,0
DA:300,0
DA:303,0
DA:304,0
DA:308,0
DA:310,0
DA:311,0
DA:312,0
DA:313,0
DA:318,0
DA:320,0
DA:321,0
DA:322,0
DA:323,0
DA:328,0
DA:330,0
DA:331,0
DA:332,0
DA:333,0
DA:338,0
DA:339,0
DA:340,0
DA:343,0
DA:345,0
DA:346,0
DA:349,0
DA:350,0
DA:351,0
DA:353,0
DA:354,0
DA:358,0
DA:359,0
DA:360,0
DA:361,0
DA:362,0
DA:363,0
DA:366,0
DA:367,0
DA:368,0
DA:370,0
DA:371,0
DA:372,0
DA:374,0
DA:375,0
DA:377,0
DA:378,0
DA:379,0
DA:380,0
DA:384,0
DA:385,0
DA:386,0
DA:389,0
DA:390,0
DA:397,0
DA:398,0
DA:400,0
DA:401,0
DA:402,0
DA:403,0
DA:404,0
DA:405,0
DA:406,0
DA:409,0
DA:410,0
DA:411,0
DA:412,0
DA:413,0
DA:414,0
DA:419,0
DA:420,0
DA:422,0
DA:423,0
DA:424,0
DA:426,0
DA:427,0
DA:430,0
DA:431,0
DA:432,0
DA:433,0
DA:434,0
DA:435,0
DA:442,0
DA:443,0
DA:444,0
DA:447,0
DA:448,0
DA:449,0
DA:450,0
DA:457,0
DA:458,0
DA:459,0
DA:460,0
DA:462,0
DA:463,0
DA:469,0
DA:470,0
DA:471,0
DA:474,0
DA:475,0
DA:476,0
DA:477,0
DA:478,0
DA:484,0
DA:485,0
DA:486,0
DA:489,0
DA:491,0
DA:492,0
DA:493,0
DA:494,0
DA:495,0
DA:496,0
DA:497,0
DA:498,0
DA:499,0
DA:501,0
DA:504,0
DA:505,0
DA:507,0
DA:509,0
DA:510,0
DA:513,0
DA:514,0
DA:519,0
DA:521,0
DA:522,0
DA:523,0
DA:524,0
DA:525,0
DA:527,0
DA:528,0
DA:531,0
DA:532,0
DA:533,0
DA:534,0
DA:535,0
DA:536,0
DA:540,0
DA:541,0
DA:542,0
DA:544,0
DA:546,0
DA:547,0
DA:549,0
DA:551,0
DA:552,0
DA:555,0
DA:556,0
DA:561,0
DA:569,0
DA:572,0
DA:573,0
DA:576,0
DA:578,0
DA:579,0
DA:580,0
DA:581,0
DA:582,0
DA:583,0
DA:584,0
DA:585,0
DA:587,0
DA:590,0
DA:591,0
DA:593,0
DA:595,0
DA:596,0
DA:599,0
DA:600,0
DA:605,0
DA:606,0
DA:608,0
DA:609,0
DA:610,0
DA:611,0
DA:613,0
DA:616,0
DA:617,0
DA:618,0
DA:620,0
DA:621,0
DA:622,0
DA:623,0
DA:624,0
DA:625,0
DA:626,0
DA:629,0
DA:630,0
DA:631,0
DA:633,0
DA:637,0
DA:638,0
DA:640,0
DA:642,0
DA:643,0
DA:646,0
DA:647,0
DA:654,0
DA:655,0
DA:659,0
DA:660,0
DA:663,0
DA:666,0
DA:668,0
DA:673,0
DA:675,0
DA:676,0
DA:677,0
DA:684,0
DA:685,0
DA:687,0
DA:688,0
DA:689,0
DA:690,0
DA:692,0
DA:695,0
DA:696,0
DA:698,0
DA:700,0
DA:701,0
DA:702,0
DA:703,0
DA:704,0
DA:706,0
DA:707,0
DA:708,0
DA:709,0
DA:710,0
DA:713,0
DA:714,0
DA:721,0
DA:722,0
DA:723,0
DA:724,0
DA:725,0
DA:729,0
DA:731,0
DA:735,0
DA:736,0
DA:737,0
DA:738,0
DA:739,0
DA:741,0
DA:742,0
DA:744,0
DA:748,0
DA:749,0
DA:750,0
DA:751,0
DA:752,0
DA:754,0
DA:755,0
DA:757,0
DA:758,0
DA:759,0
DA:763,0
DA:764,0
DA:765,0
DA:767,0
DA:774,0
DA:775,0
DA:780,0
DA:782,0
DA:784,0
DA:785,0
DA:788,0
DA:789,0
DA:795,0
DA:800,0
DA:802,0
DA:803,0
DA:806,0
DA:807,0
DA:813,0
DA:820,0
DA:821,0
DA:823,0
DA:824,0
DA:825,0
DA:826,0
DA:827,0
DA:828,0
DA:829,0
DA:830,0
DA:834,0
DA:835,0
DA:836,0
DA:837,0
DA:838,0
DA:839,0
DA:844,0
DA:845,0
DA:846,0
DA:847,0
DA:848,0
DA:849,0
DA:850,0
DA:852,0
DA:853,0
DA:854,0
DA:855,0
DA:856,0
DA:857,0
DA:858,0
DA:859,0
DA:860,0
DA:861,0
DA:862,0
DA:863,0
DA:864,0
DA:865,0
DA:866,0
DA:869,0
DA:879,0
DA:880,0
DA:881,0
DA:882,0
DA:883,0
DA:884,0
DA:885,0
DA:886,0
DA:887,0
DA:888,0
DA:889,0
DA:890,0
DA:891,0
DA:892,0
DA:893,0
DA:894,0
DA:895,0
DA:896,0
DA:897,0
DA:898,0
DA:899,0
DA:902,0
DA:903,0
DA:904,0
DA:906,0
DA:907,0
DA:913,0
DA:914,0
DA:919,0
DA:921,0
DA:922,0
DA:923,0
DA:924,0
DA:925,0
DA:926,0
DA:927,0
DA:928,0
DA:930,0
DA:932,0
DA:935,0
DA:936,0
DA:937,0
DA:938,0
DA:939,0
DA:940,0
DA:942,0
DA:944,0
DA:949,0
DA:951,0
DA:952,0
DA:953,0
DA:960,0
DA:961,0
DA:962,0
DA:966,0
DA:967,0
DA:968,0
DA:969,0
DA:970,0
DA:975,0
DA:976,0
DA:979,0
DA:980,0
DA:981,0
DA:982,0
DA:983,0
DA:988,0
DA:989,0
DA:990,0
DA:991,0
DA:992,0
DA:997,0
DA:998,0
DA:999,0
DA:1000,0
DA:1001,0
DA:1006,0
DA:1007,0
DA:1008,0
DA:1012,0
DA:1013,0
DA:1014,0
DA:1016,0
DA:1017,0
DA:1019,0
DA:1020,0
DA:1021,0
DA:1023,0
DA:1024,0
DA:1025,0
DA:1030,0
DA:1031,0
DA:1032,0
DA:1033,0
DA:1034,0
DA:1035,0
DA:1036,0
DA:1037,0
DA:1039,0
DA:1040,0
DA:1041,0
DA:1042,0
DA:1044,0
DA:1045,0
DA:1046,0
DA:1047,0
DA:1054,0
DA:1056,0
DA:1057,0
DA:1058,0
DA:1059,0
DA:1060,0
DA:1061,0
DA:1062,0
DA:1063,0
DA:1064,0
DA:1065,0
DA:1066,0
DA:1068,0
DA:1069,0
DA:1070,0
DA:1071,0
DA:1077,0
DA:1078,0
DA:1082,0
DA:1085,0
DA:1086,0
DA:1088,0
DA:1089,0
DA:1090,0
DA:1092,0
DA:1093,0
DA:1098,0
DA:1101,0
DA:1102,0
DA:1106,0
DA:1108,0
DA:1109,0
DA:1110,0
DA:1112,0
DA:1113,0
DA:1114,0
DA:1115,0
DA:1116,0
DA:1117,0
DA:1118,0
DA:1119,0
DA:1124,0
DA:1125,0
DA:1126,0
DA:1130,0
DA:1133,0
DA:1134,0
DA:1135,0
DA:1137,0
DA:1138,0
DA:1140,0
DA:1141,0
DA:1142,0
DA:1143,0
DA:1148,0
DA:1151,0
DA:1153,0
DA:1154,0
DA:1158,0
DA:1160,0
DA:1162,0
DA:1163,0
DA:1165,0
DA:1167,0
DA:1168,0
DA:1171,0
DA:1172,0
DA:1173,0
DA:1174,0
DA:1178,0
DA:1179,0
DA:1181,0
DA:1185,0
DA:1186,0
DA:1188,0
DA:1190,0
DA:1192,0
DA:1193,0
DA:1194,0
DA:1195,0
DA:1200,0
DA:1201,0
DA:1202,0
DA:1204,0
DA:1206,0
DA:1207,0
DA:1208,0
DA:1210,0
DA:1217,0
DA:1219,0
DA:1221,0
DA:1223,0
DA:1225,0
DA:1226,0
DA:1227,0
DA:1228,0
DA:1233,0
DA:1235,0
DA:1236,0
DA:1237,0
DA:1238,0
DA:1240,0
DA:1241,0
DA:1242,0
DA:1244,0
DA:1246,0
DA:1247,0
DA:1248,0
DA:1250,0
DA:1251,0
DA:1259,0
DA:1262,0
DA:1265,0
DA:1267,0
DA:1269,0
DA:1272,0
DA:1275,0
DA:1276,0
DA:1280,0
DA:1287,0
DA:1288,0
DA:1289,0
DA:1290,0
DA:1291,0
DA:1292,0
DA:1294,0
DA:1296,0
DA:1297,0
DA:1300,0
DA:1301,0
DA:1302,0
DA:1303,0
DA:1304,0
DA:1305,0
DA:1307,0
DA:1309,0
DA:1311,0
DA:1312,0
DA:1313,0
DA:1315,0
DA:1316,0
DA:1317,0
DA:1319,0
DA:1320,0
DA:1324,0
DA:1325,0
DA:1326,0
DA:1327,0
DA:1329,0
DA:1330,0
DA:1334,0
DA:1335,0
DA:1336,0
DA:1337,0
DA:1338,0
DA:1339,0
DA:1340,0
DA:1343,0
DA:1344,0
DA:1345,0
DA:1346,0
DA:1347,0
DA:1348,0
DA:1354,0
DA:1355,0
DA:1359,0
DA:1361,0
DA:1362,0
DA:1363,0
DA:1364,0
DA:1365,0
DA:1366,0
DA:1367,0
DA:1369,0
DA:1374,0
DA:1375,0
DA:1376,0
DA:1378,0
DA:1379,0
DA:1380,0
DA:1383,0
DA:1385,0
DA:1386,0
DA:1387,0
DA:1388,0
DA:1389,0
DA:1390,0
DA:1391,0
DA:1395,0
DA:1399,0
DA:1400,0
DA:1401,0
DA:1403,0
DA:1404,0
DA:1405,0
DA:1407,0
DA:1409,0
DA:1410,0
DA:1411,0
DA:1412,0
DA:1413,0
DA:1414,0
DA:1415,0
DA:1419,0
DA:1423,0
DA:1426,0
DA:1427,0
DA:1429,0
DA:1430,0
DA:1431,0
DA:1432,0
DA:1436,0
DA:1438,0
DA:1439,0
DA:1440,0
DA:1442,0
DA:1444,0
DA:1445,0
DA:1446,0
DA:1447,0
DA:1451,0
DA:1452,0
DA:1453,0
DA:1455,0
DA:1457,0
DA:1458,0
DA:1459,0
DA:1461,0
DA:1468,0
DA:1475,0
DA:1476,0
DA:1477,0
DA:1479,0
DA:1481,0
DA:1482,0
DA:1483,0
DA:1484,0
DA:1488,0
DA:1489,0
DA:1491,0
DA:1492,0
DA:1493,0
DA:1495,0
DA:1496,0
DA:1497,0
DA:1499,0
DA:1501,0
DA:1502,0
DA:1503,0
DA:1505,0
DA:1512,0
DA:1519,0
DA:1521,0
DA:1522,0
DA:1523,0
DA:1524,0
DA:1525,0
DA:1526,0
DA:1527,0
DA:1528,0
DA:1529,0
DA:1530,0
DA:1531,0
DA:1534,0
DA:1535,0
DA:1536,0
DA:1537,0
DA:1538,0
DA:1539,0
DA:1540,0
DA:1541,0
DA:1542,0
DA:1543,0
DA:1544,0
DA:1550,0
DA:1552,0
DA:1553,0
DA:1554,0
DA:1559,0
DA:1560,0
DA:1561,0
DA:1564,0
DA:1565,0
DA:1566,0
DA:1567,0
DA:1568,0
DA:1569,0
DA:1570,0
DA:1574,0
DA:1575,0
DA:1578,0
DA:1579,0
DA:1580,0
DA:1584,0
DA:1586,0
DA:1589,0
DA:1591,0
DA:1592,0
DA:1593,0
DA:1597,0
DA:1598,0
DA:1600,0
DA:1601,0
DA:1602,0
DA:1603,0
DA:1604,0
DA:1607,0
DA:1608,0
DA:1609,0
DA:1610,0
DA:1616,0
DA:1617,0
DA:1619,0
DA:1620,0
DA:1623,0
DA:1626,0
DA:1627,0
DA:1630,0
DA:1634,0
DA:1636,0
DA:1638,0
DA:1639,0
DA:1640,0
DA:1644,0
DA:1646,0
DA:1648,0
DA:1649,0
DA:1650,0
DA:1651,0
DA:1655,0
DA:1656,0
DA:1657,0
DA:1658,0
DA:1660,0
DA:1663,0
DA:1664,0
DA:1666,0
DA:1667,0
DA:1671,0
DA:1673,0
DA:1674,0
DA:1675,0
DA:1677,0
DA:1678,0
DA:1679,0
DA:1681,0
DA:1682,0
DA:1683,0
DA:1684,0
DA:1685,0
DA:1687,0
DA:1688,0
DA:1689,0
DA:1690,0
DA:1691,0
DA:1692,0
DA:1693,0
DA:1698,0
DA:1701,0
DA:1702,0
DA:1705,0
DA:1706,0
DA:1708,0
DA:1709,0
DA:1712,0
DA:1715,0
DA:1716,0
DA:1719,0
DA:1720,0
DA:1723,0
DA:1724,0
DA:1727,0
DA:1730,0
DA:1731,0
DA:1732,0
DA:1733,0
DA:1735,0
DA:1736,0
DA:1737,0
DA:1738,0
DA:1744,0
DA:1746,0
DA:1748,0
DA:1749,0
DA:1750,0
DA:1751,0
DA:1752,0
DA:1754,0
DA:1756,0
DA:1757,0
DA:1763,0
DA:1764,0
DA:1768,0
DA:1769,0
DA:1772,0
DA:1773,0
DA:1776,0
DA:1777,0
DA:1778,0
DA:1779,0
DA:1785,0
DA:1786,0
DA:1787,0
DA:1791,0
DA:1794,0
DA:1795,0
DA:1798,0
DA:1799,0
DA:1804,0
DA:1805,0
DA:1808,0
DA:1809,0
DA:1815,0
DA:1817,0
DA:1818,0
DA:1821,0
DA:1822,0
LF:972
LH:2
end_of_record
SF:lib/services/notification_service.dart
DA:34,0
DA:50,0
DA:52,0
DA:53,0
DA:63,0
DA:64,0
DA:65,0
DA:67,0
DA:69,0
DA:73,0
DA:79,0
DA:80,0
DA:81,0
DA:85,0
DA:87,0
DA:88,0
DA:89,0
DA:93,0
DA:94,0
DA:95,0
DA:99,0
DA:100,0
DA:101,0
DA:103,0
DA:104,0
DA:107,0
DA:108,0
DA:112,0
DA:116,0
DA:118,0
DA:119,0
DA:120,0
DA:124,0
DA:125,0
DA:126,0
DA:130,0
DA:132,0
DA:133,0
DA:135,0
DA:137,0
DA:139,0
DA:140,0
DA:141,0
DA:142,0
DA:143,0
DA:144,0
DA:145,0
DA:146,0
DA:149,0
DA:151,0
DA:152,0
DA:153,0
DA:157,0
DA:158,0
DA:159,0
DA:161,0
DA:163,0
DA:165,0
DA:166,0
DA:168,0
DA:169,0
DA:170,0
DA:172,0
DA:176,0
DA:178,0
DA:179,0
DA:180,0
DA:183,0
DA:185,0
DA:186,0
DA:187,0
DA:190,0
DA:191,0
DA:192,0
DA:193,0
DA:194,0
DA:195,0
DA:197,0
DA:198,0
DA:199,0
DA:200,0
DA:201,0
DA:204,0
DA:206,0
DA:207,0
DA:208,0
DA:210,0
DA:212,0
DA:213,0
DA:214,0
DA:215,0
DA:216,0
DA:219,0
DA:224,0
DA:225,0
DA:226,0
DA:233,0
DA:234,0
DA:250,0
DA:255,0
DA:256,0
DA:259,0
DA:260,0
DA:263,0
DA:264,0
DA:267,0
DA:270,0
DA:271,0
DA:272,0
DA:276,0
DA:277,0
DA:278,0
DA:279,0
DA:280,0
DA:281,0
DA:283,0
DA:287,0
DA:288,0
DA:290,0
DA:294,0
DA:296,0
DA:297,0
DA:302,0
DA:303,0
DA:304,0
DA:306,0
DA:308,0
DA:310,0
DA:311,0
DA:312,0
DA:314,0
DA:318,0
DA:321,0
DA:323,0
DA:324,0
DA:325,0
DA:330,0
DA:331,0
DA:332,0
DA:333,0
DA:334,0
DA:335,0
DA:337,0
DA:340,0
DA:341,0
DA:342,0
DA:343,0
DA:345,0
DA:347,0
DA:349,0
DA:356,0
DA:357,0
DA:358,0
DA:360,0
DA:362,0
DA:364,0
DA:365,0
DA:366,0
DA:368,0
DA:373,0
DA:375,0
DA:378,0
DA:380,0
DA:382,0
DA:383,0
DA:384,0
DA:390,0
DA:394,0
DA:395,0
DA:396,0
DA:397,0
DA:398,0
DA:400,0
DA:404,0
DA:411,0
DA:412,0
DA:413,0
DA:415,0
DA:417,0
DA:419,0
DA:420,0
DA:421,0
DA:423,0
DA:428,0
DA:430,0
DA:431,0
DA:432,0
DA:433,0
DA:434,0
DA:439,0
DA:440,0
DA:441,0
DA:442,0
DA:443,0
DA:444,0
DA:447,0
DA:448,0
DA:449,0
DA:450,0
DA:455,0
DA:456,0
DA:457,0
DA:459,0
DA:462,0
DA:464,0
DA:465,0
DA:466,0
DA:467,0
DA:468,0
DA:469,0
DA:470,0
LF:211
LH:0
end_of_record
SF:lib/pages/categories_page.dart
DA:7,4
DA:9,3
DA:11,3
DA:12,3
DA:13,3
DA:14,2
DA:15,4
DA:16,2
DA:17,4
DA:21,3
DA:22,3
DA:23,6
DA:25,3
DA:26,3
LF:14
LH:14
end_of_record
SF:lib/widgets/categories_form_widget.dart
DA:7,7
DA:8,6
DA:9,6
DA:15,6
DA:17,6
DA:18,20
DA:21,6
DA:23,6
DA:25,6
DA:26,18
DA:27,6
DA:29,6
DA:30,2
DA:31,4
DA:32,4
DA:33,2
DA:35,4
DA:39,6
DA:41,6
DA:46,6
DA:48,6
LF:21
LH:21
end_of_record
SF:lib/pages/chats/groups/edit_group_page.dart
DA:25,2
DA:33,2
DA:34,2
DA:49,2
DA:51,4
DA:52,4
DA:53,2
DA:56,2
DA:58,2
DA:59,8
DA:60,8
DA:61,4
DA:62,8
DA:63,8
DA:64,10
DA:65,10
DA:69,2
DA:71,2
DA:72,2
DA:73,4
DA:74,4
DA:75,2
DA:77,2
DA:78,4
DA:79,4
DA:80,2
DA:81,2
DA:82,2
DA:83,1
DA:84,1
DA:85,2
DA:88,2
DA:91,2
DA:93,2
DA:95,4
DA:99,1
DA:100,2
DA:101,1
DA:102,2
DA:103,1
DA:107,4
DA:108,2
DA:110,2
DA:111,4
DA:112,2
DA:114,4
DA:115,4
DA:121,2
DA:124,0
DA:131,4
DA:132,10
DA:134,10
DA:136,2
DA:137,4
DA:140,2
DA:141,4
DA:142,4
DA:144,2
DA:145,1
DA:146,1
DA:147,2
DA:148,2
DA:150,1
DA:151,2
DA:157,2
DA:159,2
DA:161,4
DA:165,2
DA:166,6
DA:168,4
DA:169,2
DA:170,1
DA:171,1
DA:172,1
DA:178,2
DA:179,2
DA:181,2
DA:183,2
DA:185,2
DA:187,2
DA:188,2
DA:189,0
DA:190,0
DA:191,0
DA:192,0
DA:193,0
DA:194,0
DA:196,0
DA:197,0
DA:198,0
DA:199,0
DA:200,0
DA:207,2
DA:208,8
DA:209,0
DA:212,2
DA:213,6
DA:214,2
DA:218,2
DA:219,0
DA:222,2
DA:223,4
DA:224,2
DA:228,2
DA:229,6
DA:230,2
DA:234,2
DA:235,0
DA:238,2
DA:239,4
DA:240,2
DA:244,2
DA:245,2
DA:246,2
DA:247,4
DA:249,2
DA:250,2
DA:251,2
DA:255,2
DA:256,4
DA:257,2
DA:258,4
DA:259,0
DA:260,0
DA:261,0
DA:262,0
DA:264,0
DA:268,2
DA:270,6
DA:274,2
DA:278,2
DA:282,2
DA:283,4
DA:284,2
DA:285,1
DA:289,2
DA:290,1
DA:291,2
DA:292,1
DA:298,2
DA:302,2
DA:303,2
DA:307,2
DA:308,2
DA:309,2
DA:310,4
DA:311,2
DA:326,2
DA:327,2
DA:328,6
DA:329,4
DA:330,4
DA:331,2
DA:332,6
DA:333,2
DA:335,2
DA:337,2
DA:338,2
DA:339,10
DA:340,2
LF:160
LH:140
end_of_record
SF:lib/utils/group_helper.dart
DA:4,2
DA:6,2
DA:7,2
DA:10,4
DA:11,0
DA:14,2
DA:15,2
DA:18,4
DA:19,0
DA:25,2
DA:26,2
DA:28,2
DA:29,2
DA:31,2
DA:32,2
DA:33,2
DA:36,2
DA:37,4
LF:18
LH:16
end_of_record
SF:lib/pages/chats/groups/group_info_page.dart
DA:31,2
DA:41,2
DA:42,2
DA:52,2
DA:54,6
DA:55,2
DA:56,2
DA:57,4
DA:58,6
DA:62,2
DA:63,14
DA:64,4
DA:65,2
DA:70,2
DA:72,2
DA:73,2
DA:75,2
DA:77,0
DA:78,0
DA:79,0
DA:80,0
DA:81,0
DA:82,0
DA:83,0
DA:84,0
DA:85,0
DA:86,0
DA:87,0
DA:91,0
DA:93,2
DA:94,4
DA:96,2
DA:98,2
DA:99,4
DA:101,4
DA:102,10
DA:103,2
DA:105,2
DA:106,4
DA:107,4
DA:108,1
DA:110,2
DA:111,2
DA:115,1
DA:117,1
DA:118,2
DA:119,1
DA:121,2
DA:125,2
DA:126,1
DA:130,2
DA:132,2
DA:135,4
DA:141,2
DA:142,2
DA:144,2
DA:146,2
DA:148,2
DA:149,2
DA:152,2
DA:153,2
DA:154,2
DA:156,2
DA:157,2
DA:158,4
DA:161,2
DA:162,4
DA:171,2
DA:174,4
DA:175,6
DA:178,2
DA:180,2
DA:181,2
DA:182,2
DA:184,2
DA:185,2
DA:188,2
DA:190,2
DA:192,2
DA:193,2
DA:194,2
DA:195,2
DA:201,2
DA:204,2
DA:207,2
DA:208,2
DA:209,2
DA:210,2
DA:211,2
DA:214,2
DA:223,2
DA:224,4
DA:234,12
DA:235,2
DA:236,2
DA:237,6
DA:238,2
DA:239,2
DA:241,2
DA:242,2
DA:243,2
DA:246,4
DA:252,2
DA:253,2
DA:254,4
DA:256,2
DA:257,4
DA:259,2
DA:260,6
DA:269,2
DA:272,4
DA:277,2
DA:278,4
DA:280,2
DA:281,2
DA:282,4
DA:283,4
DA:284,1
DA:286,2
DA:287,2
DA:289,2
DA:290,1
DA:296,2
DA:297,1
DA:298,2
DA:299,1
DA:301,2
DA:303,2
DA:304,1
DA:309,1
DA:311,2
DA:316,2
DA:317,2
DA:318,4
DA:319,4
DA:320,2
DA:321,2
DA:323,2
DA:324,2
DA:325,2
DA:328,4
DA:334,2
DA:335,2
DA:336,4
DA:338,2
DA:339,4
DA:341,2
DA:342,6
DA:351,2
DA:354,4
DA:359,2
DA:360,4
DA:362,2
DA:363,2
DA:364,4
DA:365,4
DA:369,2
DA:370,1
DA:371,1
DA:373,2
DA:377,2
DA:378,1
DA:379,2
DA:382,1
DA:384,1
DA:386,2
DA:394,2
DA:395,2
DA:396,4
DA:397,4
DA:398,2
DA:399,2
DA:401,2
DA:402,2
DA:403,2
DA:406,4
DA:412,2
DA:413,2
DA:414,4
DA:416,2
DA:417,4
DA:419,2
DA:420,6
DA:429,2
DA:432,4
DA:437,2
DA:438,4
DA:440,2
DA:441,2
DA:442,4
DA:443,4
DA:444,1
DA:448,2
DA:449,1
DA:451,2
DA:455,2
DA:456,1
DA:457,2
DA:458,1
DA:462,1
DA:464,2
DA:472,2
DA:473,2
DA:474,4
DA:475,4
DA:476,2
DA:477,2
DA:479,2
DA:480,2
DA:481,2
DA:484,4
DA:490,2
DA:491,2
DA:492,4
DA:494,2
DA:495,4
DA:497,2
DA:498,6
DA:507,2
DA:510,4
DA:515,2
DA:516,4
DA:518,2
DA:519,2
DA:520,4
DA:521,4
DA:522,1
DA:526,2
DA:527,1
DA:529,2
DA:533,2
DA:534,1
DA:535,2
DA:536,1
DA:540,1
DA:542,2
DA:550,2
DA:551,2
DA:552,2
DA:553,2
DA:554,0
DA:555,0
DA:556,0
DA:570,2
DA:573,2
DA:576,2
DA:577,2
DA:578,2
DA:596,2
DA:597,2
DA:601,6
DA:602,2
DA:603,2
DA:604,10
DA:605,2
DA:606,4
DA:607,2
DA:608,4
DA:610,4
DA:611,2
DA:612,2
DA:613,2
DA:615,4
DA:620,2
DA:621,2
DA:622,2
DA:624,2
DA:625,2
DA:629,2
DA:632,2
DA:633,2
DA:634,2
DA:635,2
DA:639,2
DA:640,0
DA:642,2
DA:644,8
DA:645,2
DA:646,2
DA:647,2
DA:648,2
DA:663,2
DA:673,2
DA:674,2
DA:676,2
DA:677,2
DA:680,2
DA:681,2
DA:682,2
DA:683,4
DA:687,2
DA:688,2
DA:689,4
DA:690,4
DA:692,2
DA:694,4
DA:695,2
DA:696,3
DA:699,4
LF:299
LH:283
end_of_record
SF:lib/pages/invite_page.dart
DA:14,4
DA:23,4
DA:24,4
DA:31,4
DA:33,20
DA:34,4
DA:37,4
DA:39,12
DA:41,20
DA:42,4
DA:43,4
DA:44,4
DA:45,3
DA:46,6
DA:47,3
DA:48,6
DA:52,4
DA:54,4
DA:56,8
DA:59,8
DA:61,4
DA:62,4
DA:63,4
DA:65,4
DA:66,4
DA:68,1
DA:69,2
DA:70,3
DA:76,4
DA:77,4
DA:78,4
DA:79,0
DA:80,4
DA:81,4
DA:82,3
DA:85,3
DA:86,3
DA:87,3
DA:88,9
DA:90,0
DA:92,3
DA:100,2
DA:101,1
DA:102,1
DA:103,4
DA:104,1
DA:106,1
DA:107,1
DA:109,1
DA:110,3
DA:112,0
DA:113,1
DA:120,1
DA:121,1
DA:122,1
DA:123,1
DA:124,1
DA:125,1
DA:126,5
DA:127,1
DA:128,1
DA:131,2
DA:135,1
DA:137,1
DA:139,2
DA:140,4
DA:155,4
DA:157,4
LF:68
LH:65
end_of_record
SF:lib/pages/image_crop_page.dart
DA:14,1
DA:23,1
DA:24,1
DA:31,1
DA:33,1
DA:34,3
DA:35,4
DA:36,3
DA:39,1
DA:40,2
DA:47,0
DA:48,0
DA:49,0
DA:50,0
DA:53,1
DA:54,3
DA:58,1
DA:60,1
DA:61,1
DA:62,1
DA:64,2
DA:65,1
DA:67,1
DA:68,4
DA:72,1
DA:73,0
DA:74,0
DA:76,1
DA:77,1
DA:78,1
DA:80,4
DA:83,1
DA:85,1
DA:87,1
DA:89,4
DA:95,2
DA:97,2
DA:98,1
DA:100,1
DA:101,1
DA:102,1
DA:103,4
DA:104,0
DA:105,3
DA:106,4
DA:107,0
DA:108,3
DA:109,2
DA:110,0
DA:111,0
DA:114,1
DA:119,1
DA:122,1
DA:123,0
DA:124,0
DA:125,0
DA:126,0
DA:127,0
DA:130,1
DA:132,4
DA:141,1
DA:142,2
DA:143,1
DA:144,0
DA:145,1
DA:146,0
DA:148,2
DA:152,1
DA:153,1
DA:154,1
DA:155,2
DA:156,1
DA:157,1
DA:158,1
DA:159,2
DA:160,1
DA:162,1
DA:163,1
DA:164,1
DA:166,1
DA:168,1
DA:170,4
DA:174,1
DA:175,1
DA:176,1
DA:177,1
DA:183,0
DA:184,0
DA:185,0
DA:186,0
DA:187,0
DA:189,0
DA:193,1
DA:194,1
DA:195,1
DA:196,4
DA:197,0
DA:198,0
DA:205,1
DA:206,1
DA:207,1
DA:208,2
DA:209,1
DA:210,1
DA:211,0
DA:212,0
DA:213,0
DA:215,1
DA:216,1
DA:217,1
DA:219,1
DA:221,1
DA:223,4
DA:227,1
DA:228,1
DA:229,1
DA:230,2
DA:232,1
DA:233,1
DA:234,1
DA:236,1
DA:238,1
DA:240,4
DA:245,1
DA:246,1
DA:247,1
DA:248,4
DA:249,0
DA:250,0
LF:129
LH:99
end_of_record
SF:lib/widgets/create_image_widget.dart
DA:7,19
DA:8,19
DA:9,19
DA:10,19
DA:12,14
DA:15,19
DA:17,14
DA:21,19
DA:22,1
DA:26,18
DA:34,12
DA:35,12
DA:36,12
DA:40,12
DA:41,0
DA:45,12
DA:53,8
DA:54,8
DA:55,8
DA:59,8
DA:60,0
DA:64,8
DA:72,4
DA:73,4
DA:74,4
DA:78,4
DA:79,0
DA:83,4
DA:91,2
DA:92,2
DA:93,2
DA:97,2
DA:98,0
DA:102,2
DA:110,2
DA:111,2
DA:112,2
DA:116,2
DA:117,0
DA:121,2
DA:129,5
DA:132,5
DA:135,5
DA:136,5
DA:144,5
DA:145,0
DA:152,0
LF:47
LH:40
end_of_record
SF:lib/pages/chats/groups/group_chat_page.dart
DA:35,2
DA:47,2
DA:48,2
DA:63,2
DA:65,6
DA:66,6
DA:67,2
DA:68,2
DA:71,2
DA:72,10
DA:75,2
DA:77,2
DA:78,2
DA:79,2
DA:80,2
DA:82,2
DA:83,4
DA:84,2
DA:85,1
DA:86,2
DA:87,1
DA:88,2
DA:89,1
DA:90,2
DA:91,2
DA:92,2
DA:97,0
DA:98,0
DA:102,3
DA:103,1
DA:104,1
DA:105,2
DA:106,2
DA:107,1
DA:108,2
DA:109,2
DA:115,2
DA:116,2
DA:117,6
DA:119,2
DA:120,2
DA:121,8
DA:122,6
DA:123,2
DA:126,8
DA:133,4
DA:134,4
DA:136,1
DA:138,1
DA:139,2
DA:141,1
DA:142,2
DA:145,2
DA:146,2
DA:147,2
DA:148,2
DA:150,2
DA:158,2
DA:159,2
DA:160,2
DA:161,2
DA:162,2
DA:163,2
DA:164,2
DA:165,4
DA:169,4
DA:177,2
DA:178,2
DA:180,6
DA:181,2
DA:182,4
DA:183,4
DA:185,4
DA:189,8
DA:191,4
DA:192,2
DA:193,4
DA:199,2
DA:200,4
DA:201,4
DA:203,4
DA:204,3
DA:205,1
DA:206,1
DA:207,2
DA:208,2
DA:209,2
DA:210,2
DA:215,3
DA:216,1
DA:217,2
DA:218,1
DA:220,2
DA:221,2
DA:227,2
DA:228,4
DA:230,2
DA:232,2
DA:233,4
DA:234,2
DA:237,2
DA:238,6
DA:239,10
DA:240,2
DA:241,2
DA:242,2
DA:243,2
DA:246,2
DA:248,2
DA:250,2
DA:251,2
DA:256,8
DA:257,4
DA:258,8
DA:259,2
DA:260,4
DA:261,2
DA:267,2
DA:268,4
DA:269,2
DA:271,2
DA:272,4
DA:273,2
DA:274,4
DA:275,2
DA:279,2
DA:281,6
DA:282,10
DA:283,2
DA:284,2
DA:285,2
DA:286,2
DA:289,2
DA:291,2
DA:293,2
DA:294,2
DA:299,8
DA:300,4
DA:301,8
DA:302,2
DA:303,4
DA:304,2
DA:309,4
DA:310,4
DA:314,2
DA:315,2
DA:316,2
DA:317,2
DA:318,2
DA:319,2
DA:323,4
DA:324,2
DA:325,4
DA:330,2
DA:331,6
DA:334,2
DA:335,8
DA:338,2
DA:339,2
DA:340,12
DA:341,2
DA:344,2
DA:346,2
DA:347,2
DA:348,2
DA:349,2
DA:351,2
DA:352,2
DA:353,2
DA:354,2
DA:355,2
DA:358,2
DA:360,2
DA:361,2
DA:362,2
DA:363,2
DA:364,2
DA:370,2
DA:371,2
DA:373,6
DA:374,2
DA:375,2
DA:376,0
DA:377,0
DA:380,2
DA:381,4
DA:382,4
DA:383,4
DA:385,2
DA:394,2
DA:400,2
DA:401,6
DA:402,2
DA:403,2
DA:404,2
DA:406,2
DA:407,4
DA:408,2
DA:410,2
DA:411,2
DA:417,8
DA:418,4
DA:419,8
DA:420,4
DA:421,4
DA:426,2
DA:427,4
DA:428,4
DA:429,2
DA:430,2
DA:431,2
DA:432,2
DA:433,4
DA:437,6
DA:440,2
DA:442,4
DA:443,0
DA:445,2
DA:448,2
DA:449,2
DA:450,2
DA:451,2
DA:452,2
DA:453,2
DA:455,2
DA:458,2
DA:460,2
DA:461,2
DA:462,2
DA:463,4
DA:466,0
DA:467,0
DA:470,2
DA:471,2
DA:472,2
DA:478,2
LF:236
LH:229
end_of_record
SF:lib/pages/events/create_event_page.dart
DA:30,3
DA:39,3
DA:40,3
DA:63,3
DA:65,6
DA:66,6
DA:67,6
DA:68,6
DA:69,6
DA:70,3
DA:73,3
DA:75,6
DA:76,16
DA:79,6
DA:82,12
DA:83,12
DA:85,3
DA:88,0
DA:89,0
DA:90,0
DA:91,0
DA:92,0
DA:93,0
DA:96,0
DA:98,0
DA:99,0
DA:101,0
DA:108,0
DA:109,0
DA:111,0
DA:112,0
DA:113,0
DA:114,0
DA:115,0
DA:116,0
DA:117,0
DA:120,0
DA:121,0
DA:122,0
DA:123,0
DA:124,0
DA:126,0
DA:130,3
DA:132,9
DA:133,3
DA:134,3
DA:135,6
DA:136,3
DA:137,6
DA:138,2
DA:139,4
DA:140,4
DA:141,1
DA:142,2
DA:143,2
DA:144,2
DA:146,1
DA:147,1
DA:148,2
DA:151,2
DA:155,3
DA:157,3
DA:158,6
DA:161,3
DA:163,3
DA:164,3
DA:165,3
DA:167,3
DA:169,3
DA:172,3
DA:174,3
DA:175,3
DA:176,0
DA:177,3
DA:178,0
DA:179,0
DA:185,3
DA:186,0
DA:187,0
DA:188,0
DA:189,0
DA:192,0
DA:193,0
DA:195,0
DA:196,0
DA:197,0
DA:204,3
DA:205,3
DA:208,3
DA:210,6
DA:211,3
DA:215,3
DA:216,0
DA:217,3
DA:218,0
DA:219,0
DA:220,3
DA:225,3
DA:226,0
DA:229,3
DA:231,6
DA:232,3
DA:235,3
DA:236,3
DA:239,3
DA:240,9
DA:241,12
DA:243,3
DA:245,3
DA:246,0
DA:247,0
DA:248,0
DA:249,0
DA:252,0
DA:253,0
DA:254,0
DA:257,0
DA:258,0
DA:259,0
DA:262,0
DA:263,0
DA:264,0
DA:267,0
DA:268,0
DA:269,0
DA:272,3
DA:274,3
DA:275,3
DA:276,0
DA:277,0
DA:278,0
DA:281,0
DA:282,0
DA:283,0
DA:290,3
DA:291,3
DA:292,3
DA:294,6
DA:296,3
DA:297,3
DA:298,3
DA:307,0
DA:308,0
DA:309,0
DA:310,0
DA:311,0
DA:312,0
DA:313,0
DA:314,0
DA:315,0
DA:317,0
DA:328,3
DA:332,3
DA:341,0
DA:342,0
DA:343,0
DA:344,0
DA:345,0
DA:352,3
DA:356,3
DA:357,3
DA:358,3
DA:359,3
DA:366,3
DA:368,3
DA:369,3
DA:370,0
DA:371,0
DA:372,0
DA:382,3
DA:384,3
DA:385,3
DA:386,0
DA:387,0
DA:390,6
DA:391,3
DA:414,0
DA:415,0
DA:416,0
DA:418,0
DA:419,0
DA:420,0
DA:422,0
DA:423,0
DA:426,0
DA:427,0
DA:428,0
DA:429,0
DA:438,0
DA:440,0
DA:441,0
DA:443,0
DA:445,0
DA:446,0
DA:447,0
DA:448,0
DA:449,0
DA:450,0
DA:451,0
DA:452,0
DA:453,0
DA:454,0
DA:455,0
DA:458,0
DA:459,0
DA:460,0
DA:461,0
DA:462,0
DA:463,0
DA:465,0
DA:466,0
DA:467,0
DA:470,0
DA:471,0
DA:483,0
DA:484,0
DA:485,0
DA:486,0
DA:487,0
DA:488,0
DA:493,0
DA:494,0
DA:495,0
DA:498,0
DA:500,0
DA:501,0
DA:506,0
DA:507,0
DA:508,0
DA:509,0
DA:510,0
DA:512,0
DA:513,0
DA:514,0
DA:516,0
DA:517,0
DA:519,0
LF:237
LH:93
end_of_record
SF:lib/services/event_service.dart
DA:10,0
DA:12,0
DA:19,0
DA:20,0
DA:21,0
DA:22,0
DA:23,0
DA:24,0
DA:30,0
DA:34,0
DA:37,0
DA:40,0
DA:42,0
DA:44,0
DA:45,0
DA:46,0
DA:47,0
DA:48,0
DA:49,0
DA:50,0
DA:51,0
DA:53,0
DA:54,0
DA:55,0
DA:59,0
DA:64,1
DA:70,1
DA:71,1
DA:74,2
DA:75,0
DA:78,1
DA:79,0
DA:82,2
DA:83,0
DA:86,3
DA:87,1
DA:88,2
DA:91,0
DA:92,0
DA:93,0
DA:94,0
DA:97,0
DA:98,0
DA:99,0
DA:100,0
DA:103,0
DA:104,0
DA:105,0
DA:106,0
DA:109,0
DA:110,0
DA:111,0
DA:112,0
DA:115,0
DA:116,0
DA:117,0
DA:118,0
DA:122,0
DA:123,0
DA:124,0
DA:127,0
DA:128,0
DA:129,0
DA:132,0
DA:133,0
DA:134,0
DA:135,0
DA:142,0
DA:144,0
DA:145,0
DA:146,0
DA:147,0
DA:148,0
DA:151,0
DA:152,0
DA:153,0
DA:154,0
DA:155,0
DA:158,1
DA:159,1
DA:161,1
DA:162,1
DA:164,1
DA:165,1
DA:166,1
DA:169,1
DA:170,2
LF:87
LH:18
end_of_record
SF:lib/services/storage_service.dart
DA:5,0
DA:8,0
DA:9,0
DA:10,0
DA:12,0
DA:16,0
DA:17,0
DA:18,0
DA:20,0
DA:21,0
DA:23,0
LF:11
LH:0
end_of_record
SF:lib/utils/date_util.dart
DA:6,8
DA:8,16
DA:9,8
DA:11,8
DA:12,8
DA:13,8
DA:14,0
DA:15,8
DA:16,32
DA:19,2
DA:21,4
DA:22,2
DA:24,2
DA:25,2
DA:26,2
DA:27,0
DA:28,2
DA:29,10
DA:32,8
DA:33,8
DA:35,7
DA:36,0
DA:42,8
DA:43,16
DA:46,8
DA:47,16
DA:50,2
DA:51,8
DA:54,2
DA:55,2
DA:56,8
DA:57,2
DA:59,6
DA:60,6
DA:61,0
DA:63,6
DA:64,6
DA:65,0
DA:68,4
DA:72,0
DA:74,0
DA:76,0
DA:78,0
DA:80,0
DA:82,0
DA:84,0
DA:86,0
DA:88,0
DA:90,0
DA:92,0
DA:94,0
DA:96,0
DA:103,2
DA:104,2
DA:106,4
DA:108,8
DA:111,2
DA:113,2
DA:114,0
DA:116,4
LF:60
LH:41
end_of_record
SF:lib/widgets/chats/banner_message.dart
DA:8,3
DA:14,3
DA:16,3
DA:17,6
DA:18,7
DA:20,3
DA:22,3
DA:25,3
DA:27,6
DA:28,3
DA:30,3
DA:32,3
DA:33,3
DA:34,3
DA:36,6
DA:38,1
DA:40,2
DA:43,3
DA:44,3
DA:46,9
LF:20
LH:20
end_of_record
SF:lib/widgets/chats/input_bar.dart
DA:16,5
DA:30,5
DA:32,5
DA:34,5
DA:35,5
DA:36,5
DA:37,5
DA:38,5
DA:40,2
DA:41,4
DA:42,4
DA:48,5
DA:49,5
DA:50,5
DA:51,5
DA:52,5
DA:55,5
DA:57,5
DA:59,5
DA:60,5
DA:61,5
DA:63,5
DA:65,5
DA:66,5
DA:67,5
DA:68,1
DA:69,2
DA:75,5
DA:76,5
DA:87,5
DA:88,5
DA:90,5
DA:91,5
LF:33
LH:33
end_of_record
SF:lib/widgets/chats/options_menu.dart
DA:10,3
DA:19,3
DA:21,3
DA:22,3
DA:23,3
DA:24,3
DA:25,0
DA:26,0
DA:28,3
DA:33,3
DA:35,7
DA:37,3
DA:41,3
DA:43,3
DA:44,3
DA:45,3
DA:46,3
DA:47,3
DA:48,3
DA:49,3
DA:50,6
DA:51,3
DA:53,3
DA:54,3
DA:55,3
DA:56,3
DA:57,3
DA:63,3
DA:64,1
DA:65,2
DA:66,2
DA:68,3
DA:69,3
DA:70,3
DA:71,6
DA:72,3
DA:74,3
DA:75,3
DA:76,3
DA:77,3
DA:78,3
DA:84,3
DA:85,3
DA:86,3
DA:87,3
DA:88,3
DA:89,6
DA:90,3
DA:92,3
DA:93,3
DA:94,3
DA:95,3
DA:96,3
LF:53
LH:51
end_of_record
SF:lib/widgets/messages/event_message_tile.dart
DA:20,3
DA:26,3
DA:27,3
DA:31,3
DA:33,21
DA:34,3
DA:37,3
DA:39,21
DA:40,9
DA:41,3
DA:42,3
DA:43,3
DA:44,0
DA:46,0
DA:50,3
DA:51,3
DA:52,3
DA:53,3
DA:56,9
DA:57,9
DA:59,9
DA:62,3
DA:64,9
DA:67,3
DA:68,9
DA:69,0
DA:70,0
DA:72,0
DA:74,0
DA:75,0
DA:80,3
DA:81,9
DA:86,3
DA:87,9
DA:98,9
DA:99,6
DA:102,3
DA:104,3
DA:105,9
DA:106,0
DA:107,0
DA:109,0
DA:110,0
DA:111,0
DA:113,0
DA:115,0
DA:118,0
DA:123,3
DA:124,3
DA:125,3
DA:126,0
DA:127,0
DA:128,0
DA:129,0
DA:130,0
DA:131,0
DA:132,0
DA:137,3
DA:140,3
DA:141,3
DA:142,3
DA:145,3
DA:147,3
DA:148,3
DA:152,3
DA:153,9
DA:161,3
DA:163,3
DA:164,3
DA:168,3
DA:169,9
DA:187,3
DA:188,9
DA:189,9
DA:190,9
DA:192,0
DA:194,0
DA:195,3
DA:198,3
DA:199,3
DA:200,3
DA:202,12
DA:203,3
DA:204,3
DA:205,9
DA:212,3
DA:213,6
DA:223,6
DA:224,6
DA:225,6
DA:226,3
DA:228,3
DA:229,9
DA:232,3
DA:233,9
DA:238,3
DA:239,6
DA:240,9
DA:255,4
DA:256,4
LF:100
LH:76
end_of_record
SF:lib/widgets/messages/image_message_tile.dart
DA:17,3
DA:26,3
DA:28,3
DA:29,0
DA:31,0
DA:32,0
DA:33,0
DA:35,0
DA:36,0
DA:37,0
DA:38,0
DA:40,0
DA:41,0
DA:42,0
DA:43,0
DA:44,0
DA:49,3
DA:50,3
DA:51,3
DA:52,3
DA:55,6
DA:56,6
DA:58,6
DA:61,3
DA:63,6
DA:66,3
DA:67,6
DA:68,0
DA:70,0
DA:71,0
DA:73,0
DA:74,0
DA:80,3
DA:81,6
DA:85,3
DA:86,6
DA:97,6
DA:98,6
DA:101,3
DA:104,3
DA:105,6
DA:106,0
DA:108,0
DA:110,0
DA:111,0
DA:113,0
DA:115,0
DA:118,0
DA:123,3
DA:125,3
DA:126,3
DA:127,6
DA:128,6
DA:140,3
DA:141,6
DA:142,6
DA:143,6
DA:145,0
DA:147,0
DA:148,3
DA:149,3
DA:150,3
DA:151,3
DA:153,12
DA:154,3
DA:155,6
DA:162,3
DA:163,3
DA:164,3
LF:69
LH:42
end_of_record
SF:lib/widgets/messages/news_message_tile.dart
DA:14,3
DA:21,3
DA:23,3
DA:24,0
DA:26,0
DA:27,0
DA:30,3
DA:31,3
DA:32,3
DA:33,3
DA:36,6
DA:37,6
DA:39,6
DA:42,3
DA:44,6
DA:47,3
DA:48,6
DA:49,0
DA:51,0
DA:52,0
DA:54,0
DA:55,0
DA:61,3
DA:62,6
DA:67,3
DA:68,6
DA:79,6
DA:80,6
DA:83,3
DA:85,3
DA:86,6
DA:87,0
DA:89,0
DA:90,0
DA:91,0
DA:93,0
DA:95,0
DA:98,0
DA:103,3
DA:104,3
DA:105,3
DA:106,0
DA:108,0
DA:109,0
DA:110,0
DA:111,0
DA:112,0
DA:113,0
DA:114,0
DA:115,0
DA:116,0
DA:121,3
DA:123,3
DA:124,3
DA:126,3
DA:127,12
DA:131,3
DA:132,6
DA:140,3
DA:142,3
DA:143,12
DA:147,3
DA:148,6
DA:155,3
DA:156,12
DA:157,6
DA:172,3
DA:173,6
DA:174,6
DA:175,6
DA:177,0
DA:179,0
DA:180,3
DA:183,3
DA:184,3
DA:185,3
DA:187,12
DA:188,3
DA:189,6
DA:196,3
DA:197,3
DA:198,3
LF:82
LH:55
end_of_record
SF:lib/widgets/messages/text_message_tile.dart
DA:14,3
DA:23,3
DA:25,3
DA:26,2
DA:27,4
DA:28,6
DA:29,6
DA:31,3
DA:32,3
DA:33,3
DA:34,3
DA:37,6
DA:38,6
DA:40,6
DA:43,3
DA:46,6
DA:49,3
DA:50,8
DA:51,1
DA:53,2
DA:54,1
DA:55,2
DA:60,3
DA:61,3
DA:63,3
DA:64,3
DA:65,3
DA:66,3
DA:67,12
DA:72,3
DA:73,6
DA:84,6
DA:85,4
DA:88,3
DA:90,3
DA:91,8
DA:92,1
DA:94,1
DA:95,1
DA:96,1
DA:98,1
DA:100,2
DA:103,1
DA:108,3
DA:109,6
DA:111,3
DA:112,6
DA:123,3
DA:126,3
DA:128,3
DA:131,3
DA:132,3
DA:133,3
DA:135,9
DA:136,3
DA:137,3
DA:138,6
DA:145,3
DA:146,3
DA:147,3
LF:60
LH:60
end_of_record
SF:lib/pages/chats/groups/group_requests_page.dart
DA:18,2
DA:28,2
DA:29,2
DA:36,2
DA:38,6
DA:39,6
DA:40,2
DA:43,2
DA:45,2
DA:46,2
DA:47,2
DA:50,2
DA:52,10
DA:53,4
DA:54,4
DA:56,2
DA:57,2
DA:58,1
DA:59,2
DA:60,1
DA:64,1
DA:65,2
DA:70,2
DA:71,4
DA:72,2
DA:73,4
DA:74,2
DA:75,2
DA:76,2
DA:77,2
DA:78,2
DA:79,2
DA:83,4
DA:86,2
DA:87,2
DA:90,8
DA:93,2
DA:94,2
DA:96,4
DA:97,8
DA:99,2
DA:100,2
DA:102,2
DA:103,2
DA:106,2
DA:107,2
DA:109,6
DA:115,4
DA:116,4
DA:119,2
DA:121,2
DA:122,2
DA:123,4
DA:124,2
DA:135,2
DA:136,2
DA:137,4
DA:138,8
DA:139,4
DA:140,4
DA:143,2
DA:145,2
DA:146,2
DA:147,4
DA:148,2
LF:65
LH:65
end_of_record
SF:lib/pages/chats/show_events_page.dart
DA:26,2
DA:38,2
DA:40,2
DA:41,2
DA:42,4
DA:43,2
DA:45,2
DA:46,4
DA:48,2
DA:49,2
DA:50,2
DA:51,1
DA:52,3
DA:53,1
DA:54,1
DA:55,1
DA:56,1
DA:57,1
DA:58,1
DA:61,3
DA:62,1
DA:63,1
DA:64,1
DA:65,1
DA:66,1
DA:67,1
DA:71,2
DA:75,2
DA:76,4
DA:78,2
DA:79,2
DA:80,2
DA:81,4
DA:83,2
DA:85,4
DA:86,2
DA:87,4
DA:88,2
DA:90,2
DA:92,2
DA:93,2
DA:95,6
DA:97,0
DA:98,2
DA:99,2
DA:102,2
DA:103,2
DA:105,2
DA:108,4
DA:114,2
DA:117,2
DA:118,2
DA:119,2
DA:120,2
DA:122,2
DA:124,2
DA:125,2
DA:126,2
DA:127,2
DA:128,6
DA:129,2
DA:130,4
DA:134,2
DA:135,0
DA:137,2
DA:138,2
DA:139,2
DA:141,2
DA:142,2
DA:143,2
DA:144,2
DA:145,2
DA:148,2
DA:149,2
DA:153,2
DA:155,2
DA:156,2
DA:157,4
DA:159,2
DA:161,2
DA:170,2
DA:174,2
DA:176,2
DA:177,2
DA:178,4
DA:180,2
DA:182,2
DA:195,2
DA:196,4
DA:197,2
DA:198,4
DA:199,2
DA:200,2
DA:201,2
LF:94
LH:92
end_of_record
SF:lib/pages/chats/show_medias_page.dart
DA:25,2
DA:37,2
DA:39,2
DA:40,2
DA:41,4
DA:42,2
DA:44,2
DA:45,4
DA:47,2
DA:48,2
DA:49,2
DA:50,1
DA:51,3
DA:52,1
DA:53,1
DA:54,1
DA:55,1
DA:56,1
DA:57,1
DA:60,3
DA:61,1
DA:62,1
DA:63,1
DA:64,1
DA:65,1
DA:66,1
DA:71,2
DA:75,2
DA:76,4
DA:78,2
DA:79,2
DA:80,2
DA:81,4
DA:82,2
DA:84,4
DA:85,2
DA:86,4
DA:87,2
DA:89,2
DA:91,2
DA:92,2
DA:94,2
DA:95,2
DA:98,2
DA:99,2
DA:110,2
DA:119,2
DA:120,2
DA:121,2
DA:122,2
DA:123,2
DA:124,2
DA:125,2
DA:129,0
DA:131,0
DA:133,2
DA:138,2
DA:140,2
DA:141,2
DA:142,3
DA:143,1
DA:144,1
DA:145,1
DA:146,1
DA:147,1
DA:149,1
DA:150,2
DA:151,1
DA:152,1
DA:154,1
DA:157,2
DA:158,1
DA:159,2
DA:160,1
DA:161,1
DA:162,1
DA:163,1
DA:164,1
DA:166,1
DA:167,2
DA:168,1
DA:169,1
DA:171,1
LF:83
LH:81
end_of_record
SF:lib/pages/chats/show_news_page.dart
DA:24,2
DA:36,2
DA:38,2
DA:39,2
DA:40,4
DA:41,2
DA:43,2
DA:44,4
DA:46,2
DA:47,2
DA:48,2
DA:49,1
DA:50,3
DA:51,1
DA:52,1
DA:53,1
DA:54,1
DA:55,1
DA:56,1
DA:59,3
DA:60,1
DA:61,1
DA:62,1
DA:63,1
DA:64,1
DA:65,1
DA:70,1
DA:73,2
DA:74,4
DA:76,2
DA:77,2
DA:78,2
DA:79,4
DA:81,2
DA:83,4
DA:84,2
DA:85,4
DA:86,2
DA:87,2
DA:89,2
DA:90,2
DA:92,4
DA:93,2
DA:96,2
DA:97,2
DA:99,2
DA:102,4
DA:108,2
DA:111,2
DA:112,2
DA:113,2
DA:114,4
DA:115,2
DA:116,2
DA:117,2
DA:118,2
DA:119,2
DA:120,2
LF:58
LH:58
end_of_record
SF:lib/utils/category_util.dart
DA:6,21
DA:22,3
DA:23,1
DA:27,1
DA:31,1
DA:35,1
DA:39,1
DA:43,1
DA:47,1
DA:51,1
DA:55,1
DA:59,1
DA:63,1
DA:67,1
DA:71,1
DA:77,1
DA:78,2
DA:79,0
DA:85,8
DA:87,8
DA:89,8
DA:91,8
DA:93,8
DA:95,8
DA:97,8
DA:99,8
DA:101,8
DA:103,8
DA:105,8
DA:107,8
DA:109,6
DA:111,6
LF:32
LH:31
end_of_record
SF:lib/widgets/notification_widget.dart
DA:6,3
DA:9,3
DA:10,3
DA:15,3
DA:17,9
DA:18,3
DA:21,3
DA:23,3
DA:25,3
DA:26,3
DA:27,3
DA:34,3
DA:36,3
DA:37,3
DA:38,1
DA:39,3
DA:40,2
DA:41,1
LF:18
LH:18
end_of_record
SF:lib/widgets/user_tile.dart
DA:16,7
DA:22,7
DA:23,7
DA:28,7
DA:30,49
DA:31,7
DA:34,7
DA:36,21
DA:37,7
DA:38,7
DA:39,7
DA:40,7
DA:41,0
DA:42,0
DA:43,0
DA:44,0
DA:45,0
DA:46,0
DA:47,0
DA:48,0
DA:50,0
DA:51,0
DA:52,0
DA:53,0
DA:55,0
DA:56,0
DA:61,7
DA:62,7
DA:63,28
DA:66,7
DA:67,7
DA:71,7
DA:72,21
DA:76,7
DA:77,21
DA:78,7
DA:81,28
DA:85,56
DA:86,7
DA:87,28
DA:94,47
DA:95,4
DA:96,0
DA:98,0
DA:99,0
DA:100,0
DA:102,0
DA:103,0
DA:104,0
DA:105,0
DA:107,0
DA:110,4
DA:112,4
DA:113,4
DA:114,8
DA:115,4
DA:119,4
DA:120,12
DA:122,9
DA:125,4
DA:127,16
DA:140,7
DA:142,7
LF:63
LH:40
end_of_record
SF:lib/widgets/start_messaging_widget.dart
DA:4,68
DA:6,2
LF:2
LH:2
end_of_record
SF:lib/pages/chats/media_view_page.dart
DA:22,2
DA:34,2
DA:35,2
DA:42,2
DA:44,6
DA:46,2
DA:47,18
DA:48,6
DA:49,2
DA:52,2
DA:54,2
DA:55,2
DA:56,6
DA:57,2
DA:58,6
DA:59,2
DA:60,2
DA:61,4
DA:62,2
DA:63,2
DA:64,4
DA:65,4
DA:66,2
DA:67,2
DA:68,2
DA:69,2
DA:70,2
DA:71,2
DA:72,1
DA:73,2
DA:77,2
DA:80,2
DA:82,8
DA:84,2
DA:85,2
DA:86,6
DA:87,2
DA:88,4
DA:90,2
DA:91,0
DA:93,0
DA:95,2
DA:96,2
DA:97,4
DA:98,6
DA:100,0
DA:106,2
DA:111,2
DA:112,2
DA:113,6
DA:114,2
DA:115,2
DA:116,2
DA:118,0
DA:120,0
DA:126,2
DA:127,2
DA:130,2
DA:131,2
DA:132,2
DA:133,10
DA:135,2
DA:138,2
DA:139,10
DA:145,2
DA:146,4
DA:147,2
DA:148,10
LF:68
LH:63
end_of_record
SF:lib/pages/chats/private_chats/private_chat_page.dart
DA:33,4
DA:45,4
DA:46,4
DA:59,4
DA:61,12
DA:63,4
DA:65,4
DA:68,4
DA:70,4
DA:71,4
DA:72,4
DA:73,2
DA:74,6
DA:75,4
DA:76,3
DA:77,2
DA:78,2
DA:79,2
DA:80,2
DA:81,2
DA:82,2
DA:83,2
DA:87,3
DA:88,1
DA:89,2
DA:90,2
DA:91,2
DA:92,2
DA:93,2
DA:94,2
DA:101,4
DA:102,4
DA:103,4
DA:104,12
DA:108,4
DA:109,4
DA:110,16
DA:112,4
DA:113,12
DA:120,8
DA:121,8
DA:122,3
DA:124,1
DA:125,2
DA:126,2
DA:129,3
DA:130,6
DA:134,4
DA:135,4
DA:136,4
DA:137,4
DA:139,4
DA:147,4
DA:148,4
DA:149,4
DA:150,4
DA:151,4
DA:152,4
DA:153,4
DA:154,4
DA:155,8
DA:162,2
DA:163,4
DA:164,2
DA:166,2
DA:167,4
DA:168,2
DA:171,2
DA:173,6
DA:174,0
DA:175,6
DA:176,12
DA:177,2
DA:178,2
DA:179,2
DA:180,2
DA:183,2
DA:185,2
DA:187,2
DA:188,2
DA:193,10
DA:195,4
DA:196,6
DA:197,2
DA:198,4
DA:199,2
DA:205,2
DA:207,6
DA:209,2
DA:210,4
DA:211,2
DA:212,4
DA:213,2
DA:216,2
DA:217,6
DA:218,0
DA:220,6
DA:221,12
DA:222,2
DA:223,2
DA:224,2
DA:225,2
DA:228,2
DA:230,2
DA:232,2
DA:233,2
DA:238,10
DA:239,6
DA:240,4
DA:243,2
DA:244,4
DA:245,2
DA:250,4
DA:251,4
DA:255,4
DA:256,4
DA:257,4
DA:258,4
DA:259,4
DA:260,4
DA:264,8
DA:265,2
DA:266,4
DA:271,2
DA:272,6
DA:275,2
DA:276,8
DA:279,2
DA:280,2
DA:281,12
DA:282,2
DA:286,2
DA:288,2
DA:289,2
DA:290,2
DA:291,2
DA:293,2
DA:294,2
DA:295,2
DA:296,2
DA:297,2
DA:300,2
DA:302,2
DA:303,2
DA:304,2
DA:305,2
DA:306,2
DA:312,2
DA:313,4
DA:314,2
DA:315,2
DA:317,2
DA:318,2
DA:319,2
DA:322,4
DA:323,2
DA:324,2
DA:325,4
DA:327,0
DA:328,0
DA:331,4
DA:332,2
DA:333,2
DA:336,2
DA:345,4
DA:351,2
DA:352,2
DA:354,6
DA:355,2
DA:356,6
DA:357,4
DA:358,2
DA:359,2
DA:361,8
DA:363,4
DA:364,2
DA:365,4
DA:371,2
DA:372,6
DA:373,2
DA:374,2
DA:375,2
DA:378,2
DA:379,4
DA:380,2
DA:382,2
DA:383,2
DA:389,6
DA:390,0
DA:391,10
DA:392,6
DA:393,4
DA:397,4
DA:398,4
DA:403,4
DA:404,4
DA:405,16
DA:407,8
DA:408,4
DA:409,8
DA:410,12
DA:411,24
DA:417,2
DA:418,4
DA:419,4
DA:421,2
DA:422,2
DA:423,2
DA:425,6
DA:428,4
DA:430,6
DA:431,0
DA:433,6
DA:434,0
DA:436,4
LF:215
LH:208
end_of_record
SF:lib/pages/chats/private_chats/private_info_page.dart
DA:24,2
DA:34,2
DA:35,2
DA:42,2
DA:44,6
DA:45,2
DA:46,2
DA:49,2
DA:50,2
DA:51,8
DA:52,4
DA:53,4
DA:54,2
DA:59,2
DA:61,2
DA:62,2
DA:63,2
DA:64,0
DA:65,0
DA:66,0
DA:67,0
DA:68,0
DA:69,0
DA:70,0
DA:71,0
DA:72,0
DA:73,0
DA:74,0
DA:78,0
DA:80,2
DA:81,4
DA:83,2
DA:84,6
DA:85,4
DA:87,2
DA:88,2
DA:89,2
DA:91,2
DA:93,2
DA:94,2
DA:97,2
DA:98,2
DA:99,2
DA:101,2
DA:102,2
DA:104,2
DA:105,2
DA:106,6
DA:108,2
DA:109,6
DA:115,2
DA:116,14
DA:127,2
DA:128,4
DA:129,6
DA:130,2
DA:131,2
DA:133,2
DA:134,2
DA:135,2
DA:138,4
DA:144,2
DA:145,2
DA:146,4
DA:148,2
DA:149,4
DA:151,2
DA:152,6
DA:161,2
DA:164,4
DA:169,2
DA:170,4
DA:172,2
DA:175,2
DA:176,4
DA:177,4
DA:178,2
DA:181,2
DA:183,2
DA:184,1
DA:186,2
DA:190,2
DA:191,1
DA:192,2
DA:193,2
DA:197,2
DA:198,1
DA:200,2
DA:209,2
DA:210,4
DA:211,6
DA:212,2
DA:213,2
DA:215,2
DA:216,2
DA:217,2
DA:220,4
DA:226,2
DA:227,2
DA:228,4
DA:230,2
DA:231,4
DA:233,2
DA:234,6
DA:243,2
DA:246,4
DA:251,2
DA:252,4
DA:254,2
DA:257,2
DA:258,4
DA:259,4
DA:260,2
DA:263,2
DA:265,2
DA:266,1
DA:268,2
DA:273,2
DA:274,1
DA:275,2
DA:276,2
DA:280,2
DA:281,1
DA:283,2
DA:292,2
DA:293,4
DA:294,6
DA:295,2
DA:296,2
DA:298,2
DA:299,2
DA:300,2
DA:303,4
DA:309,2
DA:310,2
DA:311,4
DA:313,2
DA:314,4
DA:316,2
DA:317,6
DA:326,2
DA:329,4
DA:334,2
DA:335,4
DA:337,2
DA:340,2
DA:341,4
DA:342,4
DA:343,2
DA:346,2
DA:348,2
DA:349,1
DA:351,2
DA:356,2
DA:357,1
DA:358,2
DA:359,2
DA:363,2
DA:364,1
DA:366,2
DA:375,2
DA:376,2
DA:377,0
DA:378,0
DA:379,0
LF:165
LH:150
end_of_record
SF:lib/pages/events/event_page.dart
DA:18,5
DA:25,5
DA:26,5
DA:31,5
DA:33,30
DA:34,5
DA:37,5
DA:39,15
DA:40,15
DA:41,30
DA:42,5
DA:43,5
DA:44,5
DA:45,5
DA:47,10
DA:48,15
DA:49,5
DA:51,1
DA:52,6
DA:53,5
DA:54,1
DA:56,1
DA:57,2
DA:59,2
DA:60,2
DA:64,5
DA:66,5
DA:69,10
DA:74,5
DA:75,5
DA:76,10
DA:77,4
DA:78,8
DA:82,5
DA:84,5
DA:85,10
DA:88,5
DA:89,5
DA:90,5
DA:91,5
DA:93,5
DA:94,5
DA:96,5
DA:98,5
DA:99,10
DA:101,5
DA:103,5
DA:110,5
DA:111,20
DA:114,5
DA:115,5
DA:116,5
DA:117,5
DA:118,5
DA:120,5
DA:128,5
DA:129,5
DA:140,5
DA:143,10
DA:144,5
DA:145,10
DA:146,5
DA:148,5
DA:149,5
DA:150,5
DA:151,5
DA:152,5
DA:153,5
DA:155,5
DA:156,5
DA:158,5
DA:159,5
DA:161,5
DA:164,5
DA:165,5
DA:166,35
DA:168,5
DA:169,5
DA:176,5
DA:177,10
DA:178,10
DA:179,10
DA:180,10
DA:181,10
DA:182,10
DA:190,1
DA:191,2
DA:192,1
DA:193,2
DA:194,1
DA:195,1
DA:207,15
DA:208,5
DA:210,5
DA:211,5
DA:219,1
DA:220,1
DA:222,1
DA:223,1
DA:227,1
DA:228,1
DA:230,1
DA:231,1
DA:232,1
DA:234,1
DA:236,1
DA:237,1
DA:238,1
DA:242,1
DA:245,0
DA:258,1
DA:259,1
DA:260,2
DA:264,0
DA:267,1
DA:268,2
DA:269,2
DA:270,2
DA:271,1
DA:272,2
DA:273,2
DA:274,2
DA:275,1
DA:276,1
DA:277,1
DA:279,1
DA:280,1
DA:281,1
DA:291,1
DA:302,3
DA:305,0
DA:306,0
DA:307,0
DA:308,0
DA:309,0
DA:310,0
DA:311,0
DA:312,0
DA:316,0
DA:318,0
DA:319,0
DA:321,0
LF:142
LH:128
end_of_record
SF:lib/widgets/news/news_tile.dart
DA:10,3
DA:18,3
DA:20,3
DA:21,1
DA:22,1
DA:24,1
DA:25,2
DA:26,1
DA:27,1
DA:28,1
DA:29,1
DA:30,1
DA:33,3
DA:35,3
DA:37,3
DA:39,3
DA:40,6
DA:41,3
DA:45,6
DA:46,3
DA:47,3
DA:48,3
DA:49,0
DA:50,0
DA:52,0
DA:56,0
DA:58,0
DA:59,0
DA:63,3
DA:64,12
DA:68,12
DA:70,4
DA:71,8
DA:76,3
DA:77,3
DA:78,3
DA:79,12
DA:80,3
DA:81,3
DA:84,3
DA:85,3
DA:86,3
DA:87,3
DA:88,3
DA:96,3
DA:97,12
DA:98,3
DA:99,3
DA:102,3
DA:103,3
DA:104,3
DA:105,3
DA:106,3
LF:53
LH:47
end_of_record
SF:lib/pages/events/share_event_page.dart
DA:10,1
DA:14,1
DA:15,1
DA:23,1
DA:25,1
DA:26,1
DA:29,1
DA:31,4
DA:32,2
DA:33,1
DA:34,3
DA:38,1
DA:40,1
DA:41,1
DA:42,1
DA:43,2
DA:44,1
DA:45,3
DA:49,1
DA:50,1
DA:54,1
DA:60,1
DA:61,1
DA:64,2
DA:69,0
DA:70,0
DA:72,0
DA:73,0
DA:74,0
DA:75,0
DA:76,0
DA:77,0
DA:78,0
DA:80,0
DA:84,0
LF:35
LH:24
end_of_record
SF:lib/widgets/events/event_info_widget.dart
DA:22,4
DA:38,4
DA:40,4
DA:41,28
DA:42,4
DA:44,4
DA:45,4
DA:46,8
DA:48,4
DA:50,4
DA:51,4
DA:52,4
DA:53,4
DA:55,8
DA:57,4
DA:58,4
DA:59,4
DA:61,19
DA:62,3
DA:64,1
DA:67,4
DA:68,16
DA:70,2
DA:71,4
DA:83,4
DA:87,4
DA:88,4
DA:89,4
DA:91,8
DA:93,4
DA:94,4
DA:95,4
DA:97,19
DA:98,0
DA:100,0
DA:103,4
DA:104,16
DA:106,2
DA:107,4
DA:119,4
DA:123,4
DA:124,4
DA:125,4
DA:126,8
DA:128,4
DA:130,4
DA:131,4
DA:133,19
DA:134,3
DA:136,1
DA:139,4
DA:140,16
DA:142,2
DA:143,4
DA:154,4
DA:158,4
DA:159,4
DA:160,4
DA:162,8
DA:164,4
DA:166,4
DA:167,4
DA:169,19
DA:170,0
DA:172,0
DA:175,4
DA:176,16
DA:178,2
DA:179,4
DA:191,4
DA:195,4
DA:196,4
DA:197,4
DA:199,8
DA:201,4
DA:203,4
DA:204,4
DA:206,4
DA:207,4
DA:209,8
DA:211,0
DA:213,4
DA:214,4
DA:215,16
DA:217,4
DA:218,16
DA:220,4
DA:232,20
DA:233,4
DA:235,4
DA:236,4
DA:239,0
DA:240,0
DA:242,4
DA:243,4
DA:244,4
DA:246,4
DA:247,8
DA:258,4
DA:261,0
DA:262,0
DA:264,4
DA:266,4
DA:267,4
DA:269,4
DA:270,8
DA:283,8
DA:284,1
DA:287,1
DA:288,3
DA:290,1
DA:292,1
DA:293,1
DA:295,1
DA:296,2
DA:310,2
DA:313,2
DA:314,2
DA:315,4
DA:317,2
DA:318,2
DA:319,2
DA:320,2
DA:321,2
DA:322,8
DA:324,4
DA:325,8
DA:329,2
DA:330,8
DA:332,4
DA:333,8
DA:337,2
DA:338,8
DA:340,4
DA:341,8
DA:345,2
DA:346,8
DA:348,4
DA:349,8
DA:355,2
DA:357,2
DA:358,2
DA:359,2
DA:360,8
DA:362,2
DA:363,8
DA:365,8
DA:370,8
DA:371,1
DA:373,1
DA:374,1
DA:377,0
DA:378,0
DA:396,2
DA:397,0
DA:399,0
DA:400,0
DA:401,0
DA:424,3
DA:425,3
DA:426,15
DA:429,3
DA:430,3
DA:431,18
LF:164
LH:149
end_of_record
SF:lib/pages/events/location_page.dart
DA:9,0
DA:11,0
DA:12,0
DA:17,0
DA:19,0
DA:20,0
DA:23,0
DA:24,0
DA:25,0
DA:26,0
DA:29,0
DA:30,0
DA:31,0
DA:36,0
DA:38,0
DA:40,0
DA:41,0
DA:42,0
DA:43,0
DA:44,0
DA:49,0
DA:50,0
DA:51,0
DA:52,0
DA:53,0
DA:57,0
DA:58,0
DA:59,0
DA:60,0
DA:64,0
DA:65,0
DA:66,0
DA:67,0
DA:68,0
DA:69,0
DA:72,0
DA:73,0
DA:75,0
DA:81,0
DA:82,0
DA:86,0
DA:87,0
DA:88,0
DA:89,0
DA:90,0
DA:103,0
LF:46
LH:0
end_of_record
SF:lib/pages/events/detail_event_page.dart
DA:20,1
DA:25,1
DA:26,1
DA:31,1
DA:33,6
DA:34,1
DA:37,1
DA:39,3
DA:41,3
DA:42,6
DA:43,2
DA:44,2
DA:45,5
DA:46,0
DA:48,1
DA:49,1
DA:51,2
DA:52,1
DA:53,3
DA:54,1
DA:55,1
DA:56,2
DA:57,1
DA:58,5
DA:59,5
DA:60,5
DA:61,2
DA:66,1
DA:68,1
DA:70,1
DA:72,1
DA:73,1
DA:74,2
DA:78,3
DA:81,1
DA:82,2
DA:87,1
DA:89,4
DA:90,1
DA:91,1
DA:92,1
DA:93,1
DA:94,4
DA:95,1
DA:96,1
DA:98,1
DA:99,1
DA:101,1
DA:102,1
DA:103,1
DA:104,1
DA:105,0
DA:106,0
DA:110,0
DA:111,0
DA:112,0
DA:113,0
DA:118,0
DA:123,1
DA:124,2
DA:136,1
DA:141,1
DA:142,1
DA:143,1
DA:144,1
DA:145,1
DA:148,1
DA:149,1
DA:151,2
DA:159,1
DA:160,3
DA:161,3
DA:163,1
DA:164,1
DA:165,2
DA:166,1
DA:167,2
DA:168,2
DA:169,2
DA:170,1
DA:175,1
DA:176,3
DA:177,1
DA:178,1
DA:179,1
DA:180,1
DA:184,3
DA:185,3
DA:186,2
DA:187,2
DA:188,2
DA:189,2
DA:190,2
DA:192,1
DA:195,1
DA:197,3
DA:198,2
DA:199,2
DA:200,2
DA:201,2
DA:202,2
DA:204,0
DA:206,0
DA:207,0
DA:210,0
DA:211,0
DA:213,0
DA:214,0
DA:215,0
DA:216,0
DA:217,0
DA:218,0
DA:227,2
DA:228,1
DA:229,1
DA:230,1
DA:232,5
DA:233,5
DA:234,1
DA:235,3
DA:237,4
DA:238,2
DA:239,1
DA:240,1
DA:242,1
DA:243,1
DA:245,1
DA:246,1
DA:247,1
DA:249,1
DA:250,5
DA:251,5
DA:252,5
DA:253,2
DA:255,2
DA:264,1
DA:265,3
DA:267,3
DA:272,2
DA:273,3
DA:274,1
DA:276,1
DA:277,2
DA:278,1
DA:280,1
DA:282,2
DA:286,1
DA:287,1
DA:289,3
DA:291,1
DA:293,1
DA:294,2
DA:297,1
DA:300,0
DA:308,2
DA:309,3
DA:310,1
DA:311,3
DA:313,5
DA:314,5
DA:316,1
DA:317,2
DA:319,1
DA:320,2
DA:329,1
DA:330,1
DA:331,1
DA:332,2
DA:333,2
DA:334,1
DA:335,1
DA:336,1
DA:337,1
DA:338,2
DA:339,2
DA:340,2
DA:341,2
DA:342,2
DA:343,1
DA:344,2
DA:345,2
DA:346,2
DA:347,2
DA:348,2
DA:354,1
DA:355,1
DA:356,1
DA:357,1
DA:358,2
DA:360,1
DA:361,2
DA:369,1
DA:373,0
DA:374,0
DA:375,0
DA:380,2
DA:383,1
DA:385,0
LF:198
LH:174
end_of_record
SF:lib/pages/events/show_event_members_page.dart
DA:11,1
DA:18,1
DA:19,1
DA:24,1
DA:26,5
DA:27,6
DA:28,5
DA:29,1
DA:32,1
DA:34,6
DA:35,5
DA:36,1
DA:37,1
DA:38,1
DA:41,1
DA:42,2
DA:45,1
DA:46,3
DA:48,1
DA:49,1
DA:50,2
DA:51,5
DA:52,0
DA:54,1
DA:55,2
DA:56,1
DA:57,6
DA:59,1
DA:60,1
DA:61,1
DA:62,1
DA:64,1
DA:66,3
DA:70,4
DA:71,1
DA:73,1
DA:74,1
DA:75,1
DA:94,1
DA:99,0
DA:100,0
DA:102,1
DA:103,0
DA:108,0
DA:109,0
DA:114,1
DA:116,1
LF:47
LH:41
end_of_record
SF:lib/widgets/events/show_date_widget.dart
DA:7,2
DA:9,2
DA:11,2
DA:12,2
DA:13,2
DA:18,2
DA:21,2
DA:22,6
DA:26,2
DA:29,2
DA:30,12
DA:34,2
DA:37,2
DA:38,6
LF:14
LH:14
end_of_record
SF:lib/pages/events/edit_event_page.dart
DA:25,1
DA:32,1
DA:33,1
DA:51,1
DA:53,2
DA:54,2
DA:55,1
DA:58,1
DA:60,1
DA:61,5
DA:62,5
DA:63,4
DA:64,6
DA:65,6
DA:66,2
DA:68,5
DA:69,3
DA:72,1
DA:74,3
DA:75,1
DA:76,1
DA:77,2
DA:78,1
DA:80,0
DA:81,0
DA:83,1
DA:85,1
DA:87,2
DA:91,1
DA:93,1
DA:94,1
DA:96,2
DA:97,2
DA:98,3
DA:99,3
DA:102,1
DA:105,0
DA:113,1
DA:114,5
DA:115,0
DA:116,0
DA:117,0
DA:118,0
DA:119,3
DA:120,6
DA:124,1
DA:125,2
DA:129,1
DA:130,2
DA:134,1
DA:136,1
DA:139,2
DA:142,1
DA:144,1
DA:145,2
DA:148,2
DA:149,1
DA:150,1
DA:153,2
DA:154,1
DA:155,0
DA:156,0
DA:157,0
DA:158,0
DA:159,0
DA:161,0
DA:162,0
DA:163,0
DA:164,0
DA:165,0
DA:166,0
DA:173,1
DA:174,4
DA:175,0
DA:178,1
DA:179,3
DA:180,1
DA:184,1
DA:185,0
DA:188,1
DA:189,2
DA:190,1
DA:194,1
DA:195,3
DA:196,1
DA:200,1
DA:201,0
DA:204,1
DA:205,2
DA:206,1
DA:210,1
DA:212,1
DA:214,1
DA:215,3
DA:216,4
DA:218,1
DA:219,4
DA:220,0
DA:221,0
DA:222,0
DA:223,0
DA:226,0
DA:227,0
DA:228,0
DA:231,0
DA:232,0
DA:233,0
DA:236,0
DA:237,0
DA:238,0
DA:241,0
DA:242,0
DA:243,0
DA:246,1
DA:248,1
DA:249,1
DA:250,0
DA:251,0
DA:252,0
DA:255,1
DA:256,2
DA:257,1
DA:262,6
DA:263,1
DA:265,1
DA:266,1
DA:267,1
DA:268,1
DA:269,1
DA:271,2
DA:274,1
DA:275,1
DA:277,2
DA:280,1
DA:281,2
DA:282,2
DA:287,1
DA:288,1
DA:289,1
DA:290,1
DA:291,2
DA:293,1
DA:294,1
DA:295,1
DA:299,1
DA:300,2
DA:301,1
DA:302,2
DA:303,0
DA:304,0
DA:305,0
DA:306,0
DA:308,0
DA:312,1
DA:314,3
DA:318,1
DA:322,1
DA:331,1
DA:332,2
DA:333,1
DA:334,2
DA:335,1
DA:342,1
DA:346,1
DA:347,1
DA:351,1
DA:352,1
DA:353,1
DA:354,2
DA:355,1
DA:362,1
DA:369,0
DA:370,0
DA:371,0
DA:372,0
DA:373,0
DA:374,0
DA:379,0
DA:380,0
DA:381,0
DA:383,0
DA:384,0
DA:385,0
DA:390,1
DA:391,4
DA:392,5
DA:395,1
DA:396,3
DA:397,3
DA:398,2
DA:399,2
DA:400,1
DA:401,3
DA:402,3
DA:403,3
DA:405,1
DA:407,1
DA:408,1
DA:409,5
DA:410,1
DA:411,1
DA:412,7
DA:413,5
DA:416,1
DA:417,2
DA:418,3
DA:419,2
DA:420,2
DA:422,0
DA:423,0
DA:424,0
DA:426,0
DA:427,0
DA:429,2
LF:214
LH:152
end_of_record
SF:lib/widgets/news/share_group_tile.dart
DA:9,2
DA:17,2
DA:18,2
DA:24,2
DA:26,4
DA:27,6
DA:29,2
DA:32,2
DA:34,2
DA:35,2
DA:37,2
DA:38,2
DA:39,4
DA:40,2
DA:41,2
DA:43,2
DA:44,2
DA:45,4
DA:46,4
DA:49,2
DA:55,2
DA:57,4
DA:60,2
DA:61,2
DA:62,2
DA:63,2
DA:68,8
DA:73,2
DA:74,6
DA:75,2
DA:76,8
DA:79,2
DA:80,6
DA:81,2
DA:82,8
DA:87,2
DA:88,4
DA:89,4
DA:91,12
LF:39
LH:39
end_of_record
SF:lib/pages/events/show_event.dart
DA:16,2
DA:23,1
DA:24,1
DA:30,1
DA:32,1
DA:33,7
DA:34,7
DA:37,1
DA:39,2
DA:40,1
DA:43,1
DA:45,2
DA:46,7
DA:47,7
DA:48,1
DA:49,1
DA:50,2
DA:51,1
DA:52,2
DA:53,1
DA:54,2
DA:58,1
DA:59,1
DA:60,1
DA:61,0
DA:62,0
DA:63,0
DA:64,0
DA:65,0
DA:68,0
DA:82,6
DA:83,2
DA:84,1
DA:85,1
DA:86,1
DA:87,1
DA:88,1
DA:89,1
DA:91,1
DA:92,1
DA:95,1
DA:97,1
DA:98,1
DA:100,1
DA:101,1
DA:102,3
DA:104,1
DA:105,3
DA:113,1
DA:115,1
DA:116,1
DA:120,1
DA:121,2
DA:122,0
DA:123,0
DA:126,1
DA:131,1
DA:134,1
DA:138,1
DA:139,5
DA:141,1
DA:143,1
DA:144,2
DA:145,1
DA:146,1
DA:147,1
DA:179,1
DA:180,1
DA:182,1
DA:185,1
DA:186,1
DA:187,1
DA:188,1
DA:192,1
DA:193,1
DA:194,1
DA:196,1
DA:197,1
DA:198,1
DA:199,1
DA:202,1
DA:205,2
DA:206,1
DA:207,3
DA:208,4
DA:209,1
DA:212,1
DA:214,1
DA:217,1
DA:218,1
DA:220,1
DA:221,1
DA:224,1
DA:225,2
DA:226,3
DA:227,1
DA:229,1
DA:230,1
DA:231,1
DA:232,1
DA:235,1
DA:236,2
DA:237,3
DA:238,1
DA:240,1
DA:241,1
DA:242,1
DA:243,1
DA:248,1
DA:249,1
DA:250,1
DA:252,1
DA:253,1
DA:256,1
DA:257,1
DA:258,1
DA:259,1
DA:260,2
DA:263,1
DA:264,3
DA:286,0
DA:289,0
LF:122
LH:112
end_of_record
SF:lib/pages/events/show_event_tablet.dart
DA:16,2
DA:23,1
DA:24,1
DA:30,1
DA:32,1
DA:33,7
DA:34,7
DA:37,1
DA:39,2
DA:40,1
DA:43,1
DA:45,2
DA:46,7
DA:47,7
DA:48,1
DA:49,1
DA:50,2
DA:51,1
DA:52,2
DA:53,1
DA:54,2
DA:58,1
DA:59,1
DA:60,1
DA:61,0
DA:62,0
DA:63,0
DA:64,0
DA:65,0
DA:67,0
DA:69,0
DA:70,0
DA:82,6
DA:83,2
DA:84,1
DA:85,1
DA:86,1
DA:87,1
DA:88,1
DA:89,1
DA:92,1
DA:93,1
DA:94,1
DA:96,1
DA:97,1
DA:99,1
DA:100,1
DA:101,3
DA:103,1
DA:104,3
DA:112,1
DA:114,1
DA:115,1
DA:116,4
DA:117,4
DA:119,1
DA:120,2
DA:121,0
DA:122,0
DA:125,1
DA:130,1
DA:131,1
DA:132,4
DA:133,4
DA:134,1
DA:138,1
DA:139,1
DA:141,1
DA:142,2
DA:143,1
DA:144,1
DA:145,1
DA:177,1
DA:178,1
DA:180,1
DA:183,1
DA:184,1
DA:185,1
DA:186,1
DA:190,1
DA:191,1
DA:192,1
DA:194,1
DA:195,1
DA:196,1
DA:197,1
DA:203,1
DA:205,1
DA:206,1
DA:207,1
DA:208,4
DA:209,1
DA:211,2
DA:212,1
DA:213,3
DA:214,4
DA:215,1
DA:218,1
DA:219,1
DA:222,1
DA:223,1
DA:226,1
DA:227,1
DA:230,1
DA:231,2
DA:232,2
DA:233,1
DA:234,1
DA:235,1
DA:237,1
DA:238,1
DA:239,1
DA:242,1
DA:243,2
DA:244,3
DA:245,1
DA:246,1
DA:248,1
DA:249,1
DA:250,1
DA:255,1
DA:258,1
DA:259,1
DA:262,1
DA:263,1
DA:265,1
DA:266,1
DA:268,1
DA:269,1
DA:270,2
DA:273,1
DA:274,2
DA:275,1
DA:301,0
DA:304,0
LF:135
LH:123
end_of_record
SF:lib/pages/events/table_calendar_page.dart
DA:19,1
DA:22,1
DA:23,1
DA:36,1
DA:38,1
DA:39,5
DA:40,5
DA:41,3
DA:42,3
DA:43,1
DA:47,1
DA:49,2
DA:50,2
DA:52,1
DA:55,1
DA:56,1
DA:57,2
DA:58,2
DA:62,1
DA:63,1
DA:64,1
DA:65,0
DA:66,0
DA:67,0
DA:71,0
DA:72,0
DA:73,0
DA:74,0
DA:76,0
DA:77,0
DA:78,0
DA:79,0
DA:80,0
DA:81,0
DA:84,0
DA:85,0
DA:86,0
DA:92,1
DA:93,1
DA:94,1
DA:95,0
DA:96,0
DA:97,0
DA:100,0
DA:101,0
DA:102,0
DA:103,0
DA:105,0
DA:106,0
DA:107,0
DA:108,0
DA:109,0
DA:110,0
DA:113,0
DA:114,0
DA:115,0
DA:121,0
DA:126,0
DA:128,0
DA:129,0
DA:130,0
DA:136,0
DA:140,0
DA:141,0
DA:142,0
DA:143,0
DA:144,0
DA:145,0
DA:146,0
DA:149,0
DA:155,0
DA:160,0
DA:161,0
DA:162,0
DA:163,0
DA:164,0
DA:165,0
DA:170,0
DA:172,0
DA:174,0
DA:178,1
DA:179,1
DA:180,2
DA:184,2
DA:186,1
DA:188,0
DA:189,0
DA:190,0
DA:192,0
DA:197,2
DA:198,1
DA:200,0
DA:201,0
DA:202,0
DA:204,0
DA:208,4
DA:213,1
DA:215,6
DA:216,3
DA:218,6
DA:219,3
DA:221,1
DA:224,1
DA:225,1
DA:226,1
DA:227,3
DA:228,1
DA:230,1
DA:231,3
DA:235,1
DA:237,0
DA:238,0
DA:239,0
DA:240,0
DA:241,0
DA:243,0
DA:244,0
DA:249,1
DA:251,3
DA:255,1
DA:256,1
DA:257,1
DA:258,1
DA:259,1
DA:260,1
DA:263,1
DA:264,1
DA:266,3
DA:267,1
DA:268,1
DA:269,1
DA:270,1
DA:271,1
DA:273,1
DA:274,1
DA:275,2
DA:278,1
DA:279,2
DA:283,3
DA:284,1
DA:285,1
DA:286,1
DA:287,1
DA:288,1
DA:289,1
DA:292,1
DA:293,1
DA:294,1
DA:295,1
DA:298,1
DA:299,2
DA:302,1
DA:303,1
DA:304,1
DA:305,1
DA:306,1
DA:308,1
DA:309,1
DA:310,1
DA:311,1
DA:312,1
DA:313,1
DA:316,1
DA:317,1
DA:318,0
DA:319,0
DA:320,0
DA:321,0
DA:325,0
DA:326,0
DA:332,1
DA:333,1
DA:334,1
DA:335,1
DA:336,1
DA:337,1
DA:338,0
DA:339,0
DA:340,0
DA:341,0
DA:343,0
DA:344,0
DA:346,0
DA:347,0
DA:348,0
DA:350,0
DA:351,0
DA:352,0
DA:353,0
DA:358,0
DA:360,0
DA:361,0
DA:362,0
DA:363,0
DA:364,0
DA:366,0
DA:367,0
DA:369,0
DA:370,0
DA:371,0
DA:373,0
DA:374,0
DA:375,0
DA:376,0
DA:378,0
DA:379,0
DA:381,0
DA:382,0
DA:383,0
DA:385,0
DA:386,0
DA:387,0
DA:388,0
DA:391,0
DA:392,0
DA:399,0
DA:402,0
DA:403,0
DA:404,0
DA:406,0
DA:407,0
DA:414,0
DA:415,0
DA:416,0
DA:417,0
DA:418,0
DA:419,0
DA:420,0
DA:429,0
DA:430,0
DA:431,0
DA:432,0
DA:433,0
DA:434,0
DA:440,0
DA:441,0
LF:236
LH:99
end_of_record
SF:lib/utils/table_calendar_util.dart
DA:2,0
DA:3,0
DA:4,0
DA:6,0
DA:10,3
DA:11,10
DA:12,10
LF:7
LH:3
end_of_record
SF:lib/widgets/invitation_tile.dart
DA:13,2
DA:21,2
DA:22,2
DA:27,2
DA:29,6
DA:30,2
DA:33,2
DA:35,2
DA:36,2
DA:37,2
DA:38,2
DA:39,0
DA:40,0
DA:41,0
DA:42,0
DA:43,0
DA:45,0
DA:46,0
DA:51,2
DA:52,2
DA:53,2
DA:58,8
DA:61,2
DA:62,6
DA:65,16
DA:69,4
DA:71,2
DA:73,2
DA:74,12
DA:75,4
DA:76,4
DA:79,2
DA:81,2
DA:82,2
DA:83,4
DA:84,2
DA:88,2
DA:89,2
LF:38
LH:31
end_of_record
SF:lib/pages/news/article_view.dart
DA:9,3
DA:18,3
DA:20,3
DA:21,3
DA:22,3
DA:23,3
DA:24,6
DA:25,1
DA:26,1
DA:30,3
DA:32,1
DA:33,1
DA:34,2
DA:35,2
DA:36,1
DA:38,3
DA:39,2
DA:40,2
DA:41,4
DA:44,3
DA:45,2
DA:46,2
DA:47,4
DA:53,3
DA:54,3
LF:25
LH:25
end_of_record
SF:lib/pages/news/share_news_page.dart
DA:13,1
DA:19,1
DA:20,1
DA:31,1
DA:33,1
DA:34,1
DA:35,1
DA:38,1
DA:39,5
DA:40,2
DA:43,1
DA:44,4
DA:45,1
DA:46,1
DA:47,2
DA:49,3
DA:50,2
DA:51,5
DA:52,1
DA:53,2
DA:57,1
DA:59,1
DA:60,1
DA:61,1
DA:62,3
DA:63,1
DA:65,1
DA:67,3
DA:69,0
DA:70,0
DA:73,1
DA:74,4
DA:75,1
DA:77,2
DA:78,1
DA:80,1
DA:81,1
DA:82,1
DA:83,1
DA:85,2
DA:90,1
DA:92,1
DA:93,1
DA:94,1
DA:97,1
DA:98,1
DA:100,1
DA:101,1
DA:102,2
DA:103,1
DA:108,1
DA:111,1
DA:112,2
DA:113,1
DA:117,3
DA:118,3
DA:127,1
DA:129,1
DA:132,2
DA:133,1
DA:134,1
DA:135,1
DA:136,4
DA:137,1
DA:138,1
DA:144,1
DA:146,2
DA:148,1
DA:149,2
DA:150,1
DA:151,1
DA:152,3
DA:153,1
DA:154,3
DA:155,1
DA:156,1
DA:157,1
DA:158,3
DA:159,1
DA:160,1
DA:168,1
DA:169,2
DA:170,1
DA:171,2
DA:172,2
DA:173,0
DA:175,2
DA:179,5
DA:185,1
DA:187,1
DA:190,2
DA:191,1
DA:192,1
DA:193,1
DA:194,4
DA:195,1
DA:196,1
DA:202,1
DA:204,2
DA:206,1
DA:207,2
DA:208,1
DA:209,1
DA:210,3
DA:211,1
DA:212,3
DA:213,1
DA:214,1
DA:215,1
DA:216,3
DA:217,1
DA:218,1
DA:226,1
DA:227,2
DA:228,1
DA:229,2
DA:230,2
DA:231,2
DA:233,2
DA:237,5
LF:120
LH:117
end_of_record
SF:lib/pages/news/category_news.dart
DA:11,1
DA:16,1
DA:17,1
DA:24,1
DA:26,1
DA:27,1
DA:30,1
DA:31,6
DA:32,4
DA:33,2
DA:34,1
DA:38,1
DA:40,1
DA:42,1
DA:43,1
DA:44,1
DA:45,1
DA:46,2
DA:47,1
DA:48,1
DA:52,1
DA:53,2
DA:54,1
DA:55,2
DA:59,1
DA:61,1
DA:64,2
DA:65,1
DA:66,1
DA:67,3
DA:68,3
DA:69,3
DA:70,2
DA:71,3
LF:34
LH:34
end_of_record
SF:lib/services/news_service.dart
DA:15,0
DA:19,0
DA:21,0
DA:23,0
DA:24,0
DA:25,0
DA:26,0
DA:27,0
DA:28,0
DA:29,0
DA:30,0
DA:31,0
DA:32,0
DA:33,0
DA:35,0
DA:40,0
DA:44,0
DA:47,0
DA:48,0
DA:50,0
DA:52,0
DA:53,0
DA:54,0
DA:55,0
DA:56,0
DA:57,0
DA:58,0
DA:59,0
DA:60,0
DA:61,0
DA:62,0
DA:64,0
DA:69,0
DA:73,0
DA:77,0
DA:79,0
DA:81,0
DA:82,0
DA:83,0
DA:84,0
DA:85,0
DA:86,0
DA:87,0
DA:88,0
DA:89,0
DA:90,0
DA:91,0
DA:93,0
DA:98,0
DA:102,3
DA:103,3
DA:105,4
DA:106,2
DA:112,0
DA:114,0
DA:117,0
DA:118,0
DA:120,0
DA:122,0
DA:123,0
DA:124,0
DA:125,0
DA:126,0
DA:127,0
DA:128,0
DA:129,0
DA:130,0
DA:131,0
DA:132,0
DA:134,0
DA:140,0
DA:141,0
LF:72
LH:4
end_of_record
SF:lib/widgets/news/show_category.dart
DA:10,2
DA:18,2
DA:20,2
DA:21,0
DA:22,0
DA:24,0
DA:25,0
DA:26,0
DA:27,0
DA:28,0
DA:29,0
DA:30,0
DA:33,2
DA:35,2
DA:36,2
DA:37,2
DA:38,2
DA:39,0
DA:40,0
DA:42,0
DA:43,0
DA:45,0
DA:49,2
DA:50,8
DA:51,0
DA:53,6
DA:58,2
DA:59,2
DA:66,2
DA:67,2
LF:30
LH:15
end_of_record
SF:lib/widgets/custom_selection_option_widget.dart
DA:10,7
DA:19,7
DA:20,7
DA:26,7
DA:28,21
DA:29,7
DA:32,7
DA:34,7
DA:36,7
DA:37,14
DA:39,7
DA:40,7
DA:41,7
DA:42,7
DA:43,1
DA:44,2
DA:45,1
DA:46,4
DA:49,7
DA:51,7
DA:52,7
DA:53,14
DA:54,7
DA:56,14
DA:57,14
DA:62,7
DA:63,14
DA:64,14
DA:65,14
DA:72,14
DA:73,2
DA:74,2
DA:75,2
DA:76,4
DA:77,2
DA:78,8
DA:81,2
DA:83,2
DA:84,2
DA:85,4
DA:86,2
DA:88,4
DA:89,4
DA:94,2
DA:95,4
DA:96,4
DA:97,4
DA:104,7
DA:105,7
DA:106,7
DA:107,14
DA:108,21
DA:109,28
DA:112,7
DA:114,7
DA:115,7
DA:116,14
DA:117,7
DA:119,28
DA:120,14
DA:125,7
DA:127,28
DA:128,28
DA:129,14
DA:142,7
DA:144,7
LF:66
LH:66
end_of_record
SF:lib/widgets/news/share_user_tile.dart
DA:9,2
DA:17,2
DA:18,2
DA:24,2
DA:26,4
DA:27,6
DA:29,2
DA:32,2
DA:34,2
DA:35,2
DA:37,2
DA:38,2
DA:39,4
DA:40,2
DA:41,2
DA:43,2
DA:44,2
DA:45,4
DA:46,4
DA:49,2
DA:55,2
DA:57,4
DA:60,2
DA:61,2
DA:62,2
DA:63,2
DA:68,8
DA:73,2
DA:74,6
DA:75,2
DA:76,8
DA:79,16
DA:82,2
DA:83,4
DA:84,4
DA:86,12
LF:36
LH:36
end_of_record
SF:lib/pages/options/delete_account_page.dart
DA:13,1
DA:18,1
DA:19,1
DA:25,3
DA:27,1
DA:29,3
DA:30,1
DA:31,1
DA:33,2
DA:34,1
DA:36,1
DA:37,2
DA:41,1
DA:42,0
DA:44,1
DA:46,2
DA:50,1
DA:51,1
DA:52,1
DA:53,1
DA:56,1
DA:57,1
DA:59,1
DA:60,2
DA:65,2
DA:66,2
DA:68,1
DA:69,1
DA:70,3
DA:74,1
DA:76,1
DA:77,1
DA:79,0
DA:86,1
DA:87,1
DA:88,2
DA:89,1
DA:90,3
DA:91,3
DA:92,3
DA:93,3
DA:94,3
DA:95,3
DA:96,3
DA:97,3
DA:98,1
DA:99,2
DA:100,1
DA:101,1
DA:103,1
DA:104,1
DA:106,1
DA:107,1
DA:111,1
DA:112,1
DA:114,1
DA:115,1
DA:116,2
DA:117,2
DA:118,2
DA:121,2
DA:130,1
DA:132,1
DA:133,2
DA:145,1
DA:146,2
DA:147,5
LF:67
LH:65
end_of_record
SF:lib/widgets/auth/login_form_widget.dart
DA:11,12
DA:14,4
DA:22,4
DA:24,4
DA:25,4
DA:26,4
DA:28,4
DA:29,8
DA:30,8
DA:31,4
DA:32,2
DA:34,6
DA:35,6
DA:36,4
DA:40,8
DA:41,4
DA:46,4
DA:47,2
DA:50,4
DA:72,2
DA:74,2
DA:76,0
DA:84,4
DA:88,2
DA:89,4
DA:90,4
DA:92,2
DA:93,2
DA:94,4
DA:95,6
DA:96,2
DA:98,2
DA:99,2
DA:102,2
DA:103,2
DA:105,0
DA:106,0
DA:116,1
DA:117,1
DA:119,0
DA:127,2
DA:130,0
DA:132,3
DA:135,1
DA:136,2
DA:137,1
DA:139,0
DA:141,0
DA:142,0
DA:143,0
DA:146,0
DA:148,0
DA:149,0
DA:151,0
DA:152,0
DA:156,0
DA:157,0
DA:159,0
DA:160,0
DA:176,5
DA:183,5
DA:184,5
DA:191,5
DA:193,5
DA:194,15
DA:195,15
DA:196,15
DA:199,5
DA:201,5
DA:202,5
DA:203,5
DA:205,5
DA:206,10
DA:207,5
DA:208,5
DA:212,5
DA:213,5
DA:214,4
DA:216,15
DA:219,11
DA:240,6
DA:242,6
DA:244,6
DA:245,6
DA:248,6
DA:249,12
DA:250,6
DA:251,6
DA:255,6
DA:256,6
DA:261,12
LF:91
LH:73
end_of_record
SF:lib/pages/options/follow_requests_page.dart
DA:11,1
DA:12,1
DA:13,1
DA:19,1
DA:21,3
DA:22,1
DA:25,1
DA:27,3
DA:28,1
DA:29,1
DA:31,1
DA:32,3
DA:37,1
DA:38,1
DA:39,2
DA:40,1
DA:41,2
DA:43,1
DA:44,1
DA:45,1
DA:46,1
DA:47,1
DA:48,1
DA:53,2
DA:56,1
DA:57,1
DA:60,4
DA:63,1
DA:64,1
DA:66,1
DA:67,1
DA:69,5
DA:71,1
DA:72,1
DA:74,1
DA:75,1
DA:78,1
DA:79,1
DA:81,3
DA:87,2
DA:88,2
DA:91,1
DA:93,1
DA:94,1
DA:95,2
DA:96,1
DA:107,1
DA:108,1
DA:109,1
DA:110,1
DA:113,2
DA:114,2
DA:117,1
DA:119,1
DA:120,1
DA:121,2
DA:122,1
LF:57
LH:57
end_of_record
SF:lib/pages/options/groups_requests_page.dart
DA:11,1
DA:12,1
DA:13,1
DA:19,1
DA:21,3
DA:22,1
DA:25,1
DA:27,3
DA:28,1
DA:29,1
DA:31,1
DA:32,3
DA:37,1
DA:38,1
DA:39,2
DA:40,1
DA:41,2
DA:42,1
DA:43,1
DA:44,1
DA:45,1
DA:47,2
DA:48,1
DA:49,1
DA:52,3
DA:56,1
DA:57,1
DA:59,1
DA:60,1
DA:62,5
DA:64,1
DA:65,1
DA:67,1
DA:68,1
DA:71,1
DA:72,1
DA:74,1
DA:75,2
DA:81,2
DA:82,2
DA:85,1
DA:87,1
DA:88,1
DA:89,2
DA:90,1
DA:101,1
DA:102,1
DA:103,2
DA:104,2
DA:105,2
DA:108,1
DA:110,1
DA:111,1
DA:112,2
DA:113,1
LF:55
LH:55
end_of_record
SF:lib/pages/options/options_page.dart
DA:16,3
DA:21,3
DA:22,3
DA:26,3
DA:28,3
DA:31,3
DA:33,9
DA:34,3
DA:35,3
DA:36,6
DA:37,3
DA:39,3
DA:40,6
DA:42,3
DA:43,9
DA:45,3
DA:47,6
DA:50,3
DA:51,3
DA:52,3
DA:53,3
DA:55,3
DA:56,3
DA:58,1
DA:59,2
DA:60,1
DA:61,2
DA:66,3
DA:69,2
DA:70,2
DA:71,2
DA:72,2
DA:75,3
DA:78,2
DA:80,3
DA:83,1
DA:84,1
DA:95,1
DA:97,1
DA:99,1
DA:105,1
DA:106,3
DA:107,3
DA:108,3
DA:109,3
DA:110,3
DA:111,3
DA:112,3
DA:113,3
DA:114,3
DA:115,1
DA:116,1
DA:119,1
DA:120,1
DA:121,1
DA:122,1
DA:123,0
DA:132,2
DA:133,1
DA:135,1
DA:136,2
DA:137,1
DA:138,1
DA:139,1
DA:140,1
DA:141,1
DA:145,1
DA:146,1
DA:148,1
DA:149,2
DA:152,1
DA:154,1
DA:155,2
DA:156,1
DA:157,1
DA:158,0
DA:166,3
DA:168,1
DA:169,1
DA:170,2
DA:171,1
DA:172,3
DA:173,3
DA:174,3
DA:175,3
DA:176,3
DA:177,3
DA:178,3
DA:179,3
DA:180,1
DA:181,2
DA:182,1
DA:183,2
DA:185,1
DA:186,2
DA:187,1
DA:188,1
DA:189,1
DA:190,1
DA:191,1
DA:195,1
DA:196,1
DA:198,1
DA:199,2
DA:213,1
DA:214,2
DA:215,1
DA:217,3
DA:218,1
DA:219,2
DA:220,2
DA:221,2
LF:112
LH:110
end_of_record
SF:lib/pages/options/request_page.dart
DA:12,1
DA:16,1
DA:17,1
DA:24,1
DA:26,1
DA:27,1
DA:30,1
DA:33,4
DA:34,1
DA:35,3
DA:36,2
DA:37,1
DA:39,4
DA:40,2
DA:41,1
DA:45,1
DA:47,1
DA:48,1
DA:49,2
DA:51,1
DA:52,3
DA:54,1
DA:55,2
DA:57,1
DA:58,1
DA:59,1
DA:60,1
DA:62,1
DA:63,1
DA:65,1
DA:66,1
DA:67,2
DA:68,2
DA:69,1
DA:71,3
DA:73,1
DA:75,1
DA:77,1
DA:79,2
DA:80,1
DA:82,1
DA:85,2
DA:87,1
DA:88,3
DA:98,1
DA:100,1
DA:102,1
DA:104,1
DA:106,2
DA:107,1
DA:109,1
DA:112,2
DA:114,1
DA:115,3
DA:124,1
DA:125,1
DA:126,2
DA:127,2
DA:128,1
DA:129,3
LF:60
LH:60
end_of_record
SF:lib/pages/options/settings_page.dart
DA:18,1
DA:23,1
DA:24,1
DA:39,1
DA:41,1
DA:42,5
DA:45,1
DA:47,5
DA:48,3
DA:49,1
DA:50,1
DA:51,2
DA:53,1
DA:54,3
DA:56,1
DA:58,2
DA:61,1
DA:63,1
DA:64,1
DA:65,1
DA:68,1
DA:71,0
DA:78,1
DA:80,1
DA:81,2
DA:83,3
DA:86,1
DA:88,1
DA:90,2
DA:93,1
DA:96,1
DA:97,1
DA:98,1
DA:99,0
DA:100,1
DA:101,3
DA:102,3
DA:103,3
DA:104,2
DA:105,2
DA:106,2
DA:107,1
DA:108,1
DA:109,1
DA:110,0
DA:111,0
DA:112,0
DA:113,0
DA:114,0
DA:116,0
DA:117,0
DA:118,0
DA:119,0
DA:120,0
DA:121,0
DA:128,1
DA:130,1
DA:131,1
DA:132,1
DA:133,5
DA:137,0
DA:138,0
DA:139,0
DA:144,3
DA:145,3
DA:146,3
DA:148,1
DA:150,1
DA:151,1
DA:152,1
DA:153,3
DA:155,2
DA:156,1
DA:160,1
DA:161,3
DA:162,1
DA:163,2
DA:164,1
DA:170,1
DA:174,1
DA:176,1
DA:179,1
DA:181,1
DA:182,1
DA:183,1
DA:184,2
DA:185,1
DA:199,1
DA:201,1
DA:203,1
DA:205,1
DA:206,1
DA:214,1
DA:218,1
DA:219,3
DA:220,1
DA:228,1
DA:229,3
DA:230,3
DA:231,3
DA:232,1
DA:235,2
DA:237,4
DA:238,3
DA:239,1
DA:245,1
DA:247,1
DA:249,2
DA:255,1
DA:256,1
DA:257,1
DA:258,1
DA:260,2
DA:261,2
DA:262,2
DA:263,1
DA:264,1
DA:266,1
DA:267,1
DA:268,3
DA:271,2
DA:272,2
DA:273,2
DA:274,5
DA:277,1
DA:278,1
DA:279,1
DA:280,1
DA:281,1
DA:282,1
DA:283,1
DA:284,1
DA:285,1
DA:287,1
DA:288,2
DA:297,1
DA:299,2
DA:300,2
DA:301,2
DA:302,1
LF:140
LH:124
end_of_record
SF:lib/widgets/option_tile.dart
DA:8,4
DA:11,4
DA:13,4
DA:14,4
DA:15,4
DA:17,4
DA:18,4
DA:19,4
DA:21,8
LF:9
LH:9
end_of_record
SF:lib/pages/user_profile/show_followers_page.dart
DA:11,2
DA:16,2
DA:17,2
DA:24,2
DA:26,12
DA:27,10
DA:28,2
DA:31,2
DA:34,12
DA:36,10
DA:38,2
DA:39,2
DA:40,2
DA:41,4
DA:44,2
DA:45,4
DA:48,0
DA:49,0
DA:53,2
DA:54,2
DA:55,0
DA:56,0
DA:57,2
DA:58,2
DA:59,2
DA:60,2
DA:62,2
DA:63,2
DA:64,2
DA:65,4
DA:66,6
DA:71,2
DA:72,2
DA:73,2
DA:74,6
DA:76,1
DA:77,2
DA:84,2
DA:86,2
DA:88,2
DA:89,2
DA:90,2
DA:91,2
DA:92,6
DA:93,6
DA:94,2
DA:95,2
DA:96,6
DA:98,1
DA:100,2
DA:111,2
DA:112,0
DA:113,0
DA:114,2
DA:115,2
DA:117,10
DA:119,4
DA:120,0
LF:58
LH:51
end_of_record
SF:lib/widgets/deleted_account_widget.dart
DA:4,271
DA:6,1
DA:8,1
DA:9,3
DA:10,3
DA:11,2
DA:12,1
DA:13,3
DA:14,3
DA:15,1
DA:16,1
LF:11
LH:11
end_of_record
SF:lib/pages/user_profile/show_following_page.dart
DA:11,2
DA:16,2
DA:17,2
DA:25,2
DA:27,12
DA:28,10
DA:29,2
DA:32,2
DA:37,12
DA:39,10
DA:41,2
DA:42,2
DA:43,2
DA:44,4
DA:47,2
DA:48,4
DA:51,0
DA:52,0
DA:56,2
DA:57,2
DA:58,0
DA:59,0
DA:60,2
DA:61,2
DA:62,2
DA:63,2
DA:65,2
DA:66,2
DA:67,2
DA:68,4
DA:69,6
DA:74,2
DA:75,2
DA:76,2
DA:77,6
DA:79,1
DA:80,2
DA:87,2
DA:89,2
DA:91,2
DA:92,2
DA:93,2
DA:94,2
DA:95,6
DA:96,6
DA:97,2
DA:98,2
DA:99,6
DA:101,1
DA:103,2
DA:114,2
DA:115,0
DA:116,0
DA:117,2
DA:118,2
DA:120,10
DA:122,0
DA:123,0
LF:58
LH:50
end_of_record
SF:lib/pages/user_profile/show_groups_page.dart
DA:10,2
DA:15,2
DA:16,2
DA:24,2
DA:26,2
DA:27,12
DA:30,2
DA:32,12
DA:34,2
DA:35,2
DA:36,2
DA:37,4
DA:40,2
DA:41,4
DA:44,0
DA:45,0
DA:49,2
DA:50,2
DA:51,2
DA:52,2
DA:53,2
DA:54,2
DA:55,2
DA:57,2
DA:58,2
DA:59,6
DA:60,6
DA:64,2
DA:65,2
DA:67,2
DA:68,2
DA:69,6
DA:71,1
DA:72,2
DA:80,2
DA:82,2
DA:84,2
DA:85,2
DA:86,2
DA:87,2
DA:88,6
DA:89,6
DA:90,2
DA:92,2
DA:93,2
DA:94,6
DA:96,1
DA:98,2
DA:109,2
DA:111,6
DA:113,0
DA:122,0
DA:123,0
DA:132,2
DA:134,4
DA:135,2
LF:56
LH:51
end_of_record
SF:lib/widgets/group_tile.dart
DA:19,4
DA:25,4
DA:27,4
DA:28,8
DA:30,8
DA:31,4
DA:32,4
DA:33,4
DA:34,4
DA:35,0
DA:36,0
DA:37,0
DA:38,0
DA:39,0
DA:40,0
DA:41,0
DA:45,0
DA:46,0
DA:52,4
DA:53,4
DA:54,16
DA:57,4
DA:58,4
DA:60,16
DA:63,12
DA:64,4
DA:65,8
DA:66,4
DA:68,16
DA:77,4
DA:78,0
DA:80,0
DA:81,0
DA:83,0
DA:86,4
DA:88,4
DA:89,4
DA:90,8
DA:91,4
DA:94,4
DA:95,8
DA:97,2
DA:100,4
DA:103,16
LF:44
LH:31
end_of_record
SF:lib/utils/message_utils.dart
DA:14,2
DA:17,2
DA:19,2
DA:20,2
DA:21,2
DA:22,4
DA:23,2
DA:27,2
DA:28,2
DA:31,4
DA:32,0
DA:36,0
DA:39,2
DA:40,2
DA:44,0
DA:45,0
DA:48,2
DA:49,2
DA:53,0
DA:60,2
DA:61,0
DA:69,2
DA:75,2
DA:76,2
DA:78,2
DA:79,2
DA:80,2
DA:85,7
DA:90,42
DA:92,0
DA:95,14
DA:96,12
DA:97,6
DA:98,30
DA:106,2
DA:108,6
DA:109,2
DA:110,4
DA:111,2
DA:115,0
DA:116,0
DA:117,0
DA:118,0
DA:119,0
DA:120,0
DA:123,0
DA:125,0
DA:127,0
DA:128,0
DA:131,0
DA:132,0
DA:134,0
DA:135,0
DA:136,0
DA:139,0
DA:141,0
DA:142,0
DA:151,0
DA:155,0
DA:157,0
DA:158,0
DA:159,0
DA:160,0
DA:161,0
DA:162,0
DA:163,0
DA:165,0
DA:166,0
DA:170,0
DA:174,0
DA:175,0
DA:176,0
DA:178,0
DA:179,0
DA:185,0
DA:187,0
DA:188,0
DA:191,0
DA:193,0
DA:194,0
DA:195,0
DA:196,0
DA:197,0
DA:203,0
DA:204,0
DA:205,0
DA:206,0
DA:207,0
DA:208,0
DA:209,0
DA:212,0
DA:214,0
LF:92
LH:32
end_of_record
SF:lib/widgets/option_item.dart
DA:8,3
DA:15,3
DA:17,3
DA:18,3
DA:19,3
DA:20,3
DA:21,3
DA:23,6
LF:8
LH:8
end_of_record
SF:lib/widgets/chats/read_tile.dart
DA:13,1
DA:16,1
DA:17,1
DA:22,1
DA:24,1
DA:25,1
DA:28,1
DA:30,6
DA:32,2
DA:33,1
DA:37,1
DA:39,1
DA:40,1
DA:41,2
DA:42,2
DA:43,1
DA:44,1
DA:45,1
DA:48,2
DA:51,1
DA:54,2
DA:56,1
DA:59,2
DA:63,1
DA:64,3
DA:65,1
DA:66,2
DA:71,1
DA:72,53
LF:29
LH:29
end_of_record
SF:lib/widgets/category_item_widget.dart
DA:9,7
DA:17,7
DA:19,21
DA:21,7
DA:22,7
DA:23,7
DA:33,7
DA:35,7
DA:36,7
DA:37,7
DA:38,14
DA:40,14
DA:44,6
DA:46,12
LF:14
LH:14
end_of_record
SF:lib/widgets/events/date_picker.dart
DA:8,5
DA:14,5
DA:16,5
DA:18,5
DA:19,5
DA:21,10
DA:23,4
DA:27,2
DA:28,2
DA:30,2
DA:32,4
DA:33,2
DA:34,2
DA:36,2
DA:37,4
DA:40,1
DA:46,2
DA:48,2
DA:49,4
DA:50,4
LF:20
LH:20
end_of_record
SF:lib/widgets/events/time_picker_widget.dart
DA:8,5
DA:14,5
DA:16,5
DA:18,5
DA:19,5
DA:21,10
DA:23,4
DA:25,2
DA:26,2
DA:31,2
DA:37,2
DA:39,4
DA:40,2
DA:41,2
DA:43,2
DA:48,1
DA:54,2
DA:56,2
DA:57,2
DA:58,4
LF:20
LH:20
end_of_record
SF:lib/widgets/messages/event_deleted_message_tile.dart
DA:11,3
DA:17,3
DA:19,3
DA:20,3
DA:21,3
DA:22,3
DA:25,6
DA:26,6
DA:29,6
DA:30,3
DA:33,6
DA:36,3
DA:37,8
DA:38,1
DA:40,1
DA:42,1
DA:43,1
DA:44,2
DA:49,3
DA:50,3
DA:51,3
DA:52,3
DA:53,12
DA:58,3
DA:59,6
DA:70,6
DA:71,4
DA:74,3
DA:76,3
DA:77,3
DA:79,6
DA:80,2
DA:81,1
DA:84,3
DA:87,3
DA:88,6
DA:89,2
DA:90,1
DA:99,3
DA:102,3
DA:104,3
DA:107,3
DA:108,3
DA:109,3
DA:111,9
DA:112,3
DA:113,3
DA:114,6
DA:124,3
DA:127,9
LF:50
LH:50
end_of_record
SF:lib/pages/login_page.dart
DA:12,4
DA:18,4
DA:19,4
DA:28,4
DA:30,4
DA:31,8
DA:32,4
DA:33,4
DA:34,1
DA:35,2
DA:36,0
DA:37,0
DA:38,0
DA:43,8
DA:44,4
DA:46,4
DA:49,8
DA:53,4
DA:54,4
DA:55,4
DA:57,4
DA:58,16
DA:59,0
DA:60,0
DA:61,0
DA:63,0
DA:67,0
DA:71,0
DA:73,0
DA:77,0
DA:82,4
DA:83,16
DA:85,12
DA:86,4
DA:89,4
DA:90,4
DA:92,4
DA:97,4
DA:98,12
DA:99,8
DA:100,8
DA:101,1
DA:102,1
DA:103,2
DA:105,4
DA:106,1
DA:107,2
DA:108,2
DA:111,4
DA:112,4
DA:113,4
DA:114,8
DA:117,4
DA:119,4
DA:122,4
DA:123,0
DA:124,0
DA:126,4
DA:128,4
DA:129,8
LF:60
LH:47
end_of_record
SF:lib/pages/register_page.dart
DA:20,2
DA:26,2
DA:27,2
DA:39,6
DA:43,2
DA:45,2
DA:46,7
DA:47,1
DA:48,1
DA:52,2
DA:55,2
DA:56,2
DA:57,2
DA:58,2
DA:59,2
DA:60,2
DA:62,2
DA:64,1
DA:65,1
DA:66,0
DA:67,0
DA:68,0
DA:69,0
DA:72,0
DA:73,0
DA:74,0
DA:75,0
DA:76,0
DA:83,2
DA:84,4
DA:86,1
DA:88,1
DA:89,1
DA:90,1
DA:92,1
DA:95,1
DA:96,1
DA:97,1
DA:98,1
DA:100,1
DA:104,2
DA:105,2
DA:106,4
DA:107,1
DA:109,2
DA:110,1
DA:112,1
DA:114,2
DA:119,2
DA:120,4
DA:121,1
DA:122,2
DA:123,0
DA:124,3
DA:125,0
DA:127,2
DA:128,3
DA:133,2
DA:135,2
DA:136,2
DA:137,2
DA:139,4
DA:144,2
DA:145,2
DA:146,2
DA:148,2
DA:149,2
DA:150,2
DA:151,2
DA:152,2
DA:155,4
DA:156,2
DA:157,1
DA:158,3
DA:159,1
DA:162,4
DA:163,2
DA:164,4
DA:171,2
DA:176,2
DA:177,1
DA:179,1
DA:182,1
DA:183,0
DA:184,0
DA:205,2
DA:207,4
DA:208,4
DA:209,4
DA:210,4
DA:211,4
DA:212,4
DA:213,4
DA:214,2
DA:217,1
DA:218,2
DA:220,5
DA:223,2
DA:224,1
DA:225,1
DA:226,1
DA:227,2
DA:230,1
DA:231,1
DA:233,0
DA:242,2
DA:243,2
DA:244,3
DA:246,0
DA:247,0
DA:248,0
DA:249,0
DA:250,0
DA:253,0
DA:254,0
DA:256,0
DA:265,2
DA:266,2
DA:267,3
DA:270,1
DA:271,2
DA:272,2
DA:273,1
DA:274,1
DA:275,2
DA:278,1
DA:279,1
DA:281,2
DA:287,2
DA:288,1
DA:289,0
DA:290,0
DA:291,0
DA:292,0
DA:293,0
DA:294,0
DA:295,0
DA:298,0
DA:299,0
DA:303,1
DA:304,1
DA:306,2
DA:307,2
DA:308,2
DA:309,2
DA:310,2
DA:311,1
DA:313,1
DA:320,1
DA:322,1
DA:323,1
DA:324,0
DA:331,3
DA:335,1
DA:336,3
DA:337,2
DA:340,0
DA:342,0
DA:343,0
DA:344,0
DA:351,0
DA:352,0
DA:356,0
DA:358,0
DA:359,0
DA:360,0
LF:166
LH:124
end_of_record
SF:lib/widgets/auth/registration_form_widget.dart
DA:9,3
DA:16,3
DA:18,3
DA:20,15
DA:21,3
DA:22,3
DA:23,3
DA:24,3
DA:27,3
DA:28,6
DA:29,3
DA:31,2
DA:32,2
DA:35,4
DA:47,3
DA:48,3
DA:51,3
DA:52,6
DA:53,3
DA:55,2
DA:56,2
DA:59,4
DA:72,6
DA:82,3
DA:83,3
DA:85,3
DA:86,3
DA:89,3
DA:90,6
DA:91,3
DA:93,2
DA:94,2
DA:97,4
DA:118,2
DA:125,2
DA:127,2
DA:129,10
DA:130,2
DA:131,2
DA:132,4
DA:133,4
DA:134,2
DA:135,2
DA:137,2
LF:44
LH:44
end_of_record
SF:lib/widgets/auth/forgot_password_widget.dart
DA:10,2
DA:16,2
DA:18,2
DA:19,2
DA:20,2
DA:22,2
DA:29,2
DA:30,2
DA:33,2
DA:34,1
DA:35,3
DA:36,3
DA:40,4
DA:41,2
DA:54,1
DA:55,1
DA:57,0
DA:65,2
DA:66,2
DA:67,1
DA:68,2
DA:71,1
DA:73,1
DA:74,1
DA:78,1
DA:79,1
DA:81,0
DA:82,0
DA:83,0
DA:91,0
DA:93,0
DA:95,0
DA:96,0
DA:97,0
DA:98,0
DA:100,0
DA:102,0
DA:103,0
DA:105,0
DA:106,0
DA:107,0
DA:108,0
DA:110,0
DA:111,0
LF:44
LH:25
end_of_record
SF:lib/pages/news/news_page.dart
DA:21,3
DA:26,3
DA:27,3
DA:39,3
DA:41,15
DA:42,12
DA:43,3
DA:44,3
DA:45,3
DA:48,3
DA:49,9
DA:50,6
DA:51,12
DA:55,3
DA:56,9
DA:57,6
DA:58,12
DA:62,3
DA:64,15
DA:66,3
DA:67,3
DA:69,3
DA:70,1
DA:71,1
DA:73,1
DA:74,2
DA:75,2
DA:76,1
DA:78,3
DA:80,6
DA:83,3
DA:85,3
DA:88,6
DA:91,6
DA:93,3
DA:94,3
DA:95,3
DA:97,3
DA:99,3
DA:101,12
DA:104,3
DA:105,3
DA:106,3
DA:108,3
DA:109,3
DA:112,3
DA:113,1
DA:114,1
DA:115,2
DA:116,2
DA:117,2
DA:118,1
DA:122,6
DA:124,6
DA:126,6
DA:127,3
DA:129,3
DA:130,3
DA:131,3
DA:132,3
DA:133,3
DA:134,3
DA:135,3
DA:136,12
DA:140,12
DA:148,0
DA:153,3
DA:155,3
DA:157,3
DA:158,3
DA:160,3
DA:161,3
DA:162,3
DA:163,3
DA:164,3
DA:168,3
DA:169,1
DA:170,1
DA:173,1
DA:175,1
DA:176,2
DA:179,3
DA:180,1
DA:183,3
DA:185,3
DA:186,6
DA:196,3
DA:197,3
DA:198,6
DA:200,6
DA:201,3
DA:203,3
DA:204,3
DA:205,3
DA:206,3
DA:208,3
DA:209,3
DA:210,9
DA:211,12
DA:220,3
DA:221,3
DA:222,3
DA:223,9
DA:224,9
DA:225,3
DA:227,3
DA:228,12
DA:235,0
DA:236,0
DA:237,0
DA:240,3
DA:241,3
DA:242,3
DA:244,3
DA:247,3
DA:249,3
DA:251,3
DA:252,3
DA:254,3
DA:255,3
DA:256,3
DA:257,3
DA:258,3
DA:262,3
DA:263,1
DA:264,1
DA:267,1
DA:269,1
DA:270,2
DA:272,1
DA:273,1
DA:275,3
DA:277,3
DA:278,6
DA:286,3
DA:287,3
DA:288,3
DA:292,3
DA:293,3
DA:295,6
DA:297,6
DA:298,3
DA:300,3
DA:303,3
DA:305,3
DA:306,3
DA:307,3
DA:308,3
DA:311,3
DA:314,3
DA:315,3
DA:317,3
DA:318,3
DA:319,3
DA:320,3
DA:321,3
DA:322,3
DA:323,6
DA:327,3
DA:328,3
DA:329,6
DA:331,0
DA:332,0
DA:333,0
DA:335,3
DA:336,3
DA:337,6
DA:348,3
DA:351,6
DA:352,3
DA:353,3
DA:354,9
DA:355,9
DA:356,9
DA:357,9
DA:358,3
DA:369,6
DA:371,3
DA:372,1
DA:373,1
DA:374,1
DA:375,1
DA:376,2
DA:377,3
DA:378,3
DA:379,3
DA:380,3
DA:381,1
DA:384,6
DA:385,3
DA:386,3
DA:387,3
DA:388,0
DA:389,0
DA:391,0
DA:392,0
DA:397,12
DA:399,12
DA:403,3
DA:404,12
DA:406,3
DA:407,15
DA:410,12
DA:411,3
DA:412,3
DA:416,3
DA:430,6
DA:431,3
DA:432,3
DA:433,3
DA:436,9
LF:211
LH:200
end_of_record
SF:lib/widgets/news/category_tile.dart
DA:12,2
DA:19,2
DA:21,2
DA:22,1
DA:23,1
DA:25,1
DA:26,2
DA:27,1
DA:28,1
DA:29,1
DA:31,2
DA:32,8
DA:36,8
DA:38,2
DA:39,2
DA:40,2
DA:41,2
DA:42,2
DA:43,2
DA:45,8
DA:49,8
DA:54,2
DA:57,2
DA:58,2
DA:61,4
LF:25
LH:25
end_of_record
SF:lib/pages/news/all_news.dart
DA:10,1
DA:16,1
DA:17,1
DA:21,1
DA:23,1
DA:26,1
DA:28,1
DA:29,1
DA:30,1
DA:31,1
DA:32,2
DA:33,1
DA:34,1
DA:38,4
DA:39,1
DA:40,2
DA:43,1
DA:45,1
DA:48,3
DA:49,1
DA:50,1
DA:51,4
DA:52,4
DA:53,4
DA:54,4
DA:55,2
LF:26
LH:26
end_of_record
SF:lib/widgets/news/show_all.dart
DA:10,2
DA:18,2
DA:20,2
DA:21,1
DA:22,1
DA:24,1
DA:25,2
DA:26,1
DA:27,1
DA:28,1
DA:29,1
DA:30,1
DA:33,2
DA:35,2
DA:36,2
DA:37,2
DA:38,2
DA:39,0
DA:40,0
DA:42,0
DA:43,0
DA:45,0
DA:49,2
DA:50,8
DA:51,0
DA:53,6
DA:59,2
DA:60,2
DA:63,2
DA:64,8
DA:68,2
DA:69,2
LF:32
LH:26
end_of_record
SF:lib/pages/news/search_news.dart
DA:10,1
DA:13,1
DA:14,1
DA:21,1
DA:22,2
DA:23,1
DA:24,5
DA:28,1
DA:30,1
DA:31,1
DA:32,1
DA:33,1
DA:34,2
DA:35,1
DA:36,1
DA:40,1
DA:42,3
DA:45,1
DA:46,1
DA:47,1
DA:48,1
DA:50,1
DA:51,1
DA:52,2
DA:55,1
DA:56,1
DA:57,1
DA:58,1
DA:59,2
DA:61,1
DA:62,0
DA:63,3
DA:64,3
DA:65,1
DA:67,1
DA:68,1
DA:70,1
DA:71,3
DA:73,1
DA:76,1
DA:96,1
DA:99,1
DA:100,1
DA:101,1
DA:102,3
DA:104,1
DA:105,1
DA:124,1
DA:125,1
DA:126,1
DA:127,1
DA:128,1
DA:129,1
DA:130,1
DA:131,1
DA:132,1
DA:133,1
DA:134,2
LF:58
LH:57
end_of_record
SF:lib/widgets/news/blog_tile.dart
DA:10,4
DA:18,4
DA:20,4
DA:21,1
DA:22,1
DA:24,1
DA:25,2
DA:26,1
DA:27,1
DA:28,1
DA:29,1
DA:30,1
DA:33,4
DA:35,4
DA:37,4
DA:39,4
DA:40,8
DA:41,4
DA:45,8
DA:46,4
DA:47,4
DA:48,4
DA:49,0
DA:50,0
DA:52,0
DA:56,0
DA:58,0
DA:59,0
DA:63,4
DA:64,16
DA:68,16
DA:70,0
DA:71,16
DA:76,4
DA:77,4
DA:78,4
DA:79,16
DA:80,4
DA:81,4
DA:84,4
DA:85,4
DA:86,4
DA:87,4
DA:88,4
DA:96,4
DA:97,16
DA:98,4
DA:99,4
DA:102,4
DA:103,4
DA:104,4
DA:105,4
DA:106,4
LF:53
LH:46
end_of_record
SF:lib/pages/search_page.dart
DA:19,1
DA:24,1
DA:25,1
DA:39,1
DA:41,1
DA:44,1
DA:45,3
DA:46,1
DA:47,1
DA:49,2
DA:50,3
DA:51,1
DA:52,2
DA:53,2
DA:55,2
DA:56,3
DA:57,1
DA:58,2
DA:59,2
DA:62,3
DA:63,1
DA:64,2
DA:65,2
DA:69,3
DA:73,1
DA:75,5
DA:77,1
DA:78,1
DA:79,1
DA:81,1
DA:84,2
DA:87,2
DA:89,1
DA:90,1
DA:91,1
DA:93,1
DA:94,1
DA:95,2
DA:97,5
DA:100,1
DA:104,1
DA:105,2
DA:106,1
DA:107,1
DA:111,1
DA:112,1
DA:113,2
DA:114,1
DA:115,1
DA:116,0
DA:117,0
DA:120,2
DA:121,1
DA:122,3
DA:123,1
DA:126,1
DA:127,1
DA:128,1
DA:129,2
DA:130,3
DA:132,0
DA:134,1
DA:136,2
DA:137,1
DA:138,2
DA:140,0
DA:142,1
DA:144,1
DA:145,2
DA:147,0
DA:149,1
DA:151,1
DA:152,5
DA:159,1
DA:160,2
DA:162,2
DA:174,2
DA:175,1
DA:177,3
DA:180,1
DA:183,1
DA:185,1
DA:186,2
DA:187,3
DA:189,0
DA:191,1
DA:193,2
DA:194,1
DA:195,2
DA:197,0
DA:199,1
DA:201,1
DA:202,2
DA:204,0
DA:206,1
DA:208,1
DA:209,5
DA:216,1
DA:217,2
DA:219,2
DA:234,1
DA:235,1
DA:236,1
DA:237,2
DA:238,3
DA:239,2
DA:240,1
DA:241,1
DA:243,1
DA:245,3
DA:248,1
DA:253,0
DA:254,0
DA:255,0
DA:257,2
DA:258,3
DA:259,2
DA:261,1
DA:263,3
DA:265,3
DA:269,2
DA:270,3
DA:271,1
DA:272,2
DA:273,1
DA:274,2
DA:277,1
DA:278,0
DA:280,1
DA:281,2
DA:284,1
DA:285,1
DA:291,0
DA:303,1
DA:305,2
DA:306,2
DA:307,2
DA:308,1
LF:138
LH:125
end_of_record
SF:lib/widgets/events/event_tile.dart
DA:14,2
DA:19,2
DA:21,2
DA:23,2
DA:24,2
DA:25,2
DA:26,2
DA:27,0
DA:28,0
DA:29,0
DA:30,0
DA:31,0
DA:32,0
DA:33,0
DA:34,0
DA:35,0
DA:36,0
DA:41,2
DA:42,2
DA:43,8
DA:46,2
DA:47,2
DA:49,8
DA:52,6
DA:53,2
DA:54,4
DA:55,2
DA:57,8
DA:62,8
DA:65,2
DA:66,8
LF:31
LH:21
end_of_record
SF:lib/pages/chats/chat_page.dart
DA:23,1
DA:31,1
DA:32,1
DA:42,1
DA:44,1
DA:45,3
DA:46,3
DA:47,3
DA:50,1
DA:52,1
DA:53,2
DA:54,1
DA:56,1
DA:58,1
DA:59,1
DA:61,1
DA:62,2
DA:64,2
DA:72,2
DA:73,1
DA:75,1
DA:76,2
DA:82,1
DA:83,1
DA:84,1
DA:86,1
DA:87,1
DA:88,2
DA:89,1
DA:94,1
DA:97,1
DA:98,2
DA:99,1
DA:103,1
DA:104,1
DA:105,1
DA:106,1
DA:107,1
DA:116,1
DA:117,1
DA:118,5
DA:119,1
DA:120,1
DA:121,1
DA:122,2
DA:126,1
DA:127,1
DA:128,1
DA:129,1
DA:131,1
DA:132,1
DA:133,1
DA:134,1
DA:135,1
DA:136,3
DA:137,1
DA:138,2
DA:139,1
DA:140,1
DA:141,1
DA:142,3
DA:144,0
DA:146,1
DA:154,1
DA:155,1
DA:156,2
DA:159,1
DA:160,2
DA:161,2
DA:164,1
DA:165,2
DA:166,2
DA:167,1
DA:169,2
DA:173,1
DA:176,1
DA:178,3
DA:180,1
DA:181,2
DA:184,1
DA:185,2
DA:186,2
DA:192,1
DA:194,2
DA:195,1
DA:196,2
DA:198,2
DA:199,1
DA:200,4
DA:201,2
DA:205,0
DA:212,1
DA:213,1
DA:215,1
DA:216,1
DA:218,1
DA:219,2
DA:220,4
DA:221,1
DA:224,1
DA:227,4
DA:228,1
DA:231,1
DA:234,1
DA:235,3
DA:243,1
DA:244,2
DA:256,1
DA:257,1
DA:258,4
DA:259,1
DA:260,1
DA:261,1
DA:262,2
DA:266,1
DA:267,1
DA:269,1
DA:270,1
DA:272,1
DA:273,1
DA:274,1
DA:276,1
DA:280,1
DA:281,2
DA:282,4
DA:283,2
DA:284,0
DA:285,1
DA:286,1
DA:287,2
DA:289,1
DA:290,1
DA:291,3
DA:292,1
DA:293,2
DA:294,0
DA:295,0
DA:296,0
DA:297,0
DA:299,0
DA:301,0
DA:309,1
DA:310,2
DA:313,1
DA:314,2
DA:315,2
DA:318,1
DA:320,1
DA:321,3
DA:322,1
DA:323,2
DA:324,1
DA:325,1
DA:326,1
DA:327,3
DA:329,0
DA:331,1
DA:339,1
DA:340,2
DA:342,1
DA:345,1
DA:350,1
DA:351,2
DA:352,2
DA:355,1
DA:362,1
DA:364,0
DA:365,0
DA:366,0
DA:368,0
DA:369,0
DA:370,0
DA:371,0
DA:375,0
LF:174
LH:156
end_of_record
SF:lib/pages/chats/groups/create_group_page.dart
DA:23,2
DA:30,2
DA:31,2
DA:46,2
DA:48,6
DA:51,2
DA:52,2
DA:53,2
DA:55,1
DA:56,1
DA:59,0
DA:62,2
DA:63,2
DA:65,4
DA:66,2
DA:68,4
DA:69,2
DA:71,2
DA:72,4
DA:77,4
DA:78,6
DA:79,1
DA:81,1
DA:82,3
DA:84,1
DA:86,1
DA:87,2
DA:91,2
DA:92,2
DA:93,4
DA:94,2
DA:96,2
DA:97,1
DA:101,2
DA:102,4
DA:104,2
DA:106,6
DA:109,2
DA:110,2
DA:112,2
DA:114,2
DA:123,1
DA:125,1
DA:127,1
DA:128,1
DA:130,0
DA:137,2
DA:138,1
DA:139,2
DA:141,1
DA:142,2
DA:143,0
DA:146,3
DA:150,2
DA:151,2
DA:153,2
DA:154,2
DA:156,2
DA:157,2
DA:158,2
DA:159,2
DA:165,2
DA:166,6
DA:167,2
DA:169,2
DA:170,0
DA:171,0
DA:172,0
DA:173,0
DA:174,0
DA:177,0
DA:178,0
DA:179,0
DA:180,0
DA:187,2
DA:188,2
DA:193,2
DA:195,2
DA:199,2
DA:200,6
DA:201,2
DA:204,2
DA:205,6
DA:213,2
DA:214,2
DA:215,2
DA:216,6
DA:218,2
DA:219,2
DA:220,2
DA:224,2
DA:225,6
DA:226,2
DA:227,4
DA:228,0
DA:229,0
DA:230,0
DA:231,0
DA:233,0
DA:239,2
DA:243,2
DA:247,2
DA:251,2
DA:252,4
DA:253,2
DA:254,1
DA:258,3
DA:259,1
DA:260,2
DA:261,1
DA:267,2
DA:271,2
DA:272,2
DA:276,2
DA:278,2
DA:279,2
DA:280,2
DA:281,4
DA:282,2
DA:295,1
DA:296,1
DA:297,1
DA:298,1
DA:302,2
DA:303,2
DA:304,10
DA:307,1
DA:308,1
DA:309,2
DA:311,1
DA:312,2
DA:313,1
DA:314,1
DA:316,1
DA:319,5
LF:135
LH:118
end_of_record
SF:lib/widgets/chats/group_chat_tile.dart
DA:20,2
DA:30,2
DA:31,2
DA:43,2
DA:45,2
DA:48,2
DA:50,2
DA:51,2
DA:53,2
DA:62,0
DA:63,0
DA:64,0
DA:67,2
DA:69,1
DA:70,2
DA:71,3
DA:72,4
DA:75,2
DA:76,1
DA:77,2
DA:78,2
DA:79,2
DA:81,2
DA:82,2
DA:83,2
DA:84,1
DA:89,2
DA:91,2
DA:94,2
DA:95,2
DA:96,2
DA:97,8
DA:100,2
DA:101,2
DA:102,8
DA:103,2
DA:105,2
DA:106,2
DA:107,2
DA:109,8
DA:110,2
DA:112,6
DA:113,2
DA:115,2
DA:116,2
DA:117,2
DA:118,2
DA:124,6
DA:125,2
DA:127,2
DA:128,2
DA:129,10
DA:131,3
DA:136,6
DA:137,4
DA:139,0
DA:140,0
DA:141,2
DA:142,2
DA:144,8
DA:146,2
DA:148,8
DA:168,6
DA:169,2
DA:172,2
DA:173,2
DA:174,12
DA:175,4
DA:176,12
DA:177,4
DA:178,2
DA:179,2
DA:180,2
DA:181,1
DA:182,1
DA:183,1
DA:184,1
DA:185,9
DA:186,6
DA:187,3
DA:188,0
DA:189,8
DA:190,2
DA:192,10
DA:193,2
DA:198,10
DA:199,1
DA:201,1
DA:203,2
DA:204,1
DA:206,1
DA:207,4
DA:208,1
LF:93
LH:87
end_of_record
SF:lib/widgets/chats/private_chat_tile.dart
DA:20,2
DA:30,2
DA:31,2
DA:43,2
DA:45,2
DA:48,2
DA:50,2
DA:51,2
DA:53,2
DA:62,0
DA:63,0
DA:65,2
DA:67,1
DA:68,2
DA:69,4
DA:71,2
DA:72,1
DA:73,2
DA:74,2
DA:75,2
DA:77,2
DA:78,2
DA:79,2
DA:80,2
DA:85,2
DA:87,2
DA:90,2
DA:91,2
DA:92,2
DA:93,2
DA:94,6
DA:98,2
DA:99,2
DA:100,8
DA:101,2
DA:103,2
DA:104,2
DA:105,6
DA:106,2
DA:107,2
DA:108,2
DA:109,2
DA:110,2
DA:115,6
DA:116,2
DA:118,2
DA:119,2
DA:120,10
DA:123,4
DA:128,6
DA:129,4
DA:131,5
DA:132,2
DA:133,2
DA:134,2
DA:136,8
DA:138,2
DA:140,6
DA:141,2
DA:161,6
DA:162,2
DA:165,2
DA:166,2
DA:167,12
DA:168,4
DA:169,12
DA:170,4
DA:171,2
DA:172,4
DA:173,4
DA:174,2
DA:175,2
DA:176,2
DA:177,2
DA:178,9
DA:179,6
DA:180,3
DA:181,0
DA:182,8
DA:183,2
DA:185,6
DA:186,4
DA:188,2
DA:193,10
DA:194,1
DA:196,1
DA:198,2
DA:199,1
DA:201,1
DA:202,1
DA:203,3
DA:204,1
LF:92
LH:89
end_of_record
SF:lib/pages/home_page.dart
DA:27,2
DA:33,2
DA:34,2
DA:46,0
DA:47,0
DA:50,0
DA:52,0
DA:53,0
DA:54,0
DA:55,0
DA:56,0
DA:57,0
DA:58,0
DA:59,0
DA:61,0
DA:63,0
DA:65,0
DA:66,0
DA:67,0
DA:70,0
DA:71,0
DA:72,0
DA:73,0
DA:77,2
DA:79,8
DA:80,6
DA:81,4
DA:82,8
DA:84,10
DA:85,10
DA:86,10
DA:87,10
DA:88,10
DA:89,10
DA:91,2
DA:92,6
DA:93,6
DA:96,2
DA:98,2
DA:99,2
DA:100,2
DA:101,4
DA:102,2
DA:103,0
DA:104,0
DA:129,2
DA:132,2
DA:133,2
DA:134,4
DA:137,0
DA:138,0
DA:139,0
DA:140,0
DA:141,0
DA:142,0
DA:143,0
DA:145,0
DA:146,0
DA:147,0
DA:148,0
DA:149,0
DA:150,0
DA:151,0
DA:152,0
DA:153,0
DA:157,0
DA:158,0
DA:159,0
DA:160,0
DA:163,0
DA:164,0
DA:165,0
DA:168,0
DA:169,0
DA:170,0
DA:171,0
DA:173,0
DA:174,0
DA:179,0
DA:180,0
DA:184,8
DA:185,2
DA:186,4
DA:187,2
DA:195,2
DA:197,4
DA:198,2
LF:87
LH:34
end_of_record
SF:lib/pages/chats/chat_tablet_page.dart
DA:33,1
DA:45,1
DA:46,1
DA:60,1
DA:62,1
DA:63,3
DA:64,3
DA:65,3
DA:67,2
DA:68,2
DA:69,3
DA:70,2
DA:71,2
DA:72,2
DA:73,1
DA:74,1
DA:75,1
DA:77,1
DA:78,2
DA:79,2
DA:83,2
DA:84,2
DA:85,1
DA:86,3
DA:87,3
DA:88,2
DA:89,2
DA:90,1
DA:91,1
DA:92,1
DA:94,1
DA:95,1
DA:96,2
DA:97,2
DA:103,1
DA:104,2
DA:105,1
DA:109,1
DA:111,1
DA:112,1
DA:113,1
DA:114,1
DA:115,1
DA:121,1
DA:122,1
DA:125,7
DA:129,1
DA:130,1
DA:131,4
DA:132,5
DA:133,1
DA:135,1
DA:136,1
DA:137,1
DA:140,1
DA:141,1
DA:143,1
DA:145,1
DA:148,3
DA:152,1
DA:154,1
DA:157,1
DA:158,2
DA:160,1
DA:161,2
DA:167,1
DA:169,1
DA:171,1
DA:172,1
DA:173,2
DA:174,1
DA:180,1
DA:182,1
DA:183,1
DA:186,1
DA:187,2
DA:188,1
DA:193,1
DA:194,1
DA:195,1
DA:196,1
DA:197,1
DA:207,1
DA:208,1
DA:209,5
DA:210,1
DA:211,1
DA:212,1
DA:213,2
DA:218,1
DA:219,1
DA:220,1
DA:221,1
DA:223,1
DA:224,1
DA:225,1
DA:226,1
DA:227,1
DA:228,3
DA:229,1
DA:230,2
DA:231,1
DA:232,1
DA:233,1
DA:234,3
DA:236,0
DA:238,1
DA:247,1
DA:248,4
DA:249,4
DA:250,4
DA:251,4
DA:252,2
DA:253,0
DA:254,0
DA:255,0
DA:256,0
DA:257,0
DA:258,0
DA:259,0
DA:261,0
DA:262,0
DA:264,0
DA:265,0
DA:266,0
DA:269,0
DA:270,0
DA:272,0
DA:273,0
DA:275,0
DA:276,0
DA:277,0
DA:284,1
DA:285,1
DA:286,1
DA:287,3
DA:288,2
DA:289,1
DA:290,4
DA:291,1
DA:292,1
DA:298,1
DA:299,2
DA:300,1
DA:301,2
DA:302,2
DA:303,2
DA:305,1
DA:306,1
DA:308,1
DA:309,2
DA:310,2
DA:316,1
DA:317,2
DA:318,2
DA:319,1
DA:321,2
DA:325,1
DA:328,1
DA:330,3
DA:332,1
DA:333,1
DA:334,3
DA:335,2
DA:336,1
DA:337,4
DA:338,1
DA:339,1
DA:345,1
DA:346,2
DA:347,1
DA:348,2
DA:349,2
DA:350,2
DA:351,2
DA:353,1
DA:354,1
DA:356,1
DA:358,2
DA:359,2
DA:367,1
DA:369,2
DA:370,1
DA:371,2
DA:373,2
DA:374,1
DA:375,4
DA:376,4
DA:377,2
DA:381,0
DA:388,1
DA:389,1
DA:390,5
DA:391,1
DA:392,1
DA:393,1
DA:394,2
DA:397,1
DA:399,1
DA:401,1
DA:402,1
DA:404,1
DA:405,1
DA:406,1
DA:407,1
DA:411,1
DA:412,2
DA:413,4
DA:414,2
DA:415,0
DA:416,1
DA:417,1
DA:418,2
DA:420,1
DA:421,1
DA:422,3
DA:423,3
DA:424,0
DA:425,0
DA:426,0
DA:427,0
DA:429,0
DA:431,0
DA:440,1
DA:441,4
DA:442,4
DA:443,4
DA:444,0
DA:445,0
DA:446,0
DA:447,0
DA:448,0
DA:449,0
DA:450,0
DA:452,0
DA:453,0
DA:456,0
DA:458,0
DA:459,0
DA:462,0
DA:463,0
DA:465,0
DA:466,0
DA:469,0
DA:471,0
DA:478,1
DA:479,1
DA:480,1
DA:481,1
DA:482,2
DA:483,1
DA:484,4
DA:485,1
DA:486,1
DA:487,1
DA:491,1
DA:492,2
DA:493,1
DA:494,1
DA:495,2
DA:496,2
DA:497,2
DA:499,1
DA:500,1
DA:503,1
DA:504,2
DA:505,2
DA:513,1
DA:515,1
DA:516,3
DA:517,3
DA:518,1
DA:519,1
DA:520,1
DA:521,3
DA:523,0
DA:525,1
DA:533,1
DA:534,1
DA:535,1
DA:536,1
DA:538,2
DA:539,1
DA:540,4
DA:541,1
DA:542,1
DA:543,1
DA:547,1
DA:548,2
DA:549,1
DA:550,1
DA:551,2
DA:552,2
DA:553,2
DA:554,1
DA:556,2
DA:557,2
DA:559,1
DA:560,1
DA:562,1
DA:565,1
DA:573,1
DA:576,1
DA:584,1
DA:591,1
DA:593,2
DA:594,1
DA:595,2
DA:597,2
DA:598,1
DA:599,4
DA:600,4
DA:601,2
DA:605,0
DA:612,1
DA:613,1
DA:615,1
DA:616,1
DA:618,1
DA:619,2
DA:620,4
DA:621,0
DA:624,1
DA:627,4
DA:628,0
DA:631,1
DA:634,1
DA:635,3
DA:643,1
DA:644,2
LF:330
LH:280
end_of_record
SF:lib/widgets/chats/group_chat_tile_tablet.dart
DA:12,2
DA:29,2
DA:31,2
DA:32,2
DA:34,2
DA:43,2
DA:44,2
DA:46,1
DA:47,3
DA:49,2
DA:52,10
DA:53,2
DA:56,2
DA:57,2
DA:58,2
DA:59,6
DA:62,2
DA:64,2
DA:65,2
DA:66,2
DA:67,8
DA:68,2
DA:70,4
DA:71,2
DA:73,2
DA:74,2
DA:75,2
DA:76,2
DA:82,4
DA:83,2
DA:85,2
DA:86,2
DA:87,8
DA:89,2
DA:94,8
DA:96,0
DA:97,2
DA:98,2
DA:100,8
DA:102,2
DA:104,6
DA:123,4
DA:124,2
DA:125,2
DA:126,8
DA:127,2
DA:130,2
DA:131,2
DA:132,14
DA:133,4
DA:134,2
DA:135,2
DA:136,2
DA:137,4
DA:138,2
DA:139,2
DA:140,2
DA:141,1
DA:142,1
DA:143,1
DA:144,5
DA:145,3
DA:147,16
DA:148,0
DA:149,7
DA:150,2
DA:152,8
DA:153,2
DA:158,8
DA:159,1
DA:161,1
DA:163,2
DA:164,1
DA:166,1
DA:167,3
DA:168,1
LF:76
LH:74
end_of_record
SF:lib/widgets/chats/private_chat_tile_tablet.dart
DA:13,2
DA:30,2
DA:32,2
DA:33,2
DA:35,2
DA:44,2
DA:45,2
DA:47,1
DA:48,3
DA:50,2
DA:53,10
DA:54,2
DA:57,2
DA:58,2
DA:59,2
DA:60,2
DA:61,4
DA:65,2
DA:66,2
DA:67,8
DA:68,2
DA:70,2
DA:71,2
DA:72,4
DA:73,2
DA:74,2
DA:75,2
DA:76,2
DA:77,2
DA:82,4
DA:83,2
DA:85,2
DA:86,2
DA:87,8
DA:89,3
DA:94,2
DA:95,6
DA:97,3
DA:98,3
DA:99,2
DA:100,2
DA:102,8
DA:104,2
DA:106,6
DA:126,4
DA:127,2
DA:130,2
DA:131,2
DA:132,10
DA:133,4
DA:134,10
DA:135,4
DA:136,2
DA:137,4
DA:138,2
DA:139,2
DA:140,2
DA:141,2
DA:142,2
DA:143,8
DA:144,5
DA:145,3
DA:146,0
DA:147,7
DA:148,2
DA:150,8
DA:151,2
DA:156,8
DA:157,1
DA:159,1
DA:161,2
DA:162,1
DA:164,1
DA:165,3
DA:166,1
LF:75
LH:74
end_of_record
