SF:lib/models/user.dart
DA:17,21
DA:33,4
DA:35,4
DA:36,4
DA:37,4
DA:38,4
DA:39,4
DA:40,4
DA:41,4
DA:42,16
DA:43,4
DA:44,4
DA:45,4
DA:46,4
DA:47,4
DA:48,8
DA:49,4
DA:50,4
DA:51,4
DA:52,4
DA:53,4
DA:54,8
DA:55,4
DA:56,4
DA:59,3
DA:62,3
DA:68,3
DA:71,3
LF:28
LH:28
end_of_record
SF:lib/models/category_model.dart
DA:5,2
LF:1
LH:1
end_of_record
SF:lib/models/last_message.dart
DA:11,9
LF:1
LH:1
end_of_record
SF:lib/models/message.dart
DA:14,9
DA:19,1
DA:20,1
DA:21,1
DA:22,1
DA:26,1
DA:27,1
DA:28,1
DA:29,1
DA:33,1
DA:37,1
DA:38,3
DA:39,3
DA:42,0
DA:44,0
DA:59,8
DA:72,1
DA:73,1
DA:74,1
DA:75,1
DA:76,1
DA:77,1
DA:78,5
DA:79,2
DA:80,1
DA:84,1
DA:86,1
DA:88,1
DA:89,1
DA:90,2
DA:91,1
DA:92,1
DA:93,1
DA:94,1
DA:95,3
DA:96,1
DA:97,1
DA:99,1
DA:100,1
DA:101,2
DA:103,2
DA:105,2
DA:108,1
LF:43
LH:41
end_of_record
SF:lib/models/event.dart
DA:15,10
DA:27,1
DA:28,1
DA:29,1
DA:30,2
DA:31,2
DA:32,2
DA:33,2
DA:34,2
DA:35,1
DA:36,2
DA:37,2
DA:38,2
DA:39,2
DA:40,2
DA:42,1
DA:43,5
DA:44,1
DA:45,1
DA:49,2
DA:51,4
DA:52,4
DA:53,2
DA:56,2
DA:59,10
DA:60,2
DA:61,4
DA:62,4
DA:78,10
DA:89,1
DA:90,1
DA:91,1
DA:92,1
DA:93,1
DA:94,1
DA:95,1
DA:96,1
DA:97,1
DA:101,2
DA:103,6
DA:104,4
DA:105,1
DA:106,2
DA:107,6
DA:108,2
DA:109,2
DA:110,2
DA:111,2
DA:112,2
DA:113,2
DA:114,2
DA:115,2
DA:116,2
DA:121,2
DA:122,2
DA:123,2
DA:124,2
DA:125,2
DA:126,2
DA:127,2
DA:128,2
DA:129,2
DA:134,1
DA:138,0
DA:141,0
DA:143,0
LF:66
LH:63
end_of_record
SF:lib/models/group.dart
DA:16,14
DA:29,1
DA:30,1
DA:31,1
DA:32,1
DA:33,1
DA:34,1
DA:36,5
DA:37,1
DA:41,2
DA:42,2
DA:43,2
DA:44,2
DA:45,2
DA:46,2
DA:47,2
DA:48,2
DA:49,8
DA:50,2
DA:51,2
DA:52,4
DA:54,1
DA:56,2
DA:58,2
DA:60,2
DA:63,1
DA:64,1
DA:65,1
DA:67,2
DA:68,6
DA:69,2
DA:70,2
DA:71,2
DA:72,2
DA:73,2
DA:74,2
DA:75,2
LF:37
LH:37
end_of_record
SF:lib/models/article_model.dart
DA:7,4
LF:1
LH:1
end_of_record
SF:lib/models/private_chat.dart
DA:9,7
DA:15,1
DA:16,1
DA:17,2
DA:18,2
DA:20,1
DA:22,2
DA:24,2
DA:26,0
DA:29,1
DA:30,1
DA:31,1
DA:33,1
DA:37,1
DA:38,1
DA:39,1
DA:40,1
DA:41,1
DA:42,1
DA:43,1
DA:44,1
LF:21
LH:20
end_of_record
SF:lib/pages/responsive_layout.dart
DA:8,7
DA:12,5
DA:14,20
DA:15,1
DA:17,4
LF:5
LH:5
end_of_record
SF:lib/pages/user_profile/user_profile_page.dart
DA:29,7
DA:35,4
DA:36,4
DA:46,4
DA:48,20
DA:49,24
DA:50,24
DA:51,24
DA:52,20
DA:53,24
DA:54,24
DA:55,24
DA:56,16
DA:57,8
DA:58,12
DA:60,4
DA:63,4
DA:65,24
DA:67,4
DA:68,4
DA:69,8
DA:72,4
DA:74,1
DA:75,0
DA:83,4
DA:84,8
DA:87,4
DA:88,12
DA:89,20
DA:90,4
DA:91,4
DA:94,12
DA:95,4
DA:96,2
DA:97,6
DA:98,0
DA:99,0
DA:102,2
DA:104,2
DA:105,2
DA:106,2
DA:107,10
DA:112,4
DA:113,2
DA:114,2
DA:115,2
DA:116,10
DA:121,4
DA:122,2
DA:123,2
DA:124,1
DA:125,1
DA:126,2
DA:127,1
DA:128,1
DA:130,2
DA:132,10
DA:136,4
DA:138,4
DA:139,4
DA:141,4
DA:142,4
DA:143,4
DA:144,4
DA:145,8
DA:147,4
DA:149,4
DA:151,4
DA:154,4
DA:155,4
DA:156,4
DA:158,4
DA:159,12
DA:160,4
DA:162,8
DA:163,4
DA:164,4
DA:165,4
DA:172,4
DA:173,4
DA:174,24
DA:175,16
DA:176,4
DA:187,8
DA:188,3
DA:189,6
DA:190,3
DA:193,3
DA:194,3
DA:195,3
DA:197,6
DA:199,3
DA:201,3
DA:203,6
DA:213,4
DA:214,3
DA:216,3
DA:217,3
DA:220,1
DA:222,1
DA:223,3
DA:224,5
DA:225,6
DA:226,6
DA:228,0
DA:230,0
DA:231,0
DA:232,0
DA:233,0
DA:237,0
DA:238,0
DA:241,0
DA:242,0
DA:243,0
DA:244,0
DA:245,0
DA:253,3
DA:254,3
DA:255,3
DA:259,3
DA:260,0
DA:262,9
DA:266,1
DA:267,0
DA:275,3
DA:278,1
DA:279,4
DA:280,1
DA:281,1
DA:284,2
DA:285,3
DA:286,1
DA:287,2
DA:288,1
DA:292,1
DA:294,1
DA:311,4
DA:313,4
DA:314,4
DA:315,4
DA:316,3
DA:318,1
DA:319,4
DA:320,4
DA:321,4
DA:324,1
DA:325,2
DA:326,1
DA:330,4
DA:331,4
DA:334,1
DA:336,1
DA:337,1
DA:338,1
DA:341,2
DA:342,1
DA:343,1
DA:344,1
DA:347,1
DA:349,1
DA:352,2
DA:353,1
DA:354,1
DA:355,1
DA:358,1
DA:360,1
DA:362,2
DA:363,1
DA:364,1
DA:365,1
DA:372,1
DA:373,0
DA:385,4
DA:386,24
DA:388,4
DA:389,8
DA:390,4
DA:391,4
DA:392,4
DA:393,3
DA:394,3
DA:396,3
DA:398,3
DA:400,3
DA:402,3
DA:422,1
DA:423,1
DA:424,1
DA:433,1
DA:434,1
DA:435,1
DA:436,1
DA:437,2
DA:439,1
DA:440,2
DA:441,1
DA:442,1
DA:446,1
DA:447,1
DA:454,1
DA:464,0
DA:469,0
DA:473,4
DA:474,24
DA:476,4
DA:477,8
DA:478,4
DA:479,4
DA:480,4
DA:481,3
DA:482,3
DA:484,3
DA:486,3
DA:488,3
DA:490,3
DA:510,1
DA:511,1
DA:512,1
DA:520,1
DA:521,1
DA:522,1
DA:523,1
DA:524,2
DA:526,1
DA:527,2
DA:528,1
DA:529,1
DA:533,1
DA:534,1
DA:541,1
DA:550,0
DA:555,0
DA:559,4
DA:560,24
DA:562,4
DA:563,4
DA:564,4
DA:565,1
DA:566,6
DA:567,1
DA:568,1
DA:569,1
DA:570,2
DA:571,2
DA:576,4
DA:578,4
DA:579,4
DA:580,4
DA:581,4
DA:582,4
DA:583,8
DA:584,4
DA:586,8
DA:587,4
DA:588,4
DA:589,4
DA:593,2
DA:595,1
DA:598,5
DA:601,0
DA:608,4
DA:609,4
DA:612,20
DA:622,4
DA:623,24
DA:625,4
DA:626,4
DA:627,4
DA:628,1
DA:629,6
DA:630,1
DA:631,1
DA:632,1
DA:633,2
DA:634,2
DA:639,4
DA:641,4
DA:642,4
DA:643,4
DA:644,4
DA:645,4
DA:646,8
DA:647,4
DA:649,8
DA:650,4
DA:651,4
DA:652,4
DA:656,2
DA:658,1
DA:661,5
DA:664,0
DA:671,4
DA:673,4
DA:675,20
DA:686,4
DA:687,24
DA:689,4
DA:690,4
DA:691,4
DA:692,1
DA:693,6
DA:694,1
DA:695,1
DA:696,1
DA:697,2
DA:698,2
DA:703,4
DA:705,4
DA:706,4
DA:707,4
DA:708,4
DA:709,4
DA:710,8
DA:711,4
DA:713,8
DA:714,4
DA:715,4
DA:716,4
DA:720,2
DA:722,1
DA:725,5
DA:728,0
DA:735,4
DA:737,4
DA:739,20
DA:750,4
DA:752,4
LF:327
LH:302
end_of_record
SF:lib/pages/user_profile/user_profile_tablet_page.dart
DA:28,7
DA:34,1
DA:35,1
DA:46,1
DA:48,1
DA:49,5
DA:50,6
DA:51,6
DA:52,6
DA:53,5
DA:54,6
DA:55,6
DA:56,6
DA:57,4
DA:59,2
DA:60,3
DA:64,1
DA:66,6
DA:68,1
DA:69,1
DA:70,2
DA:73,1
DA:75,1
DA:76,0
DA:84,1
DA:85,2
DA:88,1
DA:89,3
DA:90,5
DA:91,1
DA:92,1
DA:95,3
DA:96,1
DA:97,0
DA:98,0
DA:99,0
DA:100,0
DA:103,1
DA:105,1
DA:106,1
DA:107,1
DA:108,5
DA:113,1
DA:114,0
DA:115,0
DA:116,0
DA:117,0
DA:122,1
DA:123,1
DA:124,2
DA:125,1
DA:126,1
DA:127,2
DA:128,1
DA:129,1
DA:131,1
DA:133,5
DA:137,1
DA:139,1
DA:140,1
DA:142,1
DA:144,1
DA:145,2
DA:146,1
DA:148,1
DA:149,3
DA:150,1
DA:153,5
DA:157,1
DA:159,1
DA:160,1
DA:162,1
DA:164,1
DA:168,1
DA:170,4
DA:171,1
DA:172,1
DA:183,2
DA:184,1
DA:185,2
DA:186,1
DA:189,1
DA:190,1
DA:191,1
DA:193,2
DA:195,1
DA:197,1
DA:199,2
DA:210,1
DA:211,1
DA:213,1
DA:214,1
DA:217,1
DA:219,1
DA:220,3
DA:221,5
DA:222,6
DA:223,6
DA:225,0
DA:227,0
DA:228,0
DA:229,0
DA:230,0
DA:234,0
DA:235,0
DA:238,0
DA:239,0
DA:240,0
DA:241,0
DA:242,0
DA:250,1
DA:251,1
DA:252,1
DA:256,1
DA:257,0
DA:259,3
DA:263,0
DA:264,0
DA:272,1
DA:275,1
DA:276,4
DA:277,1
DA:278,1
DA:281,2
DA:282,3
DA:283,1
DA:284,2
DA:285,1
DA:289,1
DA:291,1
DA:308,1
DA:310,1
DA:311,1
DA:312,1
DA:313,1
DA:315,1
DA:316,1
DA:317,1
DA:318,1
DA:321,1
DA:322,2
DA:323,1
DA:327,1
DA:328,1
DA:331,1
DA:333,1
DA:334,1
DA:335,1
DA:338,2
DA:339,1
DA:340,1
DA:341,1
DA:344,1
DA:346,1
DA:349,2
DA:350,1
DA:351,1
DA:352,1
DA:355,1
DA:357,1
DA:359,2
DA:360,1
DA:361,1
DA:362,1
DA:369,0
DA:370,0
DA:382,1
DA:383,6
DA:385,1
DA:386,2
DA:387,1
DA:388,1
DA:389,1
DA:390,0
DA:391,0
DA:393,0
DA:395,0
DA:397,0
DA:399,0
DA:419,1
DA:420,1
DA:421,1
DA:430,1
DA:431,1
DA:432,1
DA:433,1
DA:434,2
DA:436,1
DA:437,2
DA:438,1
DA:439,1
DA:443,1
DA:444,1
DA:451,1
DA:461,0
DA:466,0
DA:470,1
DA:471,6
DA:473,1
DA:474,2
DA:475,1
DA:476,1
DA:477,1
DA:478,0
DA:479,0
DA:481,0
DA:483,0
DA:485,0
DA:487,0
DA:507,1
DA:508,1
DA:509,1
DA:518,1
DA:519,1
DA:520,1
DA:521,1
DA:522,2
DA:524,1
DA:525,2
DA:526,1
DA:527,1
DA:531,1
DA:532,1
DA:539,1
DA:549,0
DA:554,0
DA:558,1
DA:559,6
DA:561,1
DA:562,1
DA:563,1
DA:564,1
DA:565,6
DA:566,1
DA:567,1
DA:568,1
DA:569,2
DA:570,2
DA:575,1
DA:577,1
DA:578,1
DA:579,1
DA:580,1
DA:581,1
DA:582,2
DA:583,1
DA:585,2
DA:586,1
DA:587,1
DA:588,1
DA:592,0
DA:594,0
DA:597,0
DA:600,0
DA:607,1
DA:608,1
DA:611,5
DA:621,1
DA:622,6
DA:624,1
DA:625,1
DA:626,1
DA:627,1
DA:628,6
DA:629,1
DA:630,1
DA:631,1
DA:632,2
DA:633,2
DA:638,1
DA:640,1
DA:641,1
DA:642,1
DA:643,1
DA:644,1
DA:645,2
DA:646,1
DA:648,2
DA:649,1
DA:650,1
DA:651,1
DA:655,0
DA:657,0
DA:660,0
DA:663,0
DA:670,1
DA:672,1
DA:674,5
DA:685,1
DA:686,6
DA:688,1
DA:689,1
DA:690,1
DA:691,1
DA:692,6
DA:693,1
DA:694,1
DA:695,1
DA:696,2
DA:697,2
DA:702,1
DA:704,1
DA:705,1
DA:706,1
DA:707,1
DA:708,1
DA:709,2
DA:710,1
DA:712,2
DA:713,1
DA:714,1
DA:715,1
DA:719,0
DA:721,0
DA:724,0
DA:727,0
DA:734,1
DA:736,1
DA:738,5
DA:749,1
DA:751,1
LF:321
LH:267
end_of_record
SF:lib/services/auth_service.dart
DA:10,0
DA:12,22
DA:14,19
DA:18,0
DA:19,0
DA:20,0
DA:23,0
DA:24,0
DA:28,0
DA:30,0
DA:32,0
DA:36,0
DA:37,0
DA:38,0
DA:40,0
DA:43,0
DA:44,0
DA:45,0
DA:49,0
DA:50,0
DA:52,0
DA:58,0
DA:61,0
DA:62,0
DA:64,0
DA:65,0
DA:66,0
DA:69,0
DA:70,0
DA:73,0
DA:74,0
DA:77,0
DA:78,0
DA:80,0
DA:82,0
DA:84,0
DA:89,0
DA:91,0
DA:92,0
DA:94,0
DA:97,0
DA:98,0
DA:99,0
DA:101,0
DA:102,0
LF:45
LH:2
end_of_record
SF:lib/services/provider_service.dart
DA:9,51
DA:10,0
DA:13,36
DA:14,0
DA:15,0
DA:19,43
DA:20,1
DA:24,26
DA:25,14
DA:27,1
DA:29,0
DA:31,0
DA:32,0
DA:33,0
DA:34,0
DA:39,1
DA:43,20
DA:44,10
DA:46,0
DA:48,0
DA:50,0
DA:51,0
DA:52,0
DA:53,0
DA:58,0
DA:62,26
DA:63,14
DA:65,1
DA:68,1
DA:72,6
DA:73,3
DA:75,0
DA:78,0
DA:81,6
DA:82,3
DA:84,0
DA:87,0
DA:90,6
DA:91,3
DA:93,0
DA:96,0
DA:100,6
DA:101,3
DA:103,0
DA:106,0
DA:109,6
DA:110,3
DA:112,0
DA:115,0
DA:118,6
DA:119,3
DA:121,0
DA:124,0
DA:127,6
DA:128,3
DA:130,0
DA:133,0
DA:137,22
DA:138,11
DA:140,0
DA:143,0
DA:147,22
DA:148,11
DA:150,0
DA:153,0
DA:157,18
DA:158,10
DA:159,1
DA:162,8
DA:163,4
DA:165,0
DA:168,0
DA:172,0
DA:174,0
DA:178,4
DA:179,3
DA:181,1
DA:184,2
LF:78
LH:41
end_of_record
SF:lib/widgets/events/event_grid.dart
DA:6,3
DA:11,3
DA:13,3
DA:19,9
DA:20,1
DA:21,2
DA:24,3
LF:7
LH:7
end_of_record
SF:lib/services/database_service.dart
DA:26,4
DA:27,4
DA:28,0
DA:29,0
DA:30,0
DA:31,0
DA:32,0
DA:35,0
DA:37,0
DA:39,0
DA:40,0
DA:42,0
DA:43,0
DA:44,0
DA:45,0
DA:46,0
DA:47,0
DA:50,0
DA:51,0
DA:54,0
DA:55,0
DA:56,0
DA:57,0
DA:60,0
DA:61,0
DA:62,0
DA:66,0
DA:67,0
DA:68,0
DA:73,0
DA:80,0
DA:82,0
DA:83,0
DA:85,0
DA:87,0
DA:88,0
DA:89,0
DA:90,0
DA:93,0
DA:97,0
DA:98,0
DA:99,0
DA:100,0
DA:101,0
DA:103,0
DA:106,0
DA:107,0
DA:108,0
DA:109,0
DA:110,0
DA:112,0
DA:113,0
DA:119,0
DA:121,0
DA:122,0
DA:125,0
DA:126,0
DA:135,0
DA:136,0
DA:139,0
DA:140,0
DA:141,0
DA:145,0
DA:146,0
DA:147,0
DA:151,0
DA:152,0
DA:155,0
DA:156,0
DA:157,0
DA:161,0
DA:162,0
DA:164,0
DA:165,0
DA:166,0
DA:174,0
DA:181,0
DA:183,0
DA:184,0
DA:186,0
DA:187,0
DA:193,0
DA:194,0
DA:196,0
DA:197,0
DA:200,0
DA:202,0
DA:203,0
DA:205,0
DA:206,0
DA:209,0
DA:210,0
DA:211,0
DA:215,0
DA:217,0
DA:218,0
DA:219,0
DA:223,0
DA:227,0
DA:231,0
DA:232,0
DA:233,0
DA:234,0
DA:235,0
DA:236,0
DA:238,0
DA:239,0
DA:240,0
DA:244,0
DA:245,0
DA:246,0
DA:247,0
DA:248,0
DA:250,0
DA:251,0
DA:253,0
DA:254,0
DA:256,0
DA:257,0
DA:260,0
DA:261,0
DA:262,0
DA:264,0
DA:272,0
DA:273,0
DA:274,0
DA:278,0
DA:281,0
DA:284,0
DA:286,0
DA:288,0
DA:291,0
DA:294,0
DA:295,0
DA:299,0
DA:302,0
DA:305,0
DA:307,0
DA:309,0
DA:312,0
DA:313,0
DA:317,0
DA:319,0
DA:320,0
DA:321,0
DA:322,0
DA:327,0
DA:329,0
DA:330,0
DA:331,0
DA:332,0
DA:337,0
DA:339,0
DA:340,0
DA:341,0
DA:342,0
DA:347,0
DA:348,0
DA:349,0
DA:352,0
DA:354,0
DA:355,0
DA:358,0
DA:359,0
DA:360,0
DA:362,0
DA:363,0
DA:367,0
DA:368,0
DA:369,0
DA:370,0
DA:371,0
DA:372,0
DA:375,0
DA:376,0
DA:377,0
DA:379,0
DA:380,0
DA:381,0
DA:383,0
DA:384,0
DA:386,0
DA:387,0
DA:388,0
DA:389,0
DA:393,0
DA:394,0
DA:395,0
DA:398,0
DA:399,0
DA:406,0
DA:407,0
DA:409,0
DA:410,0
DA:411,0
DA:412,0
DA:413,0
DA:414,0
DA:415,0
DA:418,0
DA:419,0
DA:420,0
DA:421,0
DA:422,0
DA:423,0
DA:428,0
DA:429,0
DA:431,0
DA:432,0
DA:433,0
DA:435,0
DA:436,0
DA:439,0
DA:440,0
DA:441,0
DA:442,0
DA:443,0
DA:444,0
DA:451,0
DA:452,0
DA:453,0
DA:456,0
DA:457,0
DA:458,0
DA:459,0
DA:466,0
DA:467,0
DA:468,0
DA:469,0
DA:471,0
DA:472,0
DA:478,0
DA:479,0
DA:480,0
DA:483,0
DA:484,0
DA:485,0
DA:486,0
DA:487,0
DA:493,0
DA:494,0
DA:495,0
DA:498,0
DA:500,0
DA:501,0
DA:502,0
DA:503,0
DA:504,0
DA:505,0
DA:506,0
DA:508,0
DA:511,0
DA:512,0
DA:514,0
DA:516,0
DA:517,0
DA:520,0
DA:521,0
DA:526,0
DA:528,0
DA:529,0
DA:530,0
DA:531,0
DA:532,0
DA:534,0
DA:535,0
DA:538,0
DA:539,0
DA:540,0
DA:541,0
DA:545,0
DA:546,0
DA:547,0
DA:549,0
DA:551,0
DA:552,0
DA:554,0
DA:556,0
DA:557,0
DA:560,0
DA:561,0
DA:566,0
DA:574,0
DA:577,0
DA:578,0
DA:581,0
DA:583,0
DA:584,0
DA:585,0
DA:586,0
DA:588,0
DA:589,0
DA:591,0
DA:596,0
DA:597,0
DA:599,0
DA:601,0
DA:602,0
DA:605,0
DA:606,0
DA:611,0
DA:612,0
DA:614,0
DA:615,0
DA:616,0
DA:617,0
DA:619,0
DA:622,0
DA:623,0
DA:624,0
DA:626,0
DA:627,0
DA:628,0
DA:629,0
DA:630,0
DA:634,0
DA:635,0
DA:636,0
DA:638,0
DA:642,0
DA:643,0
DA:645,0
DA:647,0
DA:648,0
DA:651,0
DA:652,0
DA:659,0
DA:660,0
DA:664,0
DA:665,0
DA:668,0
DA:671,0
DA:673,0
DA:678,0
DA:680,0
DA:681,0
DA:682,0
DA:689,0
DA:690,0
DA:692,0
DA:693,0
DA:694,0
DA:695,0
DA:697,0
DA:699,0
DA:700,0
DA:704,0
DA:705,0
DA:707,0
DA:709,0
DA:710,0
DA:711,0
DA:712,0
DA:713,0
DA:715,0
DA:716,0
DA:717,0
DA:718,0
DA:719,0
DA:722,0
DA:723,0
DA:730,0
DA:731,0
DA:732,0
DA:733,0
DA:734,0
DA:738,0
DA:740,0
DA:744,0
DA:745,0
DA:746,0
DA:747,0
DA:748,0
DA:750,0
DA:751,0
DA:753,0
DA:757,0
DA:758,0
DA:759,0
DA:760,0
DA:761,0
DA:763,0
DA:764,0
DA:766,0
DA:767,0
DA:768,0
DA:772,0
DA:773,0
DA:774,0
DA:776,0
DA:783,0
DA:784,0
DA:789,0
DA:791,0
DA:793,0
DA:794,0
DA:797,0
DA:798,0
DA:804,0
DA:808,0
DA:809,0
DA:811,0
DA:812,0
DA:815,0
DA:816,0
DA:822,0
DA:828,0
DA:830,0
DA:831,0
DA:834,0
DA:835,0
DA:841,0
DA:845,0
DA:846,0
DA:848,0
DA:849,0
DA:852,0
DA:853,0
DA:859,0
DA:867,0
DA:868,0
DA:870,0
DA:871,0
DA:872,0
DA:873,0
DA:874,0
DA:875,0
DA:876,0
DA:877,0
DA:878,0
DA:879,0
DA:880,0
DA:882,0
DA:883,0
DA:884,0
DA:885,0
DA:886,0
DA:887,0
DA:888,0
DA:889,0
DA:895,0
DA:896,0
DA:897,0
DA:898,0
DA:899,0
DA:900,0
DA:901,0
DA:902,0
DA:903,0
DA:904,0
DA:906,0
DA:907,0
DA:908,0
DA:909,0
DA:910,0
DA:911,0
DA:912,0
DA:913,0
DA:921,0
DA:922,0
DA:923,0
DA:924,0
DA:925,0
DA:926,0
DA:927,0
DA:929,0
DA:930,0
DA:931,0
DA:932,0
DA:933,0
DA:934,0
DA:935,0
DA:936,0
DA:937,0
DA:938,0
DA:939,0
DA:940,0
DA:941,0
DA:942,0
DA:943,0
DA:946,0
DA:956,0
DA:957,0
DA:958,0
DA:959,0
DA:960,0
DA:961,0
DA:962,0
DA:963,0
DA:964,0
DA:965,0
DA:966,0
DA:967,0
DA:968,0
DA:969,0
DA:970,0
DA:971,0
DA:972,0
DA:973,0
DA:974,0
DA:975,0
DA:976,0
DA:979,0
DA:980,0
DA:981,0
DA:983,0
DA:984,0
DA:990,0
DA:991,0
DA:996,0
DA:998,0
DA:999,0
DA:1000,0
DA:1001,0
DA:1002,0
DA:1003,0
DA:1004,0
DA:1005,0
DA:1007,0
DA:1009,0
DA:1012,0
DA:1013,0
DA:1014,0
DA:1015,0
DA:1016,0
DA:1017,0
DA:1019,0
DA:1021,0
DA:1026,0
DA:1028,0
DA:1029,0
DA:1030,0
DA:1037,0
DA:1038,0
DA:1039,0
DA:1043,0
DA:1044,0
DA:1045,0
DA:1046,0
DA:1047,0
DA:1052,0
DA:1053,0
DA:1056,0
DA:1057,0
DA:1058,0
DA:1059,0
DA:1061,0
DA:1062,0
DA:1064,0
DA:1070,0
DA:1071,0
DA:1072,0
DA:1073,0
DA:1074,0
DA:1079,0
DA:1080,0
DA:1081,0
DA:1082,0
DA:1083,0
DA:1088,0
DA:1089,0
DA:1090,0
DA:1094,0
DA:1095,0
DA:1096,0
DA:1099,0
DA:1100,0
DA:1102,0
DA:1103,0
DA:1105,0
DA:1106,0
DA:1107,0
DA:1109,0
DA:1110,0
DA:1111,0
DA:1116,0
DA:1117,0
DA:1118,0
DA:1119,0
DA:1120,0
DA:1121,0
DA:1122,0
DA:1123,0
DA:1125,0
DA:1126,0
DA:1127,0
DA:1128,0
DA:1130,0
DA:1131,0
DA:1132,0
DA:1139,0
DA:1141,0
DA:1142,0
DA:1143,0
DA:1144,0
DA:1145,0
DA:1146,0
DA:1147,0
DA:1148,0
DA:1149,0
DA:1150,0
DA:1151,0
DA:1153,0
DA:1154,0
DA:1155,0
DA:1161,0
DA:1162,0
DA:1166,0
DA:1169,0
DA:1170,0
DA:1172,0
DA:1173,0
DA:1174,0
DA:1176,0
DA:1177,0
DA:1182,0
DA:1185,0
DA:1186,0
DA:1190,0
DA:1192,0
DA:1193,0
DA:1194,0
DA:1195,0
DA:1196,0
DA:1197,0
DA:1198,0
DA:1199,0
DA:1204,0
DA:1206,0
DA:1207,0
DA:1208,0
DA:1209,0
DA:1210,0
DA:1211,0
DA:1212,0
DA:1213,0
DA:1214,0
DA:1215,0
DA:1216,0
DA:1217,0
DA:1218,0
DA:1219,0
DA:1220,0
DA:1221,0
DA:1222,0
DA:1223,0
DA:1226,0
DA:1229,0
DA:1230,0
DA:1232,0
DA:1233,0
DA:1235,0
DA:1236,0
DA:1237,0
DA:1238,0
DA:1239,0
DA:1240,0
DA:1241,0
DA:1242,0
DA:1247,0
DA:1248,0
DA:1249,0
DA:1253,0
DA:1256,0
DA:1257,0
DA:1259,0
DA:1260,0
DA:1263,0
DA:1264,0
DA:1266,0
DA:1267,0
DA:1268,0
DA:1270,0
DA:1271,0
DA:1273,0
DA:1274,0
DA:1275,0
DA:1276,0
DA:1281,0
DA:1284,0
DA:1286,0
DA:1287,0
DA:1291,0
DA:1293,0
DA:1295,0
DA:1296,0
DA:1298,0
DA:1300,0
DA:1301,0
DA:1304,0
DA:1305,0
DA:1306,0
DA:1307,0
DA:1311,0
DA:1312,0
DA:1314,0
DA:1318,0
DA:1319,0
DA:1321,0
DA:1323,0
DA:1325,0
DA:1326,0
DA:1327,0
DA:1328,0
DA:1332,0
DA:1334,0
DA:1335,0
DA:1337,0
DA:1339,0
DA:1340,0
DA:1341,0
DA:1343,0
DA:1344,0
DA:1349,0
DA:1354,0
DA:1356,0
DA:1358,0
DA:1360,0
DA:1362,0
DA:1363,0
DA:1364,0
DA:1365,0
DA:1370,0
DA:1373,0
DA:1374,0
DA:1375,0
DA:1376,0
DA:1378,0
DA:1379,0
DA:1380,0
DA:1382,0
DA:1384,0
DA:1385,0
DA:1386,0
DA:1388,0
DA:1389,0
DA:1395,0
DA:1400,0
DA:1403,0
DA:1406,0
DA:1408,0
DA:1410,0
DA:1413,0
DA:1416,0
DA:1417,0
DA:1421,0
DA:1428,0
DA:1429,0
DA:1430,0
DA:1431,0
DA:1432,0
DA:1433,0
DA:1435,0
DA:1437,0
DA:1438,0
DA:1441,0
DA:1442,0
DA:1443,0
DA:1444,0
DA:1445,0
DA:1446,0
DA:1448,0
DA:1451,0
DA:1452,0
DA:1453,0
DA:1455,0
DA:1456,0
DA:1457,0
DA:1459,0
DA:1460,0
DA:1464,0
DA:1465,0
DA:1466,0
DA:1467,0
DA:1469,0
DA:1470,0
DA:1474,0
DA:1475,0
DA:1476,0
DA:1477,0
DA:1478,0
DA:1479,0
DA:1480,0
DA:1483,0
DA:1484,0
DA:1485,0
DA:1486,0
DA:1487,0
DA:1488,0
DA:1494,0
DA:1495,0
DA:1499,0
DA:1501,0
DA:1502,0
DA:1503,0
DA:1504,0
DA:1505,0
DA:1506,0
DA:1507,0
DA:1509,0
DA:1514,0
DA:1515,0
DA:1516,0
DA:1518,0
DA:1519,0
DA:1520,0
DA:1523,0
DA:1525,0
DA:1526,0
DA:1527,0
DA:1528,0
DA:1529,0
DA:1530,0
DA:1531,0
DA:1535,0
DA:1539,0
DA:1540,0
DA:1541,0
DA:1543,0
DA:1544,0
DA:1545,0
DA:1547,0
DA:1549,0
DA:1550,0
DA:1551,0
DA:1552,0
DA:1553,0
DA:1554,0
DA:1555,0
DA:1559,0
DA:1563,0
DA:1565,0
DA:1566,0
DA:1567,0
DA:1569,0
DA:1571,0
DA:1572,0
DA:1573,0
DA:1574,0
DA:1578,0
DA:1579,0
DA:1580,0
DA:1582,0
DA:1584,0
DA:1585,0
DA:1586,0
DA:1588,0
DA:1595,0
DA:1602,0
DA:1603,0
DA:1604,0
DA:1606,0
DA:1608,0
DA:1609,0
DA:1610,0
DA:1611,0
DA:1616,0
DA:1617,0
DA:1619,0
DA:1620,0
DA:1621,0
DA:1623,0
DA:1624,0
DA:1625,0
DA:1627,0
DA:1629,0
DA:1630,0
DA:1631,0
DA:1633,0
DA:1634,0
DA:1640,0
DA:1645,0
DA:1651,0
DA:1653,0
DA:1654,0
DA:1655,0
DA:1656,0
DA:1657,0
DA:1658,0
DA:1659,0
DA:1660,0
DA:1661,0
DA:1662,0
DA:1663,0
DA:1664,0
DA:1665,0
DA:1666,0
DA:1667,0
DA:1668,0
DA:1669,0
DA:1670,0
DA:1671,0
DA:1674,0
DA:1675,0
DA:1676,0
DA:1677,0
DA:1678,0
DA:1679,0
DA:1680,0
DA:1681,0
DA:1682,0
DA:1683,0
DA:1684,0
DA:1685,0
DA:1686,0
DA:1687,0
DA:1688,0
DA:1689,0
DA:1690,0
DA:1691,0
DA:1692,0
DA:1698,0
DA:1700,0
DA:1701,0
DA:1702,0
DA:1707,0
DA:1708,0
DA:1709,0
DA:1712,0
DA:1713,0
DA:1714,0
DA:1715,0
DA:1716,0
DA:1718,0
DA:1720,0
DA:1722,0
DA:1727,0
DA:1731,0
DA:1732,0
DA:1733,0
DA:1737,0
DA:1739,0
DA:1742,0
DA:1744,0
DA:1745,0
DA:1746,0
DA:1750,0
DA:1751,0
DA:1753,0
DA:1754,0
DA:1755,0
DA:1756,0
DA:1757,0
DA:1761,0
DA:1764,0
DA:1767,0
DA:1768,0
DA:1769,0
DA:1771,0
DA:1773,0
DA:1774,0
DA:1777,0
DA:1783,0
DA:1787,0
DA:1788,0
DA:1790,0
DA:1791,0
DA:1794,0
DA:1797,0
DA:1798,0
DA:1801,0
DA:1805,0
DA:1807,0
DA:1809,0
DA:1810,0
DA:1811,0
DA:1815,0
DA:1817,0
DA:1819,0
DA:1820,0
DA:1821,0
DA:1822,0
DA:1826,0
DA:1827,0
DA:1828,0
DA:1829,0
DA:1831,0
DA:1834,0
DA:1835,0
DA:1837,0
DA:1838,0
DA:1842,0
DA:1843,0
DA:1845,0
DA:1846,0
DA:1847,0
DA:1849,0
DA:1850,0
DA:1851,0
DA:1853,0
DA:1854,0
DA:1855,0
DA:1856,0
DA:1857,0
DA:1859,0
DA:1860,0
DA:1861,0
DA:1862,0
DA:1863,0
DA:1864,0
DA:1865,0
DA:1870,0
DA:1873,0
DA:1874,0
DA:1877,0
DA:1878,0
DA:1880,0
DA:1881,0
DA:1884,0
DA:1887,0
DA:1888,0
DA:1891,0
DA:1892,0
DA:1895,0
DA:1896,0
DA:1899,0
DA:1902,0
DA:1903,0
DA:1904,0
DA:1905,0
DA:1907,0
DA:1908,0
DA:1909,0
DA:1910,0
DA:1916,0
DA:1918,0
DA:1920,0
DA:1921,0
DA:1922,0
DA:1923,0
DA:1924,0
DA:1926,0
DA:1928,0
DA:1929,0
DA:1935,0
DA:1936,0
DA:1940,0
DA:1941,0
DA:1944,0
DA:1945,0
DA:1948,0
DA:1949,0
DA:1950,0
DA:1951,0
DA:1957,0
DA:1958,0
DA:1959,0
DA:1963,0
DA:1966,0
DA:1967,0
DA:1970,0
DA:1971,0
DA:1976,0
DA:1977,0
DA:1980,0
DA:1981,0
DA:1987,0
DA:1989,0
DA:1990,0
DA:1993,0
DA:1994,0
DA:1999,0
DA:2000,0
DA:2001,0
DA:2002,0
DA:2004,0
DA:2005,0
DA:2006,0
DA:2007,0
DA:2008,0
DA:2009,0
DA:2010,0
DA:2013,0
DA:2014,0
DA:2015,0
DA:2016,0
DA:2025,0
DA:2027,0
DA:2028,0
DA:2029,0
DA:2031,0
DA:2032,0
DA:2033,0
DA:2034,0
DA:2035,0
DA:2036,0
DA:2037,0
DA:2040,0
DA:2041,0
DA:2042,0
DA:2043,0
DA:2052,0
DA:2053,0
DA:2054,0
DA:2055,0
DA:2056,0
DA:2057,0
DA:2058,0
DA:2059,0
DA:2060,0
DA:2061,0
DA:2062,0
DA:2063,0
LF:1103
LH:2
end_of_record
SF:lib/services/notification_service.dart
DA:34,0
DA:50,0
DA:52,0
DA:53,0
DA:63,0
DA:64,0
DA:65,0
DA:67,0
DA:69,0
DA:73,0
DA:79,0
DA:80,0
DA:81,0
DA:85,0
DA:87,0
DA:88,0
DA:89,0
DA:93,0
DA:94,0
DA:95,0
DA:99,0
DA:100,0
DA:101,0
DA:103,0
DA:104,0
DA:107,0
DA:108,0
DA:112,0
DA:116,0
DA:118,0
DA:119,0
DA:120,0
DA:124,0
DA:125,0
DA:126,0
DA:130,0
DA:132,0
DA:133,0
DA:135,0
DA:137,0
DA:139,0
DA:140,0
DA:141,0
DA:142,0
DA:143,0
DA:144,0
DA:145,0
DA:146,0
DA:149,0
DA:151,0
DA:152,0
DA:153,0
DA:157,0
DA:158,0
DA:159,0
DA:161,0
DA:163,0
DA:165,0
DA:166,0
DA:168,0
DA:169,0
DA:170,0
DA:172,0
DA:176,0
DA:178,0
DA:179,0
DA:180,0
DA:181,0
DA:183,0
DA:185,0
DA:186,0
DA:187,0
DA:190,0
DA:191,0
DA:192,0
DA:193,0
DA:194,0
DA:195,0
DA:197,0
DA:198,0
DA:199,0
DA:200,0
DA:201,0
DA:204,0
DA:206,0
DA:207,0
DA:208,0
DA:210,0
DA:212,0
DA:213,0
DA:214,0
DA:215,0
DA:216,0
DA:219,0
DA:224,0
DA:225,0
DA:226,0
DA:233,0
DA:234,0
DA:250,0
DA:255,0
DA:256,0
DA:259,0
DA:260,0
DA:263,0
DA:264,0
DA:267,0
DA:270,0
DA:271,0
DA:272,0
DA:276,0
DA:277,0
DA:278,0
DA:279,0
DA:280,0
DA:281,0
DA:283,0
DA:287,0
DA:288,0
DA:290,0
DA:294,0
DA:296,0
DA:297,0
DA:302,0
DA:303,0
DA:304,0
DA:306,0
DA:308,0
DA:310,0
DA:311,0
DA:313,0
DA:317,0
DA:320,0
DA:322,0
DA:323,0
DA:324,0
DA:329,0
DA:330,0
DA:331,0
DA:332,0
DA:333,0
DA:334,0
DA:336,0
DA:339,0
DA:340,0
DA:341,0
DA:342,0
DA:344,0
DA:346,0
DA:348,0
DA:355,0
DA:356,0
DA:357,0
DA:359,0
DA:361,0
DA:363,0
DA:364,0
DA:365,0
DA:367,0
DA:372,0
DA:374,0
DA:377,0
DA:379,0
DA:381,0
DA:382,0
DA:388,0
DA:392,0
DA:393,0
DA:394,0
DA:395,0
DA:397,0
DA:401,0
DA:408,0
DA:409,0
DA:410,0
DA:412,0
DA:414,0
DA:416,0
DA:417,0
DA:419,0
DA:424,0
DA:426,0
DA:427,0
DA:428,0
DA:429,0
DA:430,0
DA:435,0
DA:436,0
DA:437,0
DA:438,0
DA:439,0
DA:440,0
DA:443,0
DA:444,0
DA:445,0
DA:446,0
DA:451,0
DA:452,0
DA:453,0
DA:455,0
DA:458,0
DA:460,0
DA:461,0
DA:462,0
DA:463,0
DA:464,0
DA:465,0
DA:466,0
LF:208
LH:0
end_of_record
SF:lib/pages/categories_page.dart
DA:7,4
DA:9,3
DA:11,3
DA:12,3
DA:15,3
DA:16,2
DA:17,4
DA:18,2
DA:19,4
DA:23,3
DA:24,3
DA:25,6
DA:27,3
DA:28,3
LF:14
LH:14
end_of_record
SF:lib/widgets/categories_form_widget.dart
DA:7,7
DA:8,6
DA:9,6
DA:15,6
DA:17,6
DA:18,20
DA:21,6
DA:23,6
DA:25,6
DA:26,18
DA:27,6
DA:29,6
DA:30,2
DA:31,4
DA:32,4
DA:33,2
DA:35,4
DA:39,6
DA:41,6
DA:46,6
DA:48,6
LF:21
LH:21
end_of_record
SF:lib/pages/chats/groups/add_members_group_page.dart
DA:14,2
DA:20,2
DA:21,2
DA:29,2
DA:31,10
DA:32,2
DA:35,2
DA:37,6
DA:39,10
DA:40,2
DA:41,2
DA:44,2
DA:45,2
DA:46,4
DA:47,2
DA:48,14
DA:49,10
DA:50,4
DA:54,2
DA:56,2
DA:58,4
DA:61,2
DA:62,4
DA:63,2
DA:65,2
DA:67,0
DA:69,0
DA:72,0
DA:79,0
DA:80,0
DA:81,0
DA:82,0
DA:84,0
DA:85,0
DA:89,4
DA:91,2
DA:93,2
DA:94,2
DA:95,2
DA:97,2
DA:98,2
DA:100,0
DA:101,0
DA:102,0
DA:108,2
DA:109,4
DA:113,2
DA:114,2
DA:116,4
DA:117,2
DA:118,2
DA:119,2
DA:120,2
DA:121,2
DA:122,2
DA:123,2
DA:124,2
DA:125,2
DA:126,2
DA:127,2
DA:128,2
DA:129,2
DA:133,2
DA:136,2
DA:137,2
DA:138,2
DA:139,2
DA:140,2
DA:141,2
DA:147,2
DA:150,2
DA:151,2
DA:152,2
DA:153,2
DA:154,2
DA:155,2
DA:157,2
DA:163,2
DA:164,2
DA:165,2
DA:166,2
DA:167,2
DA:169,2
DA:185,0
DA:186,2
DA:187,2
DA:188,2
DA:191,2
DA:192,2
DA:193,2
DA:194,6
DA:196,0
DA:197,0
DA:199,0
DA:200,0
DA:201,0
DA:203,2
DA:204,8
DA:206,4
DA:207,4
DA:208,2
DA:222,0
DA:223,0
DA:224,0
DA:225,0
DA:226,0
DA:228,0
DA:229,0
DA:230,0
DA:232,0
DA:233,0
DA:234,0
DA:236,0
DA:237,0
DA:239,0
DA:240,0
DA:242,0
DA:244,0
DA:245,0
DA:247,0
DA:248,0
DA:250,0
DA:252,0
DA:268,0
DA:270,0
DA:272,0
DA:273,0
DA:275,0
DA:276,0
DA:277,0
DA:278,0
DA:279,0
DA:281,0
DA:282,0
DA:283,0
DA:284,0
DA:286,0
DA:290,0
DA:291,0
DA:293,0
DA:294,0
DA:297,0
DA:311,2
DA:313,4
DA:314,2
LF:145
LH:86
end_of_record
SF:lib/widgets/user_invitation_tile.dart
DA:15,2
DA:25,2
DA:26,2
DA:31,2
DA:33,6
DA:34,2
DA:37,2
DA:39,2
DA:41,2
DA:42,2
DA:43,4
DA:44,2
DA:45,6
DA:46,6
DA:47,6
DA:48,6
DA:50,2
DA:51,2
DA:52,2
DA:53,2
DA:54,1
DA:55,1
DA:56,2
DA:57,1
DA:58,1
DA:59,3
DA:61,1
DA:62,3
DA:67,2
DA:68,2
DA:69,2
DA:73,2
DA:74,6
DA:77,2
DA:78,6
DA:81,16
DA:85,4
DA:87,2
DA:89,2
DA:90,12
DA:91,4
DA:92,4
DA:95,2
DA:97,2
DA:98,2
DA:99,4
DA:100,2
DA:104,2
DA:105,2
LF:49
LH:49
end_of_record
SF:lib/pages/chats/groups/edit_group_page.dart
DA:25,2
DA:33,2
DA:34,2
DA:52,2
DA:54,4
DA:55,4
DA:56,2
DA:59,2
DA:61,2
DA:62,8
DA:63,8
DA:64,4
DA:65,8
DA:66,8
DA:67,10
DA:68,10
DA:72,2
DA:74,2
DA:75,2
DA:78,4
DA:79,4
DA:80,2
DA:82,2
DA:83,4
DA:84,4
DA:85,3
DA:86,2
DA:87,2
DA:88,1
DA:89,1
DA:90,2
DA:93,2
DA:96,2
DA:98,2
DA:100,4
DA:104,1
DA:105,2
DA:106,1
DA:107,2
DA:108,1
DA:112,4
DA:113,2
DA:115,2
DA:116,4
DA:117,2
DA:119,4
DA:120,4
DA:126,2
DA:129,0
DA:136,4
DA:137,10
DA:138,14
DA:139,2
DA:140,4
DA:143,2
DA:144,4
DA:145,4
DA:146,3
DA:147,2
DA:148,1
DA:149,1
DA:150,2
DA:151,2
DA:153,1
DA:154,2
DA:160,2
DA:162,2
DA:164,4
DA:168,2
DA:169,6
DA:171,4
DA:172,2
DA:173,1
DA:174,1
DA:175,1
DA:181,2
DA:182,2
DA:184,2
DA:186,2
DA:188,2
DA:190,2
DA:191,4
DA:192,2
DA:193,0
DA:194,0
DA:195,0
DA:199,6
DA:200,4
DA:201,2
DA:202,2
DA:203,2
DA:206,2
DA:207,2
DA:208,2
DA:209,8
DA:210,0
DA:211,0
DA:214,2
DA:216,2
DA:219,2
DA:220,2
DA:221,2
DA:226,0
DA:227,0
DA:232,2
DA:233,6
DA:234,2
DA:235,2
DA:236,2
DA:237,4
DA:242,2
DA:243,0
DA:246,2
DA:247,4
DA:248,2
DA:252,2
DA:253,6
DA:254,2
DA:255,2
DA:256,0
DA:257,0
DA:262,2
DA:263,0
DA:266,2
DA:267,4
DA:268,2
DA:272,2
DA:273,2
DA:274,2
DA:275,4
DA:277,2
DA:278,2
DA:279,2
DA:283,2
DA:284,6
DA:285,4
DA:286,2
DA:287,4
DA:288,0
DA:289,0
DA:290,0
DA:291,0
DA:293,0
DA:297,2
DA:299,6
DA:303,2
DA:307,2
DA:311,2
DA:312,4
DA:313,2
DA:314,1
DA:318,2
DA:319,1
DA:320,2
DA:321,1
DA:327,2
DA:331,2
DA:332,2
DA:336,2
DA:337,2
DA:338,2
DA:339,4
DA:340,2
DA:355,2
DA:356,2
DA:357,6
DA:358,4
DA:359,4
DA:360,2
DA:361,6
DA:362,2
DA:364,2
DA:366,2
DA:367,2
DA:368,10
DA:369,2
LF:176
LH:159
end_of_record
SF:lib/utils/create_image_utils.dart
DA:7,18
DA:8,18
DA:9,18
DA:10,18
DA:12,13
DA:15,18
DA:17,13
DA:21,18
DA:22,0
DA:26,18
DA:34,13
DA:35,13
DA:36,13
DA:40,13
DA:41,0
DA:45,13
DA:53,8
DA:55,8
DA:56,8
DA:59,16
DA:60,8
DA:61,0
DA:65,8
DA:69,24
DA:70,0
DA:76,8
DA:87,3
DA:89,3
DA:90,3
DA:93,9
DA:94,3
DA:95,0
DA:99,3
DA:101,3
DA:105,9
DA:112,1
DA:113,1
DA:114,1
DA:118,1
DA:119,0
DA:123,1
DA:131,2
DA:133,2
DA:134,2
DA:137,6
DA:138,2
DA:139,0
DA:143,2
DA:145,2
DA:149,6
DA:156,4
DA:159,4
DA:162,4
DA:163,4
DA:171,4
DA:172,0
DA:179,0
LF:57
LH:48
end_of_record
SF:lib/utils/group_helper.dart
DA:4,2
DA:6,2
DA:7,2
DA:10,4
DA:11,0
DA:14,2
DA:15,2
DA:18,4
DA:19,0
DA:25,2
DA:26,2
DA:28,2
DA:29,2
DA:31,2
DA:32,2
DA:33,2
DA:36,2
DA:37,4
LF:18
LH:16
end_of_record
SF:lib/pages/chats/groups/group_info_page.dart
DA:35,2
DA:45,2
DA:46,2
DA:54,2
DA:56,6
DA:57,2
DA:58,2
DA:61,2
DA:62,12
DA:63,4
DA:64,2
DA:69,2
DA:72,12
DA:75,12
DA:77,12
DA:79,12
DA:81,12
DA:82,2
DA:83,1
DA:84,0
DA:85,2
DA:86,2
DA:87,6
DA:88,10
DA:90,2
DA:91,2
DA:94,2
DA:95,4
DA:96,0
DA:97,0
DA:98,0
DA:99,0
DA:100,0
DA:101,0
DA:102,0
DA:103,0
DA:104,0
DA:105,0
DA:106,0
DA:110,0
DA:113,2
DA:115,2
DA:116,4
DA:120,4
DA:121,6
DA:122,2
DA:124,2
DA:125,4
DA:126,4
DA:129,2
DA:130,2
DA:134,1
DA:136,1
DA:137,2
DA:140,2
DA:143,2
DA:145,2
DA:148,4
DA:154,2
DA:157,2
DA:159,2
DA:161,2
DA:162,2
DA:164,2
DA:165,2
DA:166,2
DA:168,2
DA:169,2
DA:170,2
DA:173,2
DA:174,2
DA:183,2
DA:186,2
DA:187,6
DA:190,2
DA:193,2
DA:194,2
DA:195,2
DA:198,2
DA:199,2
DA:202,2
DA:204,2
DA:206,2
DA:207,2
DA:208,2
DA:209,2
DA:215,2
DA:218,2
DA:221,2
DA:222,2
DA:223,2
DA:224,2
DA:225,2
DA:228,2
DA:237,2
DA:238,2
DA:248,2
DA:249,2
DA:250,2
DA:251,2
DA:252,2
DA:254,2
DA:255,2
DA:256,8
DA:257,2
DA:260,2
DA:261,2
DA:262,2
DA:264,2
DA:265,2
DA:271,2
DA:272,2
DA:273,2
DA:274,0
DA:276,0
DA:278,2
DA:279,2
DA:281,2
DA:282,4
DA:293,2
DA:295,2
DA:296,2
DA:301,2
DA:302,2
DA:303,0
DA:304,0
DA:305,2
DA:306,4
DA:307,3
DA:308,1
DA:309,1
DA:311,2
DA:313,2
DA:315,2
DA:316,1
DA:321,2
DA:322,1
DA:323,1
DA:324,1
DA:325,1
DA:327,2
DA:329,2
DA:331,1
DA:339,8
DA:340,2
DA:343,2
DA:345,2
DA:348,2
DA:349,2
DA:350,2
DA:352,2
DA:353,2
DA:359,2
DA:360,2
DA:361,2
DA:362,0
DA:364,0
DA:366,2
DA:367,2
DA:369,2
DA:370,4
DA:381,2
DA:383,2
DA:384,2
DA:389,2
DA:390,2
DA:391,0
DA:392,0
DA:393,2
DA:394,4
DA:395,4
DA:400,2
DA:401,1
DA:402,1
DA:404,2
DA:408,2
DA:409,1
DA:410,1
DA:411,1
DA:414,1
DA:416,1
DA:418,2
DA:426,2
DA:429,2
DA:431,2
DA:434,2
DA:435,2
DA:436,2
DA:438,2
DA:439,2
DA:445,2
DA:446,2
DA:447,2
DA:448,0
DA:450,0
DA:452,2
DA:453,2
DA:455,2
DA:456,4
DA:467,2
DA:469,2
DA:470,2
DA:475,2
DA:476,2
DA:477,0
DA:478,0
DA:479,2
DA:480,4
DA:481,4
DA:482,1
DA:487,2
DA:488,1
DA:490,2
DA:494,2
DA:495,1
DA:496,1
DA:497,1
DA:498,1
DA:502,1
DA:504,2
DA:512,2
DA:515,2
DA:517,2
DA:520,2
DA:521,2
DA:522,2
DA:524,2
DA:525,2
DA:531,2
DA:532,2
DA:533,2
DA:534,0
DA:536,0
DA:538,2
DA:539,2
DA:541,2
DA:542,4
DA:553,2
DA:555,2
DA:556,2
DA:561,2
DA:562,2
DA:563,0
DA:564,0
DA:565,2
DA:566,4
DA:567,4
DA:568,1
DA:573,2
DA:574,1
DA:576,2
DA:580,2
DA:581,1
DA:582,2
DA:583,1
DA:587,1
DA:589,2
DA:597,2
DA:600,2
DA:602,2
DA:605,2
DA:606,2
DA:607,2
DA:608,4
DA:609,4
DA:618,2
DA:619,2
DA:620,2
DA:621,2
DA:622,2
DA:623,6
DA:630,2
DA:631,6
DA:640,2
DA:641,2
DA:642,6
DA:643,8
DA:644,0
DA:646,2
DA:647,2
DA:648,2
DA:649,2
DA:651,6
DA:652,8
DA:653,0
DA:654,6
DA:655,2
DA:658,2
DA:659,2
DA:660,2
DA:661,2
DA:662,2
DA:663,2
DA:664,2
DA:665,2
DA:666,2
DA:667,4
DA:668,4
DA:669,2
DA:670,2
DA:672,2
DA:673,2
DA:674,2
DA:675,2
DA:681,2
DA:682,2
DA:683,2
DA:685,2
DA:686,4
DA:691,2
DA:696,2
DA:698,2
DA:701,2
DA:703,2
DA:705,2
DA:707,2
DA:708,2
DA:710,2
DA:711,4
DA:725,2
DA:728,2
DA:730,2
DA:733,0
DA:738,2
DA:739,2
DA:740,2
DA:759,2
DA:760,2
DA:764,4
DA:765,2
DA:766,6
DA:767,2
DA:768,4
DA:769,2
DA:770,2
DA:771,2
DA:772,2
DA:773,2
DA:774,2
DA:777,2
DA:778,2
DA:779,2
DA:780,2
DA:781,2
DA:782,2
DA:788,2
DA:790,2
DA:791,2
DA:792,2
DA:793,2
DA:794,2
DA:795,2
DA:796,2
DA:802,2
DA:803,2
DA:804,2
DA:805,2
DA:806,2
DA:807,2
DA:820,0
DA:822,2
DA:823,2
DA:824,2
DA:825,2
DA:826,2
DA:827,2
DA:828,2
DA:833,6
DA:834,2
DA:846,8
DA:848,2
DA:850,2
DA:858,2
DA:859,2
DA:861,2
DA:862,2
DA:865,2
DA:866,2
DA:867,2
DA:868,4
DA:872,2
DA:873,2
DA:874,4
DA:876,2
DA:879,0
DA:887,8
DA:888,2
DA:889,4
DA:890,4
DA:891,3
DA:894,4
LF:391
LH:357
end_of_record
SF:lib/pages/invite_user_page.dart
DA:14,4
DA:23,4
DA:24,4
DA:31,4
DA:33,20
DA:34,4
DA:37,4
DA:40,20
DA:41,4
DA:42,4
DA:45,4
DA:46,3
DA:47,6
DA:48,3
DA:49,6
DA:53,4
DA:55,4
DA:57,8
DA:60,8
DA:62,4
DA:63,4
DA:64,4
DA:65,4
DA:67,4
DA:68,4
DA:70,1
DA:71,2
DA:72,3
DA:78,4
DA:79,4
DA:80,0
DA:81,4
DA:82,4
DA:83,3
DA:84,3
DA:85,9
DA:87,0
DA:88,0
DA:90,0
DA:91,0
DA:92,0
DA:94,3
DA:95,12
DA:97,4
DA:98,8
DA:99,3
DA:112,2
DA:113,1
DA:114,1
DA:115,4
DA:116,1
DA:118,1
DA:119,1
DA:121,1
DA:122,3
DA:124,0
DA:125,0
DA:127,0
DA:128,0
DA:129,0
DA:131,1
DA:132,4
DA:134,0
DA:135,4
DA:136,1
DA:150,1
DA:152,1
DA:153,1
DA:154,1
DA:156,2
DA:157,0
DA:160,1
DA:161,1
DA:162,1
DA:163,1
DA:164,3
DA:166,2
DA:167,4
DA:170,3
DA:171,1
DA:174,1
DA:188,4
DA:190,8
DA:191,4
LF:84
LH:71
end_of_record
SF:lib/widgets/button_image_widget.dart
DA:13,6
DA:23,6
DA:24,6
DA:31,6
DA:33,6
DA:34,18
DA:35,23
DA:36,18
DA:39,1
DA:40,2
DA:47,1
DA:48,2
DA:49,2
DA:50,4
DA:55,6
DA:57,6
DA:59,2
DA:60,12
DA:64,1
DA:65,1
DA:66,1
DA:67,2
DA:68,1
DA:69,1
DA:70,1
DA:71,2
DA:72,1
DA:74,1
DA:75,1
DA:76,1
DA:78,1
DA:80,1
DA:82,4
DA:86,1
DA:87,1
DA:88,1
DA:89,1
DA:95,1
DA:96,2
DA:97,2
DA:98,4
DA:99,1
DA:101,2
DA:105,1
DA:106,1
DA:107,1
DA:108,4
DA:109,1
DA:110,2
DA:117,1
DA:118,1
DA:119,1
DA:120,2
DA:121,1
DA:122,1
DA:123,1
DA:124,1
DA:125,2
DA:127,1
DA:128,1
DA:129,1
DA:131,1
DA:133,1
DA:135,4
DA:139,1
DA:140,1
DA:141,1
DA:142,2
DA:144,1
DA:145,1
DA:146,1
DA:148,1
DA:150,1
DA:152,4
DA:157,1
DA:158,1
DA:159,1
DA:160,4
DA:161,1
DA:162,2
LF:80
LH:80
end_of_record
SF:lib/pages/chats/groups/group_chat_page.dart
DA:36,4
DA:48,4
DA:49,4
DA:63,4
DA:65,12
DA:66,4
DA:67,4
DA:70,4
DA:71,20
DA:74,4
DA:77,24
DA:79,4
DA:80,4
DA:83,4
DA:84,4
DA:86,2
DA:87,6
DA:88,6
DA:89,6
DA:90,6
DA:91,6
DA:92,6
DA:94,4
DA:95,2
DA:96,1
DA:97,2
DA:98,2
DA:99,2
DA:100,1
DA:101,2
DA:102,2
DA:103,2
DA:108,3
DA:109,1
DA:110,2
DA:111,2
DA:112,2
DA:113,1
DA:114,2
DA:115,2
DA:121,4
DA:122,2
DA:123,0
DA:124,8
DA:125,4
DA:126,8
DA:128,4
DA:129,4
DA:130,16
DA:131,8
DA:132,4
DA:134,4
DA:135,4
DA:136,4
DA:137,4
DA:145,8
DA:146,8
DA:148,3
DA:149,1
DA:150,2
DA:152,6
DA:155,4
DA:156,4
DA:157,4
DA:158,4
DA:160,4
DA:168,4
DA:169,4
DA:170,4
DA:171,4
DA:172,4
DA:173,4
DA:174,4
DA:175,4
DA:178,8
DA:186,2
DA:187,2
DA:189,6
DA:190,2
DA:191,4
DA:192,4
DA:194,4
DA:198,8
DA:200,4
DA:201,2
DA:202,4
DA:208,2
DA:209,4
DA:210,4
DA:212,4
DA:213,3
DA:214,1
DA:215,2
DA:216,2
DA:217,2
DA:218,2
DA:219,2
DA:224,3
DA:225,1
DA:226,2
DA:227,2
DA:229,2
DA:230,2
DA:236,2
DA:237,4
DA:239,2
DA:241,2
DA:242,4
DA:243,2
DA:246,2
DA:247,6
DA:248,10
DA:249,2
DA:250,2
DA:251,2
DA:252,2
DA:255,2
DA:257,2
DA:259,2
DA:260,2
DA:265,8
DA:266,4
DA:267,6
DA:268,2
DA:269,4
DA:270,2
DA:276,2
DA:277,4
DA:278,2
DA:280,2
DA:281,4
DA:282,2
DA:283,4
DA:284,2
DA:288,2
DA:290,6
DA:291,10
DA:292,2
DA:293,2
DA:294,2
DA:295,2
DA:298,2
DA:300,2
DA:302,2
DA:303,2
DA:308,8
DA:309,4
DA:310,6
DA:311,2
DA:312,4
DA:313,2
DA:318,4
DA:319,4
DA:323,4
DA:324,4
DA:325,4
DA:326,4
DA:327,4
DA:328,4
DA:332,8
DA:333,2
DA:334,4
DA:335,10
DA:341,2
DA:342,6
DA:345,2
DA:346,8
DA:349,2
DA:350,2
DA:351,12
DA:352,2
DA:355,2
DA:357,2
DA:358,2
DA:359,2
DA:360,2
DA:362,2
DA:363,2
DA:364,2
DA:365,2
DA:366,2
DA:369,2
DA:371,2
DA:372,2
DA:373,2
DA:374,2
DA:375,2
DA:381,2
DA:382,4
DA:383,4
DA:384,4
DA:385,0
DA:386,0
DA:387,0
DA:388,2
DA:389,2
DA:397,4
DA:403,2
DA:404,6
DA:405,2
DA:406,2
DA:407,2
DA:409,2
DA:410,4
DA:411,2
DA:413,2
DA:414,2
DA:419,4
DA:420,4
DA:422,8
DA:423,4
DA:424,6
DA:428,2
DA:429,4
DA:430,4
DA:431,2
DA:432,2
DA:433,2
DA:434,2
DA:435,4
DA:439,6
DA:442,4
DA:444,6
DA:445,0
DA:447,8
DA:448,4
DA:451,2
DA:452,2
DA:453,2
DA:454,2
DA:455,2
DA:456,2
DA:458,2
DA:461,2
DA:463,2
DA:464,2
DA:465,2
DA:466,4
DA:469,0
DA:470,0
DA:473,2
DA:474,2
DA:475,2
DA:481,2
DA:484,2
LF:245
LH:238
end_of_record
SF:lib/pages/events/create_event_page.dart
DA:30,3
DA:39,3
DA:40,3
DA:64,3
DA:66,6
DA:67,6
DA:68,6
DA:69,6
DA:70,6
DA:71,3
DA:74,3
DA:76,6
DA:77,14
DA:80,6
DA:83,12
DA:84,12
DA:86,3
DA:89,1
DA:90,1
DA:91,1
DA:92,2
DA:93,2
DA:94,3
DA:97,1
DA:99,1
DA:100,1
DA:102,0
DA:109,4
DA:110,5
DA:112,1
DA:113,2
DA:114,1
DA:115,2
DA:116,1
DA:117,2
DA:118,3
DA:121,1
DA:122,3
DA:123,5
DA:124,1
DA:125,2
DA:127,1
DA:131,3
DA:133,9
DA:134,3
DA:135,3
DA:138,6
DA:139,3
DA:140,1
DA:141,1
DA:144,3
DA:146,3
DA:147,12
DA:150,6
DA:155,3
DA:156,6
DA:157,3
DA:158,6
DA:159,4
DA:160,1
DA:161,2
DA:162,2
DA:163,2
DA:165,1
DA:166,1
DA:167,2
DA:170,4
DA:174,3
DA:176,3
DA:177,6
DA:180,3
DA:182,3
DA:183,3
DA:184,3
DA:186,3
DA:188,3
DA:191,3
DA:193,3
DA:194,3
DA:195,3
DA:197,6
DA:199,3
DA:202,3
DA:203,3
DA:205,6
DA:206,3
DA:209,3
DA:210,6
DA:212,0
DA:213,0
DA:214,0
DA:217,3
DA:218,3
DA:224,3
DA:225,6
DA:226,5
DA:227,8
DA:229,0
DA:230,8
DA:231,3
DA:232,3
DA:233,0
DA:234,3
DA:235,0
DA:236,0
DA:242,3
DA:243,0
DA:247,3
DA:248,3
DA:249,3
DA:250,3
DA:258,3
DA:259,12
DA:261,4
DA:262,10
DA:263,3
DA:264,0
DA:265,3
DA:266,1
DA:267,2
DA:268,3
DA:273,3
DA:274,0
DA:277,3
DA:278,3
DA:279,3
DA:280,3
DA:284,3
DA:285,3
DA:288,3
DA:289,9
DA:290,12
DA:292,3
DA:294,3
DA:295,2
DA:296,1
DA:297,2
DA:298,3
DA:301,1
DA:302,2
DA:303,3
DA:306,1
DA:307,2
DA:308,3
DA:311,1
DA:312,2
DA:313,3
DA:316,1
DA:317,2
DA:318,2
DA:321,3
DA:323,3
DA:324,3
DA:325,0
DA:326,0
DA:327,0
DA:330,1
DA:331,2
DA:332,1
DA:339,3
DA:340,3
DA:341,3
DA:343,6
DA:345,3
DA:346,3
DA:347,3
DA:356,1
DA:357,2
DA:358,1
DA:359,2
DA:360,1
DA:361,0
DA:362,0
DA:363,0
DA:364,0
DA:366,0
DA:377,3
DA:380,3
DA:382,3
DA:391,1
DA:392,1
DA:395,1
DA:396,1
DA:397,2
DA:398,1
DA:404,2
DA:405,1
DA:410,3
DA:413,3
DA:415,3
DA:416,3
DA:417,3
DA:418,3
DA:425,3
DA:427,3
DA:428,3
DA:429,1
DA:430,2
DA:431,1
DA:450,1
DA:451,1
DA:452,1
DA:454,1
DA:455,1
DA:456,1
DA:458,1
DA:459,1
DA:462,1
DA:463,1
DA:464,3
DA:465,2
DA:474,1
DA:476,1
DA:477,2
DA:479,2
DA:481,1
DA:482,2
DA:483,2
DA:484,2
DA:485,2
DA:486,1
DA:487,2
DA:488,2
DA:489,1
DA:490,2
DA:491,2
DA:494,2
DA:495,0
DA:496,0
DA:497,0
DA:498,0
DA:499,0
DA:501,0
DA:502,0
DA:503,0
DA:506,1
DA:507,3
DA:519,1
DA:520,2
DA:521,1
DA:522,2
DA:523,3
DA:524,2
DA:529,1
DA:530,2
DA:531,3
DA:534,3
DA:536,2
DA:537,3
DA:542,1
DA:543,2
DA:544,3
DA:545,2
DA:546,2
DA:548,0
DA:549,0
DA:550,0
DA:552,0
DA:553,0
DA:555,2
LF:260
LH:228
end_of_record
SF:lib/services/event_service.dart
DA:10,0
DA:12,0
DA:19,0
DA:20,0
DA:21,0
DA:22,0
DA:23,0
DA:24,0
DA:30,0
DA:34,0
DA:37,0
DA:40,0
DA:42,0
DA:44,0
DA:45,0
DA:46,0
DA:47,0
DA:48,0
DA:49,0
DA:50,0
DA:51,0
DA:53,0
DA:54,0
DA:55,0
DA:59,0
DA:64,1
DA:70,1
DA:71,1
DA:74,2
DA:75,0
DA:78,1
DA:79,0
DA:82,2
DA:83,0
DA:86,3
DA:87,1
DA:88,2
DA:91,1
DA:92,4
DA:93,0
DA:94,0
DA:97,1
DA:98,4
DA:99,0
DA:100,0
DA:103,1
DA:104,4
DA:105,0
DA:106,0
DA:109,1
DA:110,4
DA:111,0
DA:112,0
DA:115,3
DA:116,0
DA:117,0
DA:118,0
DA:122,3
DA:123,0
DA:124,0
DA:127,3
DA:128,0
DA:129,0
DA:132,3
DA:133,2
DA:134,0
DA:135,0
DA:142,1
DA:144,3
DA:145,3
DA:146,1
DA:147,5
DA:148,1
DA:151,1
DA:152,1
DA:153,3
DA:154,3
DA:155,1
DA:158,1
DA:159,1
DA:161,1
DA:162,1
DA:164,1
DA:165,1
DA:166,1
DA:169,1
DA:170,2
LF:87
LH:42
end_of_record
SF:lib/services/storage_service.dart
DA:5,0
DA:8,0
DA:9,0
DA:10,0
DA:12,0
DA:16,0
DA:17,0
DA:18,0
DA:20,0
DA:21,0
DA:23,0
LF:11
LH:0
end_of_record
SF:lib/utils/date_util.dart
DA:6,8
DA:8,16
DA:9,8
DA:11,8
DA:12,8
DA:13,8
DA:14,0
DA:15,8
DA:16,32
DA:19,3
DA:21,6
DA:22,3
DA:24,3
DA:25,3
DA:26,3
DA:27,0
DA:28,3
DA:29,15
DA:32,8
DA:33,8
DA:35,7
DA:36,0
DA:42,8
DA:43,16
DA:46,8
DA:47,16
DA:50,3
DA:51,12
DA:54,2
DA:55,2
DA:56,8
DA:57,2
DA:59,6
DA:60,6
DA:61,0
DA:63,6
DA:64,6
DA:65,0
DA:68,4
DA:72,0
DA:74,0
DA:76,0
DA:78,0
DA:80,0
DA:82,0
DA:84,0
DA:86,0
DA:88,0
DA:90,0
DA:92,0
DA:94,0
DA:96,0
DA:103,2
DA:104,2
DA:106,4
DA:108,8
DA:113,6
DA:114,4
DA:116,0
DA:119,2
DA:120,0
DA:122,4
LF:62
LH:42
end_of_record
SF:lib/widgets/chats/banner_message.dart
DA:8,3
DA:14,3
DA:16,3
DA:17,6
DA:18,7
DA:20,3
DA:22,3
DA:25,3
DA:27,6
DA:28,3
DA:30,3
DA:32,3
DA:33,3
DA:34,3
DA:36,6
DA:38,1
DA:40,2
DA:43,3
DA:44,3
DA:46,9
LF:20
LH:20
end_of_record
SF:lib/widgets/chats/input_bar.dart
DA:17,8
DA:31,8
DA:33,8
DA:35,8
DA:36,8
DA:37,8
DA:38,8
DA:39,8
DA:41,2
DA:42,4
DA:43,4
DA:49,8
DA:50,8
DA:51,8
DA:52,8
DA:53,2
DA:54,8
DA:56,3
DA:57,0
DA:60,3
DA:61,0
DA:65,8
DA:68,8
DA:70,8
DA:72,8
DA:73,8
DA:74,8
DA:76,8
DA:78,8
DA:79,8
DA:80,8
DA:81,1
DA:82,2
DA:88,8
DA:89,8
DA:100,8
DA:101,8
DA:103,8
DA:104,8
LF:39
LH:37
end_of_record
SF:lib/widgets/chats/options_menu.dart
DA:11,3
DA:20,3
DA:22,3
DA:23,3
DA:24,3
DA:25,3
DA:26,0
DA:27,0
DA:29,3
DA:34,3
DA:36,7
DA:38,3
DA:39,3
DA:40,12
DA:45,3
DA:47,3
DA:48,3
DA:49,3
DA:50,3
DA:51,3
DA:52,3
DA:53,3
DA:54,6
DA:55,3
DA:57,3
DA:58,3
DA:59,3
DA:60,3
DA:61,3
DA:67,3
DA:68,1
DA:69,2
DA:70,2
DA:72,3
DA:73,3
DA:74,3
DA:75,6
DA:76,3
DA:78,3
DA:79,3
DA:80,3
DA:81,3
DA:82,3
DA:88,3
DA:89,3
DA:90,3
DA:91,3
DA:92,3
DA:93,6
DA:94,3
DA:96,3
DA:97,3
DA:98,3
DA:99,3
DA:100,3
LF:55
LH:53
end_of_record
SF:lib/widgets/messages/event_message_tile.dart
DA:22,3
DA:29,3
DA:30,3
DA:35,3
DA:37,21
DA:38,9
DA:39,3
DA:42,3
DA:44,21
DA:45,3
DA:46,3
DA:47,3
DA:48,0
DA:50,0
DA:51,0
DA:54,3
DA:55,3
DA:56,3
DA:57,3
DA:60,9
DA:61,9
DA:63,9
DA:66,3
DA:69,9
DA:72,3
DA:73,9
DA:74,0
DA:75,0
DA:77,0
DA:78,0
DA:82,3
DA:83,9
DA:88,3
DA:89,9
DA:100,9
DA:101,6
DA:104,3
DA:106,3
DA:107,9
DA:108,0
DA:109,0
DA:111,0
DA:112,0
DA:114,0
DA:115,0
DA:117,0
DA:120,0
DA:123,0
DA:129,3
DA:130,3
DA:131,3
DA:132,1
DA:133,5
DA:134,2
DA:135,3
DA:136,2
DA:137,3
DA:138,2
DA:139,1
DA:140,2
DA:141,3
DA:142,1
DA:143,1
DA:148,3
DA:149,3
DA:150,3
DA:153,3
DA:154,3
DA:157,3
DA:158,3
DA:164,3
DA:167,3
DA:168,3
DA:170,3
DA:171,3
DA:176,3
DA:177,3
DA:178,6
DA:186,3
DA:188,3
DA:189,3
DA:194,3
DA:195,3
DA:196,6
DA:203,3
DA:204,3
DA:205,3
DA:206,3
DA:207,6
DA:208,6
DA:209,3
DA:210,3
DA:211,3
DA:213,3
DA:214,6
DA:221,3
DA:222,6
DA:223,3
DA:224,3
DA:225,3
DA:226,3
DA:228,2
DA:229,2
DA:231,2
DA:232,2
DA:233,2
DA:239,3
DA:240,3
DA:242,3
DA:243,3
DA:244,3
DA:267,3
DA:268,9
DA:269,9
DA:270,9
DA:272,0
DA:274,0
DA:275,3
DA:278,3
DA:279,3
DA:280,3
DA:282,12
DA:283,3
DA:284,3
DA:285,9
DA:292,3
DA:293,6
DA:294,3
DA:303,6
DA:304,6
DA:305,3
DA:306,3
DA:307,3
DA:308,3
DA:310,3
DA:311,9
DA:314,3
DA:315,9
DA:320,3
DA:321,6
DA:322,9
DA:337,4
DA:338,4
DA:339,2
LF:144
LH:126
end_of_record
SF:lib/widgets/messages/image_message_tile.dart
DA:17,3
DA:26,3
DA:28,3
DA:29,0
DA:31,0
DA:32,0
DA:33,0
DA:35,1
DA:36,2
DA:37,1
DA:38,2
DA:40,2
DA:41,1
DA:42,2
DA:43,1
DA:44,1
DA:49,3
DA:50,3
DA:51,3
DA:52,3
DA:55,6
DA:56,6
DA:58,6
DA:61,3
DA:64,6
DA:67,3
DA:68,6
DA:69,0
DA:71,0
DA:72,0
DA:76,3
DA:77,6
DA:81,3
DA:82,6
DA:93,6
DA:94,6
DA:97,3
DA:100,3
DA:101,6
DA:102,0
DA:104,0
DA:106,0
DA:107,0
DA:109,0
DA:111,0
DA:114,0
DA:120,3
DA:122,3
DA:123,3
DA:124,6
DA:125,6
DA:137,3
DA:138,6
DA:139,6
DA:140,6
DA:142,0
DA:144,0
DA:145,3
DA:146,3
DA:147,3
DA:148,3
DA:150,12
DA:151,3
DA:152,6
DA:159,3
DA:160,3
DA:161,3
LF:67
LH:51
end_of_record
SF:lib/widgets/messages/news_message_tile.dart
DA:14,3
DA:21,3
DA:23,3
DA:24,0
DA:26,0
DA:27,0
DA:30,3
DA:31,3
DA:32,3
DA:33,3
DA:36,6
DA:37,6
DA:39,6
DA:42,3
DA:45,6
DA:48,3
DA:49,6
DA:50,0
DA:52,0
DA:53,0
DA:57,3
DA:58,6
DA:63,3
DA:64,6
DA:75,6
DA:76,6
DA:79,3
DA:81,3
DA:82,6
DA:83,0
DA:85,0
DA:86,0
DA:87,0
DA:89,0
DA:91,0
DA:94,0
DA:100,3
DA:101,3
DA:102,3
DA:103,1
DA:105,3
DA:106,2
DA:107,1
DA:108,2
DA:109,1
DA:110,1
DA:111,1
DA:112,1
DA:113,1
DA:118,3
DA:120,3
DA:121,3
DA:123,3
DA:124,12
DA:128,3
DA:129,6
DA:137,3
DA:139,3
DA:140,12
DA:144,3
DA:145,6
DA:152,3
DA:153,12
DA:154,6
DA:169,3
DA:171,6
DA:172,6
DA:174,0
DA:176,0
DA:177,3
DA:180,3
DA:181,3
DA:182,3
DA:184,12
DA:185,3
DA:186,6
DA:193,3
DA:194,3
DA:195,3
LF:79
LH:64
end_of_record
SF:lib/widgets/messages/text_message_tile.dart
DA:14,3
DA:23,3
DA:25,3
DA:26,2
DA:27,4
DA:28,6
DA:29,6
DA:31,3
DA:32,3
DA:33,3
DA:34,3
DA:37,6
DA:38,6
DA:40,6
DA:43,3
DA:46,6
DA:49,3
DA:50,8
DA:51,1
DA:53,1
DA:54,2
DA:58,3
DA:59,3
DA:60,3
DA:61,3
DA:62,3
DA:63,12
DA:68,3
DA:69,6
DA:80,6
DA:81,4
DA:84,3
DA:86,3
DA:87,8
DA:88,1
DA:90,1
DA:91,1
DA:92,1
DA:94,1
DA:96,2
DA:99,1
DA:105,3
DA:106,6
DA:108,3
DA:109,6
DA:120,3
DA:123,3
DA:125,3
DA:128,3
DA:129,3
DA:130,3
DA:132,9
DA:133,3
DA:134,3
DA:135,6
DA:142,3
DA:143,3
DA:144,3
LF:58
LH:58
end_of_record
SF:lib/pages/chats/groups/group_requests_page.dart
DA:20,2
DA:30,2
DA:31,2
DA:38,2
DA:40,6
DA:41,6
DA:42,2
DA:45,2
DA:47,2
DA:48,2
DA:51,2
DA:52,4
DA:53,2
DA:54,12
DA:55,4
DA:56,4
DA:57,2
DA:58,2
DA:59,2
DA:60,1
DA:61,2
DA:62,1
DA:66,1
DA:67,2
DA:70,2
DA:72,6
DA:75,4
DA:76,2
DA:77,2
DA:79,2
DA:81,8
DA:84,2
DA:85,6
DA:86,0
DA:87,0
DA:89,0
DA:90,0
DA:91,0
DA:96,2
DA:97,8
DA:99,4
DA:100,4
DA:101,2
DA:115,2
DA:118,4
DA:119,2
DA:120,4
DA:121,2
DA:122,2
DA:123,2
DA:124,2
DA:125,2
DA:126,2
DA:130,2
DA:131,2
DA:134,2
DA:135,2
DA:138,8
DA:141,2
DA:142,2
DA:144,4
DA:145,6
DA:147,2
DA:148,2
DA:150,2
DA:151,2
DA:155,2
DA:156,2
DA:158,2
DA:159,4
DA:165,4
DA:166,4
DA:169,2
DA:171,2
DA:172,2
DA:173,4
DA:174,2
DA:185,2
DA:186,2
DA:187,4
DA:188,6
DA:189,4
DA:190,4
DA:193,2
DA:195,2
DA:196,2
DA:197,4
DA:198,2
DA:216,2
DA:218,2
LF:90
LH:85
end_of_record
SF:lib/pages/chats/show_events_page.dart
DA:27,2
DA:39,2
DA:41,2
DA:42,2
DA:45,4
DA:46,2
DA:48,2
DA:49,4
DA:51,2
DA:52,2
DA:53,2
DA:54,8
DA:56,2
DA:57,1
DA:58,3
DA:59,1
DA:60,1
DA:61,1
DA:62,1
DA:63,1
DA:64,1
DA:67,3
DA:68,1
DA:69,1
DA:70,1
DA:71,1
DA:72,1
DA:73,1
DA:77,2
DA:80,4
DA:82,2
DA:83,2
DA:84,2
DA:85,4
DA:87,2
DA:90,4
DA:91,2
DA:92,4
DA:93,2
DA:95,2
DA:97,2
DA:98,2
DA:100,6
DA:102,0
DA:103,2
DA:104,2
DA:107,2
DA:108,2
DA:110,2
DA:113,4
DA:119,2
DA:122,2
DA:123,2
DA:124,2
DA:125,2
DA:127,2
DA:129,2
DA:130,2
DA:131,2
DA:132,2
DA:133,6
DA:134,2
DA:135,4
DA:139,2
DA:140,0
DA:142,2
DA:143,2
DA:144,2
DA:146,2
DA:147,2
DA:148,2
DA:149,2
DA:150,2
DA:153,2
DA:154,2
DA:158,2
DA:160,2
DA:161,2
DA:162,4
DA:164,2
DA:166,2
DA:175,2
DA:179,2
DA:181,2
DA:182,2
DA:183,4
DA:185,2
DA:187,2
DA:200,2
DA:201,4
DA:202,2
DA:203,4
DA:204,2
DA:205,2
DA:206,2
LF:95
LH:93
end_of_record
SF:lib/pages/chats/show_images_page.dart
DA:26,2
DA:38,2
DA:40,2
DA:41,2
DA:44,4
DA:45,2
DA:47,2
DA:48,4
DA:50,2
DA:51,2
DA:52,2
DA:53,8
DA:55,2
DA:56,1
DA:57,4
DA:59,3
DA:60,1
DA:61,1
DA:62,1
DA:63,1
DA:64,1
DA:65,1
DA:68,3
DA:69,1
DA:70,1
DA:71,1
DA:72,1
DA:73,1
DA:74,1
DA:79,2
DA:82,4
DA:84,2
DA:85,2
DA:86,2
DA:87,4
DA:88,2
DA:91,4
DA:92,2
DA:93,4
DA:94,2
DA:96,2
DA:98,2
DA:99,2
DA:101,2
DA:102,2
DA:105,2
DA:106,2
DA:116,2
DA:125,2
DA:126,2
DA:127,2
DA:128,2
DA:129,2
DA:130,2
DA:131,2
DA:135,0
DA:137,0
DA:139,2
DA:144,2
DA:146,2
DA:147,2
DA:148,3
DA:149,1
DA:150,1
DA:151,1
DA:152,1
DA:153,1
DA:154,1
DA:156,1
DA:157,2
DA:158,1
DA:159,1
DA:161,1
DA:164,2
DA:165,1
DA:166,2
DA:167,1
DA:168,1
DA:169,1
DA:170,1
DA:171,1
DA:172,1
DA:174,1
DA:175,2
DA:176,1
DA:177,1
DA:179,1
LF:87
LH:85
end_of_record
SF:lib/pages/chats/show_news_page.dart
DA:25,2
DA:37,2
DA:39,2
DA:40,2
DA:43,4
DA:44,2
DA:46,2
DA:47,4
DA:49,2
DA:50,4
DA:51,2
DA:52,2
DA:53,8
DA:55,2
DA:56,1
DA:57,3
DA:58,1
DA:59,1
DA:60,1
DA:61,1
DA:62,1
DA:63,1
DA:66,3
DA:67,1
DA:68,1
DA:69,1
DA:70,1
DA:71,1
DA:72,1
DA:77,1
DA:80,2
DA:81,2
DA:82,2
DA:83,4
DA:85,2
DA:88,4
DA:89,2
DA:90,4
DA:91,2
DA:92,2
DA:94,2
DA:95,2
DA:97,4
DA:98,2
DA:101,2
DA:102,2
DA:104,2
DA:107,4
DA:113,2
DA:116,2
DA:117,2
DA:118,2
DA:119,4
DA:120,2
DA:121,2
DA:122,2
DA:123,2
DA:124,2
DA:125,2
LF:59
LH:59
end_of_record
SF:lib/utils/category_util.dart
DA:6,21
DA:22,3
DA:23,1
DA:27,1
DA:31,1
DA:35,1
DA:39,1
DA:43,1
DA:47,1
DA:51,1
DA:55,1
DA:59,1
DA:63,1
DA:67,1
DA:71,1
DA:77,1
DA:78,2
DA:79,0
DA:85,10
DA:87,10
DA:89,10
DA:91,10
DA:93,10
DA:95,10
DA:97,10
DA:99,10
DA:101,10
DA:103,10
DA:105,10
DA:107,10
DA:109,8
DA:111,8
LF:32
LH:31
end_of_record
SF:lib/widgets/notification_widget.dart
DA:6,3
DA:9,3
DA:10,3
DA:15,3
DA:17,9
DA:18,3
DA:21,3
DA:23,3
DA:25,3
DA:26,3
DA:27,3
DA:34,3
DA:36,3
DA:37,3
DA:38,3
DA:39,9
DA:40,6
DA:41,3
LF:18
LH:18
end_of_record
SF:lib/widgets/user_tile.dart
DA:16,7
DA:22,7
DA:23,7
DA:28,7
DA:30,49
DA:31,7
DA:34,7
DA:36,21
DA:37,7
DA:38,7
DA:39,7
DA:40,7
DA:41,1
DA:42,7
DA:43,7
DA:44,7
DA:45,7
DA:46,7
DA:47,7
DA:48,5
DA:50,3
DA:51,1
DA:52,1
DA:53,3
DA:55,1
DA:56,3
DA:61,7
DA:62,7
DA:63,28
DA:66,7
DA:67,7
DA:71,7
DA:72,21
DA:76,7
DA:77,21
DA:78,7
DA:81,28
DA:85,56
DA:86,7
DA:87,28
DA:94,47
DA:95,4
DA:96,1
DA:98,1
DA:99,3
DA:100,1
DA:102,5
DA:103,7
DA:104,5
DA:105,7
DA:106,5
DA:108,1
DA:109,3
DA:111,0
DA:114,1
DA:116,1
DA:117,1
DA:119,2
DA:120,1
DA:121,1
DA:124,1
DA:125,3
DA:126,3
DA:127,3
DA:128,2
DA:136,4
DA:138,4
DA:139,4
DA:140,8
DA:141,4
DA:145,4
DA:146,12
DA:148,9
DA:151,4
DA:153,16
DA:166,7
DA:168,7
LF:77
LH:76
end_of_record
SF:lib/widgets/start_messaging_widget.dart
DA:4,83
DA:6,2
LF:2
LH:2
end_of_record
SF:lib/pages/chats/image_view_page.dart
DA:24,3
DA:37,3
DA:38,3
DA:45,3
DA:47,9
DA:49,3
DA:50,27
DA:51,9
DA:52,3
DA:55,3
DA:57,3
DA:58,9
DA:59,18
DA:61,3
DA:62,3
DA:63,9
DA:64,3
DA:65,9
DA:66,3
DA:67,3
DA:70,6
DA:71,3
DA:72,2
DA:73,4
DA:74,4
DA:75,2
DA:76,2
DA:77,2
DA:78,2
DA:79,2
DA:80,2
DA:81,1
DA:82,2
DA:83,2
DA:87,2
DA:89,6
DA:91,3
DA:92,6
DA:93,2
DA:94,0
DA:95,3
DA:96,6
DA:97,9
DA:100,3
DA:105,3
DA:106,3
DA:107,9
DA:108,3
DA:109,3
DA:110,3
DA:112,0
DA:114,0
DA:120,3
DA:121,3
DA:124,3
DA:125,3
DA:126,3
DA:127,15
DA:129,3
DA:132,3
DA:133,15
DA:139,3
DA:140,6
DA:141,3
DA:142,15
LF:65
LH:62
end_of_record
SF:lib/pages/chats/private_chats/private_chat_page.dart
DA:35,5
DA:47,5
DA:48,5
DA:61,5
DA:63,15
DA:64,5
DA:66,5
DA:69,5
DA:71,5
DA:72,5
DA:75,5
DA:76,2
DA:77,6
DA:78,6
DA:79,6
DA:80,6
DA:81,4
DA:82,3
DA:83,2
DA:84,2
DA:85,2
DA:86,2
DA:87,2
DA:88,2
DA:89,2
DA:93,3
DA:94,1
DA:95,2
DA:96,2
DA:97,2
DA:98,2
DA:99,2
DA:100,2
DA:107,5
DA:108,5
DA:109,5
DA:110,15
DA:114,5
DA:115,5
DA:116,20
DA:118,5
DA:119,15
DA:126,10
DA:127,10
DA:128,4
DA:129,8
DA:130,1
DA:131,2
DA:132,2
DA:138,5
DA:139,5
DA:140,5
DA:141,5
DA:143,5
DA:151,5
DA:152,5
DA:154,5
DA:155,5
DA:156,5
DA:157,5
DA:158,5
DA:159,4
DA:160,10
DA:167,2
DA:168,4
DA:169,2
DA:171,2
DA:172,4
DA:173,2
DA:176,2
DA:178,6
DA:179,0
DA:180,6
DA:181,12
DA:182,2
DA:183,2
DA:184,2
DA:185,2
DA:188,2
DA:190,2
DA:192,2
DA:193,2
DA:198,10
DA:200,4
DA:201,6
DA:202,2
DA:203,4
DA:204,2
DA:210,2
DA:212,6
DA:214,2
DA:215,4
DA:216,2
DA:217,4
DA:218,2
DA:221,2
DA:222,6
DA:223,0
DA:225,6
DA:226,12
DA:227,2
DA:228,2
DA:229,2
DA:230,2
DA:233,2
DA:235,2
DA:237,2
DA:238,2
DA:243,10
DA:244,6
DA:245,4
DA:248,2
DA:249,4
DA:250,2
DA:255,4
DA:256,4
DA:260,5
DA:261,5
DA:262,5
DA:263,5
DA:264,5
DA:265,5
DA:269,10
DA:270,2
DA:271,4
DA:276,2
DA:277,6
DA:280,2
DA:281,8
DA:284,2
DA:285,2
DA:286,12
DA:287,2
DA:291,2
DA:293,2
DA:294,2
DA:295,2
DA:296,2
DA:298,2
DA:299,2
DA:300,2
DA:301,2
DA:302,2
DA:305,2
DA:307,2
DA:308,2
DA:309,2
DA:310,2
DA:311,2
DA:317,2
DA:318,4
DA:319,2
DA:320,2
DA:322,2
DA:323,2
DA:324,2
DA:327,4
DA:328,2
DA:329,2
DA:330,4
DA:332,0
DA:333,0
DA:336,4
DA:337,2
DA:338,2
DA:341,2
DA:342,2
DA:351,5
DA:357,2
DA:358,2
DA:360,6
DA:361,2
DA:362,4
DA:363,2
DA:364,2
DA:366,8
DA:368,4
DA:369,2
DA:370,4
DA:376,2
DA:377,6
DA:378,2
DA:379,2
DA:380,2
DA:383,2
DA:384,4
DA:385,2
DA:387,2
DA:388,2
DA:393,4
DA:394,4
DA:396,6
DA:397,0
DA:398,10
DA:399,6
DA:400,4
DA:406,5
DA:407,5
DA:408,20
DA:410,10
DA:411,5
DA:412,10
DA:413,15
DA:414,30
DA:420,2
DA:421,4
DA:422,4
DA:423,4
DA:424,2
DA:425,2
DA:426,2
DA:428,6
DA:431,5
DA:433,7
DA:434,0
DA:436,7
DA:437,0
DA:439,10
DA:440,5
LF:219
LH:212
end_of_record
SF:lib/pages/chats/private_chats/private_info_page.dart
DA:26,2
DA:36,2
DA:37,2
DA:44,2
DA:46,6
DA:47,2
DA:48,2
DA:51,2
DA:52,2
DA:53,8
DA:54,4
DA:55,4
DA:56,2
DA:61,2
DA:64,14
DA:66,14
DA:68,14
DA:69,2
DA:70,2
DA:73,2
DA:74,4
DA:75,0
DA:76,0
DA:77,0
DA:78,0
DA:79,0
DA:80,0
DA:81,0
DA:82,0
DA:83,0
DA:84,0
DA:85,0
DA:89,0
DA:92,2
DA:93,6
DA:94,4
DA:96,2
DA:97,2
DA:98,2
DA:100,2
DA:102,2
DA:103,2
DA:106,2
DA:107,2
DA:108,2
DA:110,2
DA:111,2
DA:113,2
DA:114,2
DA:115,6
DA:117,2
DA:118,6
DA:124,2
DA:125,14
DA:136,2
DA:138,2
DA:139,2
DA:140,2
DA:142,4
DA:148,2
DA:149,2
DA:150,2
DA:151,0
DA:152,0
DA:155,2
DA:156,2
DA:158,2
DA:159,4
DA:169,2
DA:171,4
DA:176,2
DA:177,2
DA:178,0
DA:179,0
DA:180,2
DA:181,4
DA:182,4
DA:183,2
DA:186,2
DA:188,2
DA:189,1
DA:191,2
DA:195,2
DA:196,1
DA:197,2
DA:198,2
DA:202,2
DA:203,1
DA:205,2
DA:214,2
DA:216,2
DA:217,2
DA:218,2
DA:220,4
DA:226,2
DA:227,2
DA:228,2
DA:229,0
DA:230,0
DA:231,2
DA:232,2
DA:234,2
DA:235,4
DA:245,2
DA:247,4
DA:252,2
DA:253,2
DA:254,0
DA:255,0
DA:256,2
DA:257,4
DA:258,4
DA:259,2
DA:262,2
DA:264,2
DA:265,1
DA:267,2
DA:272,2
DA:273,1
DA:274,2
DA:275,2
DA:279,2
DA:280,1
DA:282,2
DA:291,2
DA:293,2
DA:294,2
DA:295,2
DA:297,4
DA:303,2
DA:304,2
DA:305,2
DA:306,0
DA:307,0
DA:308,2
DA:309,2
DA:311,2
DA:312,4
DA:322,2
DA:324,4
DA:329,2
DA:330,2
DA:331,0
DA:332,0
DA:333,2
DA:334,4
DA:335,4
DA:336,2
DA:339,2
DA:341,2
DA:342,1
DA:344,2
DA:349,2
DA:350,1
DA:351,2
DA:352,2
DA:356,2
DA:357,1
DA:359,2
DA:368,2
DA:369,2
DA:370,2
DA:371,4
DA:372,6
LF:164
LH:140
end_of_record
SF:lib/pages/events/event_page.dart
DA:20,7
DA:27,7
DA:28,7
DA:33,7
DA:35,42
DA:36,7
DA:39,7
DA:41,21
DA:42,21
DA:43,42
DA:45,7
DA:46,7
DA:49,14
DA:50,7
DA:52,1
DA:53,2
DA:54,1
DA:55,2
DA:57,2
DA:66,7
DA:67,7
DA:68,14
DA:69,4
DA:70,8
DA:74,7
DA:76,7
DA:77,14
DA:80,7
DA:81,7
DA:82,7
DA:83,7
DA:85,7
DA:86,7
DA:87,7
DA:88,7
DA:90,7
DA:92,7
DA:93,7
DA:94,7
DA:96,7
DA:98,7
DA:105,7
DA:106,28
DA:109,7
DA:110,7
DA:111,7
DA:112,7
DA:113,7
DA:115,7
DA:123,7
DA:124,7
DA:135,7
DA:138,14
DA:139,7
DA:140,14
DA:141,7
DA:143,7
DA:144,7
DA:145,7
DA:146,7
DA:147,7
DA:148,7
DA:150,7
DA:151,7
DA:153,7
DA:154,7
DA:156,7
DA:159,7
DA:160,7
DA:161,49
DA:163,7
DA:164,7
DA:171,7
DA:172,14
DA:173,14
DA:174,14
DA:175,14
DA:176,14
DA:177,14
DA:185,1
DA:186,2
DA:187,1
DA:188,1
DA:189,1
DA:190,1
DA:191,1
DA:203,21
DA:204,7
DA:205,7
DA:206,7
DA:207,7
DA:208,7
DA:210,7
DA:211,7
DA:212,7
DA:220,1
DA:221,2
DA:222,4
DA:223,2
DA:224,3
DA:225,1
DA:227,1
DA:228,1
DA:229,1
DA:232,2
DA:234,2
DA:240,7
DA:243,7
DA:245,7
DA:257,1
DA:258,1
DA:260,1
DA:261,1
DA:266,1
DA:267,1
DA:269,1
DA:270,1
DA:271,1
DA:273,1
DA:275,1
DA:276,1
DA:277,1
DA:282,1
DA:286,0
DA:299,1
DA:300,1
DA:301,2
DA:305,0
DA:306,0
DA:309,1
DA:310,2
DA:311,2
DA:312,2
DA:313,1
DA:314,2
DA:315,2
DA:316,2
DA:318,1
DA:319,1
DA:321,1
DA:323,1
DA:324,1
DA:325,1
DA:336,1
DA:342,6
DA:343,6
DA:344,3
DA:345,3
DA:346,3
DA:347,3
DA:348,3
DA:349,3
DA:350,3
DA:351,3
DA:353,3
DA:355,3
DA:356,3
DA:358,3
DA:359,3
DA:362,3
DA:363,3
DA:367,3
DA:371,3
DA:372,3
DA:373,3
DA:374,3
DA:378,3
DA:380,12
DA:383,3
DA:384,3
DA:385,3
DA:386,3
DA:390,3
DA:395,3
DA:396,3
DA:398,3
DA:399,3
DA:401,3
DA:402,3
DA:403,3
DA:406,12
DA:421,0
DA:422,0
DA:424,0
DA:426,0
DA:427,0
DA:428,0
DA:429,0
DA:430,0
DA:435,0
DA:436,0
DA:437,0
DA:438,0
DA:439,0
DA:443,0
DA:445,0
DA:446,0
DA:447,0
DA:448,0
DA:452,0
DA:453,0
DA:454,0
DA:455,0
DA:456,0
DA:457,0
LF:205
LH:178
end_of_record
SF:lib/widgets/news/news_tile.dart
DA:10,3
DA:18,3
DA:20,3
DA:21,1
DA:22,1
DA:24,1
DA:25,2
DA:26,1
DA:27,1
DA:28,1
DA:29,1
DA:30,1
DA:33,3
DA:35,3
DA:37,3
DA:39,3
DA:40,6
DA:41,3
DA:45,6
DA:46,3
DA:47,3
DA:48,3
DA:49,0
DA:50,0
DA:52,0
DA:56,0
DA:58,0
DA:59,0
DA:63,3
DA:64,12
DA:68,12
DA:70,4
DA:71,8
DA:76,3
DA:77,3
DA:78,3
DA:79,12
DA:81,4
DA:82,8
DA:83,3
DA:84,3
DA:87,3
DA:88,3
DA:89,3
DA:90,3
DA:91,3
DA:99,3
DA:100,12
DA:102,4
DA:103,8
DA:104,3
DA:105,3
DA:108,3
DA:109,3
DA:110,3
DA:111,3
DA:112,3
LF:57
LH:51
end_of_record
SF:lib/pages/events/share_event_group_page.dart
DA:13,1
DA:17,1
DA:19,1
DA:28,1
DA:30,5
DA:31,1
DA:34,1
DA:36,5
DA:37,1
DA:38,1
DA:41,1
DA:42,2
DA:43,1
DA:44,3
DA:47,1
DA:49,1
DA:51,2
DA:55,1
DA:56,1
DA:57,1
DA:61,1
DA:62,1
DA:63,1
DA:65,1
DA:66,1
DA:68,0
DA:69,0
DA:70,0
DA:75,1
DA:84,1
DA:85,1
DA:86,1
DA:87,0
DA:88,1
DA:89,1
DA:90,0
DA:92,0
DA:93,0
DA:94,0
DA:95,0
DA:96,0
DA:98,0
DA:99,0
DA:100,0
DA:101,0
DA:102,0
DA:104,0
DA:105,0
DA:106,0
DA:121,2
DA:122,5
DA:123,1
DA:124,1
DA:125,0
DA:127,0
DA:128,0
DA:129,0
DA:130,0
DA:131,0
DA:133,0
DA:134,0
DA:136,0
DA:137,0
DA:138,0
DA:140,0
DA:141,0
DA:143,0
DA:158,1
DA:159,1
DA:161,1
DA:162,1
DA:163,1
DA:164,1
DA:165,1
DA:166,1
DA:167,3
DA:169,1
DA:170,2
DA:171,2
DA:172,2
DA:174,2
DA:178,4
DA:180,3
DA:181,0
DA:183,0
DA:193,1
DA:195,2
DA:196,1
LF:88
LH:54
end_of_record
SF:lib/widgets/events/event_info_widget.dart
DA:23,4
DA:39,4
DA:41,4
DA:42,28
DA:43,4
DA:45,4
DA:46,4
DA:47,8
DA:49,4
DA:51,4
DA:52,4
DA:53,4
DA:54,4
DA:56,8
DA:58,4
DA:59,4
DA:60,4
DA:62,19
DA:63,6
DA:65,2
DA:68,4
DA:69,16
DA:71,4
DA:72,8
DA:84,4
DA:86,4
DA:88,4
DA:89,4
DA:90,4
DA:92,8
DA:94,4
DA:95,4
DA:96,4
DA:98,19
DA:99,3
DA:101,1
DA:104,4
DA:105,16
DA:107,4
DA:108,8
DA:120,4
DA:122,4
DA:124,4
DA:125,4
DA:126,4
DA:127,8
DA:129,4
DA:131,4
DA:132,4
DA:134,19
DA:135,6
DA:137,2
DA:140,4
DA:141,16
DA:143,4
DA:144,8
DA:155,4
DA:157,4
DA:159,4
DA:160,4
DA:161,4
DA:163,8
DA:165,4
DA:167,4
DA:168,4
DA:170,19
DA:171,3
DA:173,1
DA:176,4
DA:177,16
DA:179,4
DA:180,8
DA:192,4
DA:194,4
DA:196,4
DA:197,4
DA:198,4
DA:200,8
DA:202,4
DA:204,4
DA:205,4
DA:207,4
DA:208,4
DA:210,8
DA:212,3
DA:214,4
DA:215,4
DA:216,16
DA:218,4
DA:219,16
DA:221,8
DA:233,20
DA:234,4
DA:236,4
DA:237,4
DA:239,1
DA:240,2
DA:242,4
DA:244,4
DA:250,4
DA:252,4
DA:253,8
DA:260,4
DA:262,0
DA:263,0
DA:276,8
DA:277,1
DA:279,1
DA:280,3
DA:295,2
DA:298,2
DA:299,2
DA:300,4
DA:302,2
DA:303,2
DA:304,2
DA:305,2
DA:306,2
DA:307,8
DA:309,4
DA:310,8
DA:314,2
DA:315,8
DA:317,4
DA:318,8
DA:322,2
DA:323,8
DA:325,4
DA:326,8
DA:330,2
DA:331,8
DA:333,4
DA:334,8
DA:340,2
DA:342,2
DA:343,2
DA:344,2
DA:345,8
DA:347,2
DA:348,8
DA:350,8
DA:355,8
DA:356,1
DA:358,1
DA:359,2
DA:360,0
DA:362,0
DA:364,0
DA:365,0
DA:377,1
DA:378,1
DA:381,0
DA:382,0
DA:401,3
DA:402,3
DA:403,15
DA:406,3
DA:407,3
DA:408,18
LF:159
LH:151
end_of_record
SF:lib/pages/events/location_page.dart
DA:9,1
DA:11,1
DA:12,1
DA:17,1
DA:19,1
DA:20,1
DA:23,1
DA:24,2
DA:25,0
DA:26,0
DA:29,3
DA:30,2
DA:31,1
DA:36,1
DA:38,1
DA:40,1
DA:41,1
DA:44,1
DA:45,2
DA:46,1
DA:47,2
DA:51,1
DA:52,1
DA:53,1
DA:54,1
DA:55,1
DA:59,0
DA:60,0
DA:61,0
DA:62,0
DA:66,1
DA:67,1
DA:68,1
DA:69,1
DA:70,1
DA:71,1
DA:74,1
DA:75,1
DA:77,2
DA:83,1
DA:84,1
DA:88,1
DA:89,1
DA:90,2
DA:91,1
DA:92,3
DA:105,2
LF:47
LH:41
end_of_record
SF:lib/pages/events/detail_event_page.dart
DA:26,1
DA:31,1
DA:32,1
DA:37,1
DA:39,6
DA:40,1
DA:43,1
DA:45,3
DA:47,3
DA:48,6
DA:49,1
DA:50,1
DA:53,2
DA:54,1
DA:55,1
DA:56,2
DA:57,1
DA:58,2
DA:60,1
DA:61,0
DA:65,1
DA:66,2
DA:67,1
DA:68,5
DA:69,5
DA:70,6
DA:71,2
DA:74,2
DA:75,1
DA:78,1
DA:79,1
DA:80,1
DA:81,1
DA:83,1
DA:84,1
DA:87,2
DA:88,5
DA:89,0
DA:94,1
DA:95,1
DA:97,1
DA:99,1
DA:101,1
DA:102,1
DA:103,2
DA:107,3
DA:111,1
DA:113,1
DA:114,1
DA:116,2
DA:118,1
DA:119,2
DA:128,1
DA:130,4
DA:131,1
DA:132,1
DA:133,1
DA:134,1
DA:135,4
DA:136,1
DA:137,1
DA:138,1
DA:139,1
DA:141,1
DA:142,1
DA:143,1
DA:144,1
DA:145,1
DA:146,0
DA:150,1
DA:151,1
DA:152,1
DA:153,1
DA:158,2
DA:163,1
DA:164,2
DA:176,1
DA:181,1
DA:182,1
DA:183,1
DA:184,1
DA:185,1
DA:188,1
DA:189,1
DA:191,2
DA:199,1
DA:200,3
DA:201,3
DA:203,1
DA:204,1
DA:205,2
DA:206,1
DA:207,2
DA:208,2
DA:209,2
DA:210,1
DA:215,1
DA:216,3
DA:217,1
DA:218,1
DA:219,1
DA:220,1
DA:226,3
DA:227,3
DA:228,2
DA:229,2
DA:230,2
DA:231,2
DA:232,2
DA:234,1
DA:237,1
DA:239,3
DA:240,2
DA:241,2
DA:242,2
DA:243,2
DA:244,2
DA:246,0
DA:248,0
DA:249,0
DA:252,0
DA:253,0
DA:255,0
DA:256,0
DA:257,0
DA:258,0
DA:259,0
DA:260,0
DA:269,2
DA:270,1
DA:271,1
DA:272,1
DA:274,5
DA:275,5
DA:276,1
DA:277,3
DA:279,4
DA:280,2
DA:281,1
DA:282,1
DA:284,1
DA:285,1
DA:287,1
DA:288,1
DA:289,1
DA:291,1
DA:292,5
DA:293,5
DA:294,5
DA:295,2
DA:297,2
DA:306,1
DA:307,3
DA:309,3
DA:317,1
DA:318,2
DA:319,1
DA:320,1
DA:321,2
DA:322,2
DA:323,1
DA:324,1
DA:325,1
DA:326,1
DA:327,2
DA:328,2
DA:329,2
DA:330,2
DA:331,2
DA:332,1
DA:333,2
DA:334,2
DA:335,2
DA:336,2
DA:337,2
DA:343,1
DA:344,1
DA:345,1
DA:346,2
DA:348,1
DA:349,1
DA:350,2
DA:355,3
DA:356,1
DA:358,1
DA:359,1
DA:360,1
DA:361,1
DA:363,2
DA:364,1
DA:365,1
DA:366,1
DA:367,1
DA:368,1
DA:369,2
DA:370,1
DA:373,1
DA:376,1
DA:377,1
DA:379,1
DA:380,2
DA:381,1
DA:398,1
DA:399,1
DA:400,1
DA:401,1
DA:402,1
DA:403,1
DA:404,2
DA:405,2
DA:406,1
DA:413,1
DA:416,1
DA:418,1
DA:426,0
DA:428,0
DA:430,0
DA:431,0
DA:436,0
DA:437,0
DA:439,0
DA:440,0
DA:441,0
DA:443,0
DA:445,0
DA:446,0
DA:460,1
DA:467,1
DA:469,1
DA:471,1
DA:472,1
DA:476,1
DA:477,1
DA:479,1
DA:480,2
DA:482,1
DA:484,1
DA:485,1
DA:497,1
DA:502,1
DA:503,1
DA:504,2
DA:505,1
DA:506,1
DA:507,1
DA:508,1
DA:509,1
DA:510,1
DA:511,1
DA:512,1
DA:514,1
DA:516,1
DA:517,1
DA:519,1
DA:520,1
DA:524,1
DA:525,1
DA:526,1
DA:527,1
DA:531,1
DA:535,1
DA:536,1
DA:537,1
DA:538,1
DA:544,1
DA:548,1
DA:549,1
DA:550,1
DA:551,1
DA:555,1
DA:558,1
DA:559,1
DA:560,1
DA:561,1
DA:563,4
DA:573,0
DA:574,0
DA:575,0
DA:581,1
DA:583,2
DA:584,1
DA:586,1
DA:587,1
DA:589,0
DA:596,1
DA:597,4
DA:598,4
DA:600,5
DA:601,5
DA:603,1
DA:604,2
DA:606,1
DA:607,3
DA:611,2
DA:614,1
DA:616,0
LF:296
LH:265
end_of_record
SF:lib/pages/events/event_requests_page.dart
DA:15,1
DA:23,1
DA:24,1
DA:30,1
DA:32,3
DA:33,3
DA:34,1
DA:37,1
DA:39,1
DA:40,3
DA:41,5
DA:43,1
DA:44,1
DA:47,1
DA:48,2
DA:49,1
DA:50,6
DA:51,2
DA:54,1
DA:56,3
DA:59,2
DA:60,1
DA:61,1
DA:62,1
DA:63,3
DA:64,0
DA:65,0
DA:67,0
DA:68,0
DA:69,0
DA:74,1
DA:75,4
DA:77,0
DA:78,4
DA:79,1
DA:92,1
DA:93,2
DA:94,1
DA:95,1
DA:97,1
DA:98,1
DA:99,0
DA:100,1
DA:101,2
DA:102,0
DA:103,0
DA:104,0
DA:105,0
DA:106,0
DA:109,0
DA:110,0
DA:111,0
DA:112,0
DA:113,0
DA:115,0
DA:117,0
DA:119,0
DA:120,0
DA:121,0
DA:123,0
DA:124,0
DA:125,0
DA:127,0
DA:132,0
DA:134,0
DA:136,0
DA:137,0
DA:138,0
DA:140,0
DA:141,0
DA:142,0
DA:144,0
DA:160,1
DA:161,1
DA:162,1
DA:163,1
DA:164,1
DA:165,1
DA:169,1
DA:170,1
DA:173,1
DA:174,1
DA:178,4
DA:181,1
DA:182,1
DA:184,2
DA:185,2
DA:186,2
DA:187,1
DA:188,6
DA:189,2
DA:190,3
DA:191,2
DA:192,3
DA:194,1
DA:195,1
DA:197,1
DA:198,1
DA:202,1
DA:203,1
DA:205,1
DA:206,2
DA:212,2
DA:213,2
DA:216,1
DA:218,1
DA:219,1
DA:221,2
DA:222,1
DA:234,1
DA:235,1
DA:236,2
DA:237,5
DA:238,6
DA:240,2
DA:241,2
DA:244,1
DA:246,1
DA:247,1
DA:249,2
DA:250,1
LF:121
LH:86
end_of_record
SF:lib/pages/events/show_event_members_page.dart
DA:11,1
DA:18,1
DA:19,1
DA:24,1
DA:26,5
DA:27,6
DA:28,5
DA:29,1
DA:32,1
DA:34,6
DA:35,5
DA:36,1
DA:37,1
DA:40,1
DA:41,2
DA:42,1
DA:43,2
DA:46,1
DA:47,3
DA:49,1
DA:50,1
DA:51,2
DA:52,5
DA:53,0
DA:55,1
DA:56,2
DA:57,1
DA:58,6
DA:60,1
DA:61,1
DA:62,1
DA:63,1
DA:65,1
DA:67,3
DA:71,4
DA:72,1
DA:74,1
DA:75,1
DA:76,1
DA:95,1
DA:100,0
DA:101,0
DA:103,1
DA:104,0
DA:109,0
DA:110,0
DA:115,1
DA:117,1
LF:48
LH:42
end_of_record
SF:lib/widgets/events/show_date_widget.dart
DA:7,2
DA:9,2
DA:11,2
DA:12,2
DA:13,2
DA:18,2
DA:21,2
DA:22,6
DA:26,2
DA:29,2
DA:30,12
DA:34,2
DA:37,2
DA:38,6
LF:14
LH:14
end_of_record
SF:lib/pages/events/edit_event_page.dart
DA:23,1
DA:30,1
DA:31,1
DA:50,1
DA:52,2
DA:53,2
DA:54,1
DA:57,1
DA:59,1
DA:60,5
DA:61,5
DA:62,4
DA:63,6
DA:64,6
DA:65,2
DA:67,5
DA:68,3
DA:71,1
DA:73,3
DA:74,1
DA:75,1
DA:78,2
DA:79,1
DA:80,2
DA:81,0
DA:82,0
DA:85,1
DA:87,1
DA:88,1
DA:90,2
DA:91,2
DA:92,3
DA:93,3
DA:96,1
DA:99,0
DA:107,1
DA:108,5
DA:109,0
DA:110,0
DA:111,0
DA:112,0
DA:113,3
DA:114,6
DA:118,1
DA:119,2
DA:123,1
DA:124,2
DA:128,1
DA:130,1
DA:133,2
DA:136,1
DA:138,1
DA:139,2
DA:142,2
DA:143,1
DA:144,1
DA:147,2
DA:148,2
DA:149,1
DA:150,4
DA:152,1
DA:153,2
DA:154,0
DA:155,0
DA:156,0
DA:157,0
DA:160,1
DA:161,1
DA:162,1
DA:165,1
DA:166,1
DA:167,1
DA:168,4
DA:169,0
DA:170,0
DA:173,1
DA:175,1
DA:178,1
DA:179,1
DA:180,1
DA:185,0
DA:186,0
DA:191,1
DA:192,1
DA:193,3
DA:194,3
DA:195,1
DA:199,1
DA:200,0
DA:203,1
DA:204,2
DA:205,1
DA:209,1
DA:210,1
DA:211,0
DA:212,3
DA:213,1
DA:217,1
DA:218,0
DA:221,1
DA:222,2
DA:223,1
DA:227,1
DA:228,1
DA:229,1
DA:230,2
DA:232,1
DA:233,1
DA:237,1
DA:238,1
DA:239,1
DA:240,2
DA:241,1
DA:247,1
DA:249,1
DA:251,1
DA:252,3
DA:253,4
DA:255,1
DA:256,4
DA:257,0
DA:258,0
DA:259,0
DA:260,0
DA:263,0
DA:264,0
DA:265,0
DA:268,0
DA:269,0
DA:270,0
DA:273,0
DA:274,0
DA:275,0
DA:278,0
DA:279,0
DA:280,0
DA:283,1
DA:285,1
DA:286,1
DA:287,0
DA:288,0
DA:289,0
DA:292,1
DA:293,2
DA:294,1
DA:299,6
DA:300,1
DA:302,1
DA:303,1
DA:304,1
DA:305,1
DA:306,1
DA:308,2
DA:311,1
DA:312,1
DA:314,2
DA:317,1
DA:318,2
DA:319,2
DA:330,0
DA:331,0
DA:332,0
DA:333,0
DA:334,0
DA:335,0
DA:340,0
DA:341,0
DA:342,0
DA:344,0
DA:345,0
DA:346,0
DA:351,1
DA:352,2
DA:354,4
DA:355,5
DA:358,1
DA:359,3
DA:360,3
DA:361,2
DA:362,2
DA:363,1
DA:364,3
DA:365,3
DA:366,3
DA:368,1
DA:370,1
DA:371,1
DA:372,5
DA:374,7
DA:375,5
DA:378,1
DA:379,2
DA:380,3
DA:381,2
DA:382,2
DA:384,0
DA:385,0
DA:386,0
DA:388,0
DA:389,0
DA:391,2
LF:201
LH:147
end_of_record
SF:lib/pages/events/share_event_page.dart
DA:16,1
DA:23,1
DA:24,1
DA:33,1
DA:35,1
DA:38,1
DA:40,5
DA:41,5
DA:42,1
DA:43,1
DA:46,1
DA:48,1
DA:49,1
DA:50,2
DA:53,1
DA:54,0
DA:55,0
DA:57,2
DA:59,1
DA:60,4
DA:61,1
DA:63,1
DA:65,1
DA:67,1
DA:70,0
DA:77,2
DA:78,4
DA:79,2
DA:80,4
DA:81,1
DA:82,2
DA:84,1
DA:85,2
DA:90,1
DA:92,1
DA:93,1
DA:94,1
DA:97,1
DA:98,1
DA:100,1
DA:101,1
DA:102,2
DA:103,1
DA:108,1
DA:111,1
DA:112,2
DA:113,1
DA:117,3
DA:118,3
DA:127,1
DA:128,1
DA:129,0
DA:130,0
DA:131,1
DA:132,1
DA:133,0
DA:134,0
DA:135,0
DA:136,0
DA:137,0
DA:139,0
DA:140,0
DA:142,0
DA:143,0
DA:144,0
DA:146,0
DA:147,0
DA:149,0
DA:162,2
DA:163,1
DA:164,1
DA:165,3
DA:166,1
DA:167,1
DA:168,1
DA:169,1
DA:170,4
DA:171,0
DA:172,0
DA:174,0
DA:175,0
DA:176,0
DA:177,1
DA:178,5
DA:180,0
DA:181,5
DA:182,1
DA:195,1
DA:197,1
DA:199,1
DA:200,1
DA:201,1
DA:202,1
DA:203,1
DA:204,3
DA:205,1
DA:206,1
DA:207,2
DA:208,2
DA:209,2
DA:211,2
DA:215,4
DA:217,3
DA:218,1
DA:220,1
DA:229,1
DA:230,1
DA:231,0
DA:232,1
DA:233,1
DA:234,1
DA:235,0
DA:236,0
DA:237,0
DA:238,0
DA:239,0
DA:240,0
DA:242,0
DA:243,0
DA:245,0
DA:246,0
DA:247,0
DA:249,0
DA:250,0
DA:252,0
DA:265,2
DA:266,5
DA:267,1
DA:268,1
DA:269,1
DA:270,1
DA:271,1
DA:272,4
DA:273,0
DA:274,0
DA:276,0
DA:277,0
DA:278,0
DA:283,1
DA:284,5
DA:286,0
DA:287,5
DA:288,1
DA:301,1
DA:303,1
DA:305,1
DA:306,1
DA:307,1
DA:308,1
DA:309,1
DA:310,3
DA:311,1
DA:312,1
DA:313,2
DA:314,2
DA:315,0
DA:317,2
DA:321,4
DA:323,3
DA:324,0
DA:326,0
LF:161
LH:113
end_of_record
SF:lib/widgets/group_invitation_tile.dart
DA:12,2
DA:21,2
DA:22,2
DA:27,2
DA:29,6
DA:30,2
DA:33,2
DA:35,2
DA:37,2
DA:39,2
DA:40,4
DA:41,2
DA:42,6
DA:43,6
DA:44,6
DA:45,6
DA:47,2
DA:48,2
DA:49,2
DA:50,2
DA:51,2
DA:53,8
DA:56,2
DA:57,6
DA:58,2
DA:59,6
DA:60,2
DA:62,8
DA:69,2
DA:71,2
DA:72,12
DA:73,4
DA:74,4
DA:77,2
DA:79,2
DA:80,2
DA:81,4
DA:82,2
DA:86,2
DA:87,2
LF:40
LH:40
end_of_record
SF:lib/widgets/custom_selection_option_widget.dart
DA:10,11
DA:19,11
DA:20,11
DA:26,11
DA:28,33
DA:29,11
DA:32,11
DA:34,11
DA:36,11
DA:37,22
DA:39,11
DA:40,11
DA:41,11
DA:42,11
DA:44,1
DA:45,2
DA:46,1
DA:47,4
DA:50,11
DA:52,11
DA:53,11
DA:54,22
DA:55,11
DA:57,22
DA:58,22
DA:63,11
DA:64,22
DA:65,22
DA:66,22
DA:73,22
DA:74,3
DA:75,3
DA:77,2
DA:78,4
DA:79,2
DA:80,8
DA:83,3
DA:85,3
DA:86,3
DA:87,6
DA:88,3
DA:90,6
DA:91,4
DA:96,3
DA:97,6
DA:98,6
DA:99,4
DA:106,11
DA:107,11
DA:109,8
DA:110,16
DA:111,24
DA:112,32
DA:115,11
DA:117,11
DA:118,11
DA:119,22
DA:120,11
DA:122,44
DA:123,16
DA:128,11
DA:130,44
DA:131,44
DA:132,16
DA:145,11
DA:147,11
LF:66
LH:66
end_of_record
SF:lib/widgets/share_group_tile.dart
DA:11,3
DA:21,3
DA:22,3
DA:28,3
DA:30,6
DA:31,9
DA:33,3
DA:36,3
DA:38,3
DA:40,3
DA:41,3
DA:42,6
DA:43,3
DA:44,9
DA:45,9
DA:46,9
DA:47,9
DA:49,3
DA:52,3
DA:53,6
DA:54,6
DA:56,18
DA:58,3
DA:59,3
DA:61,3
DA:62,3
DA:63,6
DA:64,6
DA:67,3
DA:73,3
DA:76,6
DA:79,3
DA:80,3
DA:84,12
DA:87,3
DA:88,9
DA:89,3
DA:90,12
DA:93,3
DA:94,9
DA:95,3
DA:96,12
LF:42
LH:42
end_of_record
SF:lib/widgets/share_user_tile.dart
DA:11,3
DA:21,3
DA:22,3
DA:28,3
DA:30,6
DA:31,9
DA:33,3
DA:36,3
DA:38,3
DA:40,3
DA:41,3
DA:42,6
DA:43,3
DA:44,9
DA:45,9
DA:46,9
DA:47,9
DA:49,3
DA:52,3
DA:53,3
DA:55,3
DA:56,3
DA:57,6
DA:58,6
DA:61,3
DA:67,3
DA:70,6
DA:73,3
DA:74,3
DA:78,12
DA:81,3
DA:82,9
DA:83,3
DA:84,12
DA:87,24
DA:89,3
DA:90,6
DA:91,6
DA:93,18
LF:39
LH:39
end_of_record
SF:lib/pages/events/show_event.dart
DA:16,2
DA:23,1
DA:24,1
DA:30,1
DA:32,1
DA:33,7
DA:34,7
DA:37,1
DA:39,2
DA:40,1
DA:43,1
DA:45,2
DA:46,7
DA:47,7
DA:48,1
DA:49,1
DA:52,2
DA:53,1
DA:54,2
DA:55,1
DA:56,2
DA:60,1
DA:61,1
DA:62,1
DA:63,0
DA:64,0
DA:65,0
DA:66,0
DA:67,0
DA:68,0
DA:69,0
DA:73,0
DA:74,0
DA:75,0
DA:90,6
DA:91,2
DA:92,1
DA:93,1
DA:94,1
DA:95,1
DA:96,1
DA:97,1
DA:99,1
DA:100,1
DA:103,1
DA:105,1
DA:106,1
DA:108,1
DA:109,1
DA:110,3
DA:112,1
DA:113,3
DA:121,1
DA:123,1
DA:124,1
DA:128,1
DA:129,2
DA:130,0
DA:131,0
DA:134,1
DA:139,1
DA:142,1
DA:146,1
DA:147,5
DA:149,1
DA:151,1
DA:152,2
DA:153,1
DA:154,1
DA:155,1
DA:187,1
DA:188,1
DA:190,1
DA:193,1
DA:194,1
DA:195,1
DA:196,1
DA:200,1
DA:201,1
DA:202,1
DA:204,1
DA:205,1
DA:206,1
DA:207,1
DA:210,1
DA:213,2
DA:214,1
DA:215,3
DA:216,4
DA:217,1
DA:220,1
DA:222,1
DA:225,1
DA:226,1
DA:228,1
DA:229,1
DA:232,1
DA:233,2
DA:234,3
DA:235,1
DA:237,1
DA:238,1
DA:239,1
DA:240,1
DA:243,1
DA:244,2
DA:245,3
DA:246,1
DA:248,1
DA:249,1
DA:250,1
DA:251,1
DA:256,1
DA:257,1
DA:258,1
DA:260,1
DA:261,1
DA:264,1
DA:265,1
DA:266,1
DA:267,1
DA:268,2
DA:271,1
DA:272,3
DA:294,0
DA:297,0
LF:126
LH:112
end_of_record
SF:lib/pages/events/show_event_tablet.dart
DA:16,2
DA:23,1
DA:24,1
DA:30,1
DA:32,1
DA:33,7
DA:34,7
DA:37,1
DA:39,2
DA:40,1
DA:43,1
DA:45,2
DA:46,7
DA:47,7
DA:48,1
DA:49,1
DA:52,2
DA:53,1
DA:54,2
DA:55,1
DA:56,2
DA:60,1
DA:61,1
DA:62,1
DA:63,0
DA:64,0
DA:65,0
DA:66,0
DA:67,0
DA:68,0
DA:69,0
DA:73,0
DA:74,0
DA:75,0
DA:90,6
DA:91,2
DA:92,1
DA:93,1
DA:94,1
DA:95,1
DA:96,1
DA:97,1
DA:100,1
DA:101,1
DA:102,1
DA:104,1
DA:105,1
DA:107,1
DA:108,1
DA:109,3
DA:111,1
DA:112,3
DA:120,1
DA:122,1
DA:123,1
DA:124,4
DA:125,4
DA:127,1
DA:128,2
DA:129,0
DA:130,0
DA:133,1
DA:138,1
DA:139,1
DA:140,5
DA:142,4
DA:143,1
DA:147,1
DA:148,1
DA:150,1
DA:151,2
DA:152,1
DA:153,1
DA:154,1
DA:186,1
DA:187,1
DA:189,1
DA:192,1
DA:193,1
DA:194,1
DA:195,1
DA:199,1
DA:200,1
DA:201,1
DA:203,1
DA:204,1
DA:205,1
DA:206,1
DA:212,1
DA:214,1
DA:215,1
DA:216,1
DA:217,4
DA:218,1
DA:220,2
DA:221,1
DA:222,3
DA:223,4
DA:224,1
DA:227,1
DA:228,1
DA:231,1
DA:232,1
DA:235,1
DA:236,1
DA:239,1
DA:240,2
DA:241,2
DA:242,1
DA:243,1
DA:244,1
DA:246,1
DA:247,1
DA:248,1
DA:251,1
DA:252,2
DA:253,3
DA:254,1
DA:255,1
DA:257,1
DA:258,1
DA:259,1
DA:264,1
DA:267,1
DA:268,1
DA:271,1
DA:272,1
DA:274,1
DA:275,1
DA:277,1
DA:278,1
DA:279,2
DA:282,1
DA:283,2
DA:284,1
DA:310,0
DA:313,0
LF:137
LH:123
end_of_record
SF:lib/pages/events/table_calendar_page.dart
DA:19,2
DA:22,2
DA:23,2
DA:36,2
DA:38,2
DA:39,10
DA:40,10
DA:41,6
DA:42,6
DA:43,2
DA:47,2
DA:49,4
DA:50,4
DA:52,2
DA:55,2
DA:56,2
DA:57,4
DA:58,4
DA:62,2
DA:63,2
DA:64,3
DA:65,1
DA:66,3
DA:67,3
DA:71,1
DA:72,2
DA:73,2
DA:74,2
DA:76,1
DA:77,6
DA:78,2
DA:79,1
DA:80,1
DA:81,1
DA:84,1
DA:85,1
DA:86,1
DA:92,2
DA:93,2
DA:94,3
DA:95,1
DA:96,3
DA:97,3
DA:100,1
DA:101,2
DA:102,2
DA:103,2
DA:105,1
DA:106,6
DA:107,2
DA:108,1
DA:109,1
DA:110,1
DA:113,1
DA:114,1
DA:115,1
DA:121,1
DA:126,1
DA:128,1
DA:129,1
DA:130,1
DA:136,1
DA:140,2
DA:141,2
DA:142,1
DA:143,2
DA:144,1
DA:145,1
DA:146,1
DA:149,3
DA:155,1
DA:160,2
DA:161,1
DA:162,2
DA:163,1
DA:164,1
DA:165,1
DA:170,3
DA:172,3
DA:174,0
DA:178,2
DA:179,2
DA:180,4
DA:184,6
DA:186,3
DA:188,6
DA:189,2
DA:190,2
DA:192,2
DA:197,6
DA:198,3
DA:200,6
DA:201,2
DA:202,2
DA:204,2
DA:208,8
DA:213,2
DA:215,12
DA:216,6
DA:218,12
DA:219,6
DA:221,2
DA:224,2
DA:225,2
DA:226,2
DA:229,6
DA:230,2
DA:232,2
DA:233,6
DA:237,2
DA:239,1
DA:240,1
DA:241,1
DA:242,1
DA:243,2
DA:245,2
DA:246,2
DA:251,2
DA:253,6
DA:257,2
DA:258,2
DA:259,2
DA:260,2
DA:261,2
DA:262,2
DA:265,2
DA:266,2
DA:268,6
DA:269,2
DA:270,2
DA:271,2
DA:272,2
DA:273,2
DA:275,2
DA:276,2
DA:277,4
DA:280,2
DA:281,4
DA:285,6
DA:286,2
DA:287,2
DA:288,2
DA:289,2
DA:290,2
DA:291,2
DA:294,2
DA:295,2
DA:296,2
DA:297,2
DA:300,2
DA:301,4
DA:304,2
DA:305,2
DA:306,2
DA:307,2
DA:308,2
DA:310,2
DA:311,2
DA:312,2
DA:313,2
DA:314,2
DA:315,2
DA:318,2
DA:319,2
DA:320,0
DA:321,0
DA:322,0
DA:323,0
DA:327,0
DA:328,0
DA:334,2
DA:335,2
DA:336,2
DA:337,2
DA:338,2
DA:339,2
DA:340,1
DA:341,1
DA:342,1
DA:343,1
DA:345,1
DA:346,1
DA:348,1
DA:349,1
DA:350,1
DA:352,1
DA:353,1
DA:354,1
DA:355,1
DA:360,1
DA:362,1
DA:363,1
DA:364,1
DA:365,1
DA:366,1
DA:368,3
DA:369,1
DA:371,2
DA:372,1
DA:373,2
DA:375,1
DA:376,1
DA:377,1
DA:378,1
DA:380,1
DA:381,1
DA:383,1
DA:384,1
DA:385,2
DA:387,0
DA:388,0
DA:389,0
DA:390,0
DA:393,0
DA:394,0
DA:401,1
DA:404,1
DA:405,1
DA:406,7
DA:408,1
DA:409,1
DA:416,1
DA:417,2
DA:418,2
DA:419,2
DA:420,2
DA:421,2
DA:422,2
DA:431,1
DA:432,2
DA:433,1
DA:434,1
DA:435,1
DA:436,1
DA:437,1
DA:443,4
DA:444,0
LF:237
LH:223
end_of_record
SF:lib/utils/table_calendar_util.dart
DA:2,1
DA:3,3
DA:4,1
DA:6,6
DA:10,6
DA:11,20
DA:12,20
LF:7
LH:7
end_of_record
SF:lib/pages/news/article_view.dart
DA:11,6
DA:20,6
DA:22,6
DA:23,6
DA:26,6
DA:27,6
DA:28,12
DA:29,1
DA:30,1
DA:34,6
DA:36,1
DA:37,2
DA:38,2
DA:39,1
DA:40,2
DA:41,2
DA:42,1
DA:44,3
DA:45,2
DA:46,2
DA:47,4
DA:50,3
DA:51,2
DA:52,2
DA:53,4
DA:59,6
DA:60,6
LF:27
LH:27
end_of_record
SF:lib/pages/news/share_news_page.dart
DA:15,1
DA:21,1
DA:22,1
DA:33,1
DA:35,5
DA:36,5
DA:37,1
DA:40,1
DA:42,5
DA:43,5
DA:44,1
DA:45,1
DA:48,1
DA:50,1
DA:51,1
DA:52,2
DA:55,1
DA:56,0
DA:57,0
DA:59,2
DA:61,1
DA:62,4
DA:63,1
DA:65,1
DA:67,1
DA:68,1
DA:69,1
DA:70,1
DA:72,2
DA:77,1
DA:79,1
DA:80,1
DA:81,1
DA:84,1
DA:85,1
DA:87,1
DA:88,1
DA:89,2
DA:90,1
DA:95,1
DA:98,1
DA:99,2
DA:100,1
DA:104,3
DA:105,3
DA:114,1
DA:115,1
DA:116,0
DA:117,0
DA:118,1
DA:119,1
DA:120,1
DA:121,1
DA:122,1
DA:123,4
DA:124,1
DA:125,5
DA:127,0
DA:128,5
DA:129,1
DA:131,1
DA:132,5
DA:134,0
DA:135,5
DA:136,1
DA:158,2
DA:159,1
DA:160,1
DA:161,3
DA:162,1
DA:163,1
DA:164,1
DA:165,1
DA:166,4
DA:167,1
DA:168,5
DA:170,0
DA:171,5
DA:172,1
DA:173,1
DA:174,5
DA:176,0
DA:177,5
DA:178,1
DA:191,1
DA:193,1
DA:195,1
DA:196,1
DA:197,1
DA:198,1
DA:199,3
DA:200,1
DA:201,1
DA:202,1
DA:203,2
DA:204,2
DA:205,0
DA:207,2
DA:211,4
DA:213,3
DA:214,0
DA:216,0
DA:225,1
DA:226,1
DA:227,1
DA:228,0
DA:229,1
DA:230,1
DA:231,1
DA:232,1
DA:233,1
DA:234,4
DA:235,1
DA:236,5
DA:238,0
DA:239,5
DA:241,1
DA:242,1
DA:243,5
DA:245,0
DA:246,5
DA:248,1
DA:268,2
DA:269,5
DA:270,1
DA:271,1
DA:272,1
DA:273,1
DA:274,1
DA:275,4
DA:276,1
DA:277,5
DA:279,0
DA:280,5
DA:281,1
DA:283,1
DA:284,5
DA:286,0
DA:287,5
DA:289,1
DA:299,1
DA:301,1
DA:303,1
DA:304,1
DA:305,1
DA:306,1
DA:307,1
DA:308,1
DA:309,2
DA:310,2
DA:311,2
DA:313,2
DA:317,4
DA:318,3
DA:319,1
DA:321,3
DA:322,0
DA:324,0
LF:158
LH:140
end_of_record
SF:lib/pages/news/category_news.dart
DA:13,2
DA:18,2
DA:19,2
DA:26,2
DA:28,2
DA:29,2
DA:32,2
DA:33,12
DA:34,8
DA:35,4
DA:36,2
DA:40,2
DA:42,2
DA:43,2
DA:46,2
DA:47,2
DA:48,4
DA:49,1
DA:50,1
DA:54,2
DA:55,4
DA:56,2
DA:57,4
DA:61,2
DA:63,2
DA:64,2
DA:68,2
DA:69,2
DA:71,4
DA:72,2
DA:73,2
DA:74,2
DA:75,2
DA:77,2
DA:78,2
DA:79,2
DA:80,2
DA:81,8
DA:83,0
DA:85,6
DA:86,2
DA:87,2
DA:91,2
DA:93,8
DA:94,2
DA:95,2
DA:96,2
DA:97,2
DA:101,2
DA:102,2
DA:103,2
DA:104,2
DA:105,2
DA:108,6
DA:115,2
DA:118,4
DA:119,1
DA:120,1
DA:121,3
DA:122,3
DA:123,3
DA:124,2
DA:125,3
LF:63
LH:62
end_of_record
SF:lib/services/news_service.dart
DA:15,0
DA:19,0
DA:21,0
DA:23,0
DA:24,0
DA:25,0
DA:26,0
DA:27,0
DA:28,0
DA:29,0
DA:30,0
DA:31,0
DA:32,0
DA:33,0
DA:35,0
DA:40,0
DA:44,0
DA:46,0
DA:48,0
DA:49,0
DA:51,0
DA:53,0
DA:54,0
DA:55,0
DA:56,0
DA:57,0
DA:58,0
DA:59,0
DA:60,0
DA:61,0
DA:62,0
DA:63,0
DA:65,0
DA:70,0
DA:74,0
DA:78,0
DA:80,0
DA:82,0
DA:83,0
DA:84,0
DA:85,0
DA:86,0
DA:87,0
DA:88,0
DA:89,0
DA:90,0
DA:91,0
DA:92,0
DA:94,0
DA:99,0
DA:103,4
DA:104,4
DA:106,5
DA:107,2
DA:113,0
DA:115,0
DA:118,0
DA:119,0
DA:121,0
DA:123,0
DA:124,0
DA:125,0
DA:126,0
DA:127,0
DA:128,0
DA:129,0
DA:130,0
DA:131,0
DA:132,0
DA:133,0
DA:135,0
DA:141,0
DA:142,0
LF:73
LH:4
end_of_record
SF:lib/widgets/news/show_category.dart
DA:10,2
DA:18,2
DA:20,2
DA:21,1
DA:22,1
DA:24,1
DA:25,2
DA:26,1
DA:27,1
DA:28,1
DA:29,1
DA:30,1
DA:33,2
DA:35,2
DA:36,2
DA:37,2
DA:38,2
DA:39,0
DA:40,0
DA:42,0
DA:43,0
DA:45,0
DA:49,2
DA:50,8
DA:51,0
DA:53,6
DA:58,2
DA:59,2
DA:63,2
DA:64,2
LF:30
LH:24
end_of_record
SF:lib/pages/options/delete_account_page.dart
DA:13,1
DA:18,1
DA:19,1
DA:25,3
DA:27,1
DA:29,3
DA:30,1
DA:31,1
DA:34,2
DA:35,1
DA:37,1
DA:38,2
DA:42,1
DA:43,0
DA:44,2
DA:47,1
DA:48,1
DA:49,1
DA:50,1
DA:52,1
DA:55,1
DA:56,1
DA:58,1
DA:59,2
DA:64,2
DA:65,2
DA:67,1
DA:68,1
DA:69,2
DA:70,1
DA:71,3
DA:75,1
DA:77,1
DA:78,1
DA:80,0
DA:87,1
DA:88,1
DA:89,2
DA:90,1
DA:91,3
DA:92,3
DA:93,3
DA:94,3
DA:95,3
DA:96,3
DA:97,3
DA:99,3
DA:100,3
DA:101,3
DA:102,3
DA:103,3
DA:104,3
DA:105,3
DA:107,3
DA:108,1
DA:109,2
DA:110,1
DA:111,1
DA:113,1
DA:114,1
DA:116,1
DA:117,1
DA:121,1
DA:122,1
DA:124,1
DA:125,1
DA:126,2
DA:127,2
DA:128,2
DA:131,2
DA:156,1
DA:157,2
DA:158,5
LF:73
LH:71
end_of_record
SF:lib/widgets/auth/login_form_widget.dart
DA:11,15
DA:14,5
DA:22,5
DA:24,5
DA:25,5
DA:26,5
DA:28,5
DA:29,10
DA:30,10
DA:31,5
DA:32,2
DA:34,6
DA:35,6
DA:36,4
DA:40,10
DA:41,5
DA:46,5
DA:47,2
DA:50,5
DA:72,2
DA:74,2
DA:76,0
DA:84,4
DA:88,2
DA:89,4
DA:90,4
DA:92,2
DA:93,2
DA:94,4
DA:95,6
DA:96,2
DA:98,2
DA:99,2
DA:102,2
DA:103,2
DA:105,0
DA:106,0
DA:116,1
DA:117,1
DA:119,0
DA:127,2
DA:130,0
DA:132,3
DA:135,1
DA:136,2
DA:137,1
DA:139,0
DA:141,0
DA:142,0
DA:143,0
DA:146,0
DA:148,0
DA:149,0
DA:151,0
DA:152,0
DA:156,0
DA:157,0
DA:159,0
DA:160,0
DA:176,6
DA:183,6
DA:184,6
DA:191,6
DA:193,6
DA:194,18
DA:195,18
DA:196,18
DA:199,6
DA:201,6
DA:202,6
DA:203,6
DA:205,6
DA:206,12
DA:207,6
DA:208,6
DA:212,5
DA:213,5
DA:214,4
DA:216,15
DA:219,11
DA:240,6
DA:242,6
DA:244,6
DA:245,6
DA:248,6
DA:249,12
DA:250,6
DA:251,6
DA:255,6
DA:256,6
DA:261,12
LF:91
LH:73
end_of_record
SF:lib/pages/options/follow_requests_page.dart
DA:12,1
DA:13,1
DA:14,1
DA:20,1
DA:22,3
DA:23,1
DA:26,1
DA:28,3
DA:29,1
DA:30,1
DA:33,1
DA:34,3
DA:35,1
DA:36,3
DA:37,2
DA:40,2
DA:41,1
DA:42,1
DA:43,1
DA:44,3
DA:45,0
DA:46,0
DA:48,0
DA:49,0
DA:50,0
DA:55,1
DA:56,4
DA:58,0
DA:59,4
DA:60,1
DA:73,1
DA:74,1
DA:76,2
DA:77,1
DA:78,2
DA:80,1
DA:81,1
DA:82,1
DA:83,1
DA:84,1
DA:85,1
DA:89,1
DA:90,1
DA:93,1
DA:94,1
DA:97,4
DA:100,1
DA:101,1
DA:103,1
DA:104,1
DA:106,5
DA:108,1
DA:109,1
DA:111,1
DA:112,1
DA:116,1
DA:117,1
DA:119,1
DA:120,2
DA:126,2
DA:127,2
DA:130,1
DA:132,1
DA:133,1
DA:134,2
DA:135,1
DA:146,1
DA:147,1
DA:148,1
DA:149,1
DA:152,2
DA:153,2
DA:156,1
DA:158,1
DA:159,1
DA:160,2
DA:161,1
LF:77
LH:71
end_of_record
SF:lib/pages/options/options_page.dart
DA:16,3
DA:21,3
DA:22,3
DA:26,3
DA:28,3
DA:31,3
DA:33,9
DA:34,3
DA:35,3
DA:38,6
DA:39,3
DA:41,3
DA:42,6
DA:44,3
DA:45,9
DA:46,6
DA:48,3
DA:49,3
DA:50,3
DA:51,3
DA:53,3
DA:54,3
DA:56,1
DA:57,2
DA:58,1
DA:59,2
DA:64,3
DA:67,2
DA:68,2
DA:69,2
DA:70,2
DA:73,3
DA:76,2
DA:78,3
DA:81,1
DA:82,1
DA:93,1
DA:95,1
DA:97,1
DA:103,1
DA:104,3
DA:105,3
DA:106,3
DA:107,3
DA:108,3
DA:109,3
DA:110,3
DA:111,3
DA:112,3
DA:114,3
DA:115,3
DA:116,3
DA:117,3
DA:118,3
DA:119,3
DA:120,3
DA:121,1
DA:122,1
DA:125,1
DA:127,2
DA:128,1
DA:129,1
DA:131,1
DA:133,1
DA:134,1
DA:135,1
DA:136,1
DA:140,1
DA:141,1
DA:143,1
DA:144,2
DA:147,1
DA:149,1
DA:150,2
DA:151,1
DA:152,1
DA:153,1
DA:161,3
DA:164,1
DA:165,1
DA:166,2
DA:167,1
DA:168,3
DA:169,3
DA:170,3
DA:171,3
DA:172,3
DA:173,3
DA:174,3
DA:176,3
DA:177,3
DA:178,3
DA:179,3
DA:180,3
DA:181,3
DA:182,3
DA:184,3
DA:186,1
DA:187,2
DA:189,1
DA:190,1
DA:191,2
DA:192,1
DA:193,1
DA:194,1
DA:195,1
DA:199,1
DA:200,1
DA:202,1
DA:203,2
DA:217,3
DA:218,1
DA:219,2
DA:220,2
DA:221,2
LF:115
LH:115
end_of_record
SF:lib/pages/options/request_page.dart
DA:12,1
DA:16,1
DA:17,1
DA:24,1
DA:26,1
DA:27,1
DA:30,1
DA:33,4
DA:35,1
DA:36,3
DA:37,2
DA:38,1
DA:40,4
DA:41,2
DA:42,1
DA:46,1
DA:48,1
DA:49,1
DA:52,2
DA:53,1
DA:55,1
DA:56,2
DA:59,1
DA:60,3
DA:61,2
DA:63,1
DA:64,1
DA:65,1
DA:66,1
DA:68,1
DA:69,1
DA:71,1
DA:72,2
DA:73,2
DA:74,2
DA:75,1
DA:77,3
DA:79,1
DA:81,1
DA:83,2
DA:84,1
DA:86,1
DA:88,2
DA:90,1
DA:91,3
DA:101,1
DA:103,1
DA:105,1
DA:107,2
DA:108,1
DA:110,1
DA:112,2
DA:114,1
DA:115,3
DA:124,1
DA:125,2
DA:126,2
DA:127,2
DA:128,1
DA:129,3
LF:60
LH:60
end_of_record
SF:lib/pages/options/settings_page.dart
DA:18,1
DA:23,1
DA:24,1
DA:44,1
DA:46,1
DA:47,5
DA:50,1
DA:52,5
DA:53,3
DA:54,1
DA:55,1
DA:58,2
DA:59,1
DA:61,3
DA:62,1
DA:63,3
DA:64,2
DA:66,1
DA:68,1
DA:69,1
DA:70,1
DA:73,1
DA:76,0
DA:83,1
DA:85,1
DA:86,2
DA:88,3
DA:91,1
DA:93,1
DA:95,2
DA:98,1
DA:101,1
DA:102,1
DA:103,1
DA:104,0
DA:105,1
DA:106,1
DA:107,3
DA:108,3
DA:109,3
DA:110,2
DA:111,2
DA:112,2
DA:115,1
DA:117,1
DA:119,1
DA:120,1
DA:121,1
DA:123,2
DA:124,1
DA:125,2
DA:127,1
DA:128,1
DA:129,0
DA:130,0
DA:131,0
DA:132,0
DA:135,1
DA:136,1
DA:137,1
DA:138,5
DA:142,0
DA:143,0
DA:144,0
DA:150,4
DA:151,1
DA:152,3
DA:153,3
DA:154,1
DA:156,1
DA:158,1
DA:159,1
DA:160,1
DA:161,3
DA:163,2
DA:164,1
DA:168,1
DA:169,3
DA:170,1
DA:171,2
DA:172,1
DA:178,1
DA:182,1
DA:184,1
DA:187,1
DA:189,1
DA:190,1
DA:191,1
DA:192,2
DA:193,1
DA:208,1
DA:210,1
DA:212,1
DA:214,1
DA:215,1
DA:223,1
DA:225,2
DA:229,1
DA:230,3
DA:231,1
DA:239,1
DA:240,3
DA:241,3
DA:242,3
DA:243,1
DA:246,2
DA:248,4
DA:249,3
DA:250,1
DA:253,4
DA:254,0
DA:258,4
DA:259,0
DA:263,4
DA:264,0
DA:272,1
DA:274,1
DA:276,2
DA:282,1
DA:283,1
DA:284,1
DA:285,1
DA:287,2
DA:288,2
DA:289,2
DA:290,1
DA:291,1
DA:293,1
DA:294,1
DA:295,3
DA:298,2
DA:299,2
DA:300,2
DA:301,5
DA:304,1
DA:305,1
DA:306,1
DA:307,1
DA:308,1
DA:309,1
DA:310,1
DA:311,1
DA:312,1
DA:314,1
DA:315,2
DA:324,1
DA:326,2
DA:327,2
DA:328,2
DA:330,1
LF:150
LH:138
end_of_record
SF:lib/widgets/option_tile.dart
DA:8,4
DA:11,4
DA:13,4
DA:14,4
DA:15,4
DA:17,4
DA:18,4
DA:19,4
DA:21,8
LF:9
LH:9
end_of_record
SF:lib/pages/options/user_groups_requests_page.dart
DA:12,1
DA:13,1
DA:14,1
DA:21,1
DA:23,3
DA:24,1
DA:27,1
DA:29,3
DA:30,1
DA:31,1
DA:34,1
DA:35,3
DA:36,1
DA:37,3
DA:38,2
DA:41,2
DA:42,1
DA:44,1
DA:45,1
DA:46,1
DA:47,3
DA:48,0
DA:49,0
DA:51,0
DA:52,0
DA:53,0
DA:58,1
DA:59,4
DA:61,0
DA:62,4
DA:63,1
DA:77,1
DA:78,1
DA:80,2
DA:81,1
DA:82,2
DA:83,1
DA:84,1
DA:85,1
DA:86,1
DA:87,1
DA:88,1
DA:89,1
DA:90,1
DA:94,3
DA:98,1
DA:99,1
DA:101,1
DA:102,1
DA:104,5
DA:106,1
DA:107,1
DA:109,1
DA:110,1
DA:114,1
DA:115,1
DA:117,1
DA:118,2
DA:124,2
DA:125,2
DA:128,1
DA:130,1
DA:131,1
DA:132,2
DA:133,1
DA:144,1
DA:145,1
DA:147,2
DA:148,2
DA:149,2
DA:152,1
DA:154,1
DA:155,1
DA:156,2
DA:157,1
LF:75
LH:69
end_of_record
SF:lib/pages/user_profile/show_followers_page.dart
DA:12,2
DA:17,2
DA:18,2
DA:25,2
DA:27,12
DA:28,10
DA:29,2
DA:32,2
DA:35,12
DA:37,10
DA:39,2
DA:40,2
DA:43,2
DA:44,4
DA:45,4
DA:46,2
DA:47,4
DA:50,0
DA:51,0
DA:53,2
DA:54,2
DA:56,4
DA:59,2
DA:60,2
DA:61,2
DA:62,0
DA:63,0
DA:64,2
DA:66,2
DA:67,2
DA:68,2
DA:70,2
DA:71,2
DA:72,2
DA:73,4
DA:74,6
DA:80,2
DA:81,2
DA:82,2
DA:83,6
DA:85,1
DA:86,4
DA:88,0
DA:89,4
DA:90,1
[...]
DA:100,4
DA:102,16
DA:105,4
DA:106,4
DA:107,4
DA:109,4
DA:110,4
DA:113,4
DA:114,1
DA:115,1
DA:116,2
DA:117,2
DA:118,2
DA:119,1
DA:123,8
DA:125,8
DA:127,8
DA:128,4
DA:130,4
DA:131,4
DA:132,4
DA:133,4
DA:134,4
DA:135,4
DA:136,4
DA:137,16
DA:141,16
DA:149,0
DA:154,4
DA:156,4
DA:158,4
DA:159,4
DA:161,4
DA:162,4
DA:163,4
DA:164,4
DA:165,4
DA:169,4
DA:170,1
DA:171,1
DA:174,1
DA:176,1
DA:177,2
DA:180,3
DA:181,1
DA:184,4
DA:186,4
DA:187,8
DA:197,4
DA:198,4
DA:199,8
DA:200,4
DA:201,4
DA:202,4
DA:203,4
DA:204,4
DA:205,4
DA:206,4
DA:208,4
DA:209,4
DA:210,4
DA:211,4
DA:213,4
DA:214,4
DA:215,4
DA:217,16
DA:218,16
DA:225,4
DA:227,4
DA:230,4
DA:231,4
DA:232,4
DA:233,4
DA:234,16
DA:238,16
DA:246,8
DA:247,7
DA:248,3
DA:249,3
DA:250,9
DA:251,9
DA:252,3
DA:254,3
DA:255,12
DA:262,0
DA:263,0
DA:264,0
DA:267,1
DA:268,1
DA:269,4
DA:273,3
DA:275,0
DA:279,1
DA:285,4
DA:286,4
DA:287,12
DA:289,3
DA:291,4
DA:294,4
DA:296,4
DA:298,4
DA:299,4
DA:301,4
DA:302,4
DA:303,4
DA:304,4
DA:305,4
DA:309,4
DA:310,1
DA:311,1
DA:314,1
DA:316,1
DA:317,2
DA:319,1
DA:320,1
DA:322,4
DA:324,4
DA:325,8
DA:333,4
DA:334,4
DA:335,4
DA:339,4
DA:340,4
DA:342,8
DA:343,4
DA:344,4
DA:345,4
DA:346,4
DA:348,4
DA:351,4
DA:353,4
DA:354,4
DA:355,4
DA:356,4
DA:357,4
DA:360,4
DA:363,4
DA:364,4
DA:366,4
DA:367,4
DA:368,4
DA:369,4
DA:370,4
DA:371,4
DA:372,8
DA:376,4
DA:377,4
DA:378,8
DA:380,0
DA:381,0
DA:382,0
DA:384,4
DA:385,4
DA:386,8
DA:390,4
DA:393,4
DA:394,4
DA:395,4
DA:396,4
DA:397,8
DA:399,4
DA:400,4
DA:401,4
DA:403,4
DA:405,4
DA:407,4
DA:408,4
DA:409,8
DA:413,4
DA:414,4
DA:415,8
DA:422,4
DA:423,4
DA:424,4
DA:425,8
DA:427,4
DA:428,4
DA:429,4
DA:431,4
DA:433,4
DA:435,4
DA:436,4
DA:437,8
DA:441,4
DA:442,4
DA:443,8
DA:450,4
DA:451,4
DA:452,4
DA:453,8
DA:455,4
DA:456,4
DA:457,4
DA:459,4
DA:461,4
DA:463,4
DA:464,4
DA:465,8
DA:469,4
DA:470,4
DA:471,8
DA:485,4
DA:488,8
DA:489,3
DA:490,3
DA:491,9
DA:492,9
DA:493,9
DA:494,9
DA:495,3
DA:506,6
DA:508,3
DA:509,1
DA:510,1
DA:511,1
DA:512,1
DA:513,2
DA:514,3
DA:515,3
DA:516,3
DA:517,3
DA:518,1
DA:521,6
DA:522,3
DA:523,3
DA:524,3
DA:525,0
DA:526,0
DA:528,0
DA:529,0
DA:534,12
DA:536,12
DA:540,3
DA:541,12
DA:543,3
DA:544,15
DA:547,12
DA:548,3
DA:549,3
DA:553,3
DA:567,6
DA:568,3
DA:569,9
DA:570,3
DA:573,9
LF:283
LH:271
end_of_record
SF:lib/widgets/news/category_tile.dart
DA:12,2
DA:19,2
DA:21,2
DA:22,2
DA:23,2
DA:25,2
DA:26,4
DA:27,2
DA:28,2
DA:29,2
DA:31,2
DA:32,8
DA:36,8
DA:38,2
DA:39,2
DA:40,2
DA:41,2
DA:42,2
DA:43,2
DA:45,8
DA:49,8
DA:54,2
DA:57,2
DA:58,2
DA:61,4
LF:25
LH:25
end_of_record
SF:lib/pages/chats/chat_tablet_page.dart
DA:34,2
DA:46,1
DA:47,1
DA:62,1
DA:64,1
DA:65,3
DA:66,3
DA:67,3
DA:69,2
DA:70,2
DA:71,3
DA:72,2
DA:73,2
DA:74,2
DA:75,2
DA:76,1
DA:77,1
DA:79,1
DA:80,2
DA:81,2
DA:85,2
DA:86,2
DA:87,1
DA:88,3
DA:89,3
DA:90,2
DA:91,2
DA:92,1
DA:93,1
DA:94,1
DA:96,1
DA:97,1
DA:98,2
DA:99,2
DA:105,1
DA:106,2
DA:107,1
DA:111,1
DA:113,1
DA:116,1
DA:118,1
DA:119,1
DA:120,1
DA:121,1
DA:122,1
DA:128,1
DA:129,1
DA:132,7
DA:136,1
DA:137,1
DA:138,4
DA:139,5
DA:140,1
DA:142,1
DA:143,1
DA:144,1
DA:147,1
DA:148,1
DA:150,1
DA:152,1
DA:155,3
DA:159,2
DA:160,1
DA:162,1
DA:165,1
DA:166,2
DA:168,1
DA:169,2
DA:176,1
DA:178,1
DA:180,1
DA:181,1
DA:182,2
DA:183,1
DA:189,1
DA:191,1
DA:192,1
DA:195,1
DA:196,2
DA:197,1
DA:202,1
DA:203,1
DA:204,1
DA:205,1
DA:206,1
DA:216,1
DA:217,1
DA:218,5
DA:219,1
DA:220,1
DA:221,1
DA:222,2
DA:228,1
DA:229,1
DA:230,1
DA:231,1
DA:233,1
DA:234,1
DA:235,1
DA:236,1
DA:237,1
DA:238,3
DA:239,1
DA:240,2
DA:241,1
DA:242,1
DA:243,1
DA:244,3
DA:246,0
DA:247,0
DA:249,0
DA:252,1
DA:253,4
DA:255,1
DA:271,1
DA:272,4
DA:273,4
DA:274,4
DA:275,4
DA:276,2
DA:277,0
DA:278,0
DA:281,1
DA:282,4
DA:283,1
DA:285,2
DA:286,0
DA:287,0
DA:288,0
DA:289,0
DA:293,1
DA:294,1
DA:296,3
DA:297,1
DA:298,1
DA:299,3
DA:300,2
DA:301,1
DA:302,4
DA:303,1
DA:304,1
DA:310,1
DA:311,1
DA:312,2
DA:313,2
DA:314,1
DA:315,2
DA:316,2
DA:317,2
DA:318,1
DA:319,1
DA:320,1
DA:322,1
DA:323,2
DA:324,2
DA:330,1
DA:331,2
DA:332,2
DA:333,1
DA:335,2
DA:339,1
DA:342,1
DA:344,3
DA:346,1
DA:348,3
DA:349,1
DA:350,1
DA:351,3
DA:352,2
DA:353,1
DA:354,4
DA:355,1
DA:356,1
DA:362,1
DA:363,1
DA:364,2
DA:365,2
DA:366,1
DA:367,2
DA:368,2
DA:369,2
DA:370,2
DA:371,1
DA:372,1
DA:373,1
DA:375,1
DA:377,2
DA:378,2
DA:386,1
DA:387,0
DA:388,0
DA:389,0
DA:390,0
DA:394,1
DA:396,2
DA:397,1
DA:400,1
DA:401,1
DA:403,2
DA:404,1
DA:405,1
DA:406,1
DA:407,1
DA:408,1
DA:409,1
DA:411,1
DA:412,1
DA:413,1
DA:414,1
DA:415,1
DA:416,1
DA:417,1
DA:418,1
DA:422,1
DA:424,1
DA:425,1
DA:426,1
DA:427,1
DA:428,1
DA:429,1
DA:435,1
DA:438,1
DA:439,1
DA:440,1
DA:441,1
DA:442,1
DA:443,1
DA:445,1
DA:451,1
DA:452,1
DA:453,1
DA:454,1
DA:455,1
DA:457,1
DA:475,0
DA:482,1
DA:483,1
DA:484,5
DA:485,1
DA:486,1
DA:487,1
DA:488,2
DA:491,1
DA:493,1
DA:495,1
DA:496,1
DA:498,1
DA:499,1
DA:500,1
DA:501,1
DA:505,1
DA:506,2
DA:507,4
DA:508,2
DA:509,0
DA:510,1
DA:511,1
DA:512,2
DA:514,1
DA:515,1
DA:516,3
DA:517,3
DA:518,0
DA:519,0
DA:520,0
DA:521,0
DA:523,0
DA:525,0
DA:527,0
DA:530,0
DA:532,0
DA:534,0
DA:549,1
DA:550,4
DA:551,4
DA:552,4
DA:553,0
DA:554,0
DA:555,0
DA:556,0
DA:557,0
DA:558,0
DA:559,0
DA:561,0
DA:562,0
DA:565,0
DA:567,0
DA:568,0
DA:571,0
DA:572,0
DA:574,0
DA:575,0
DA:578,0
DA:580,0
DA:587,1
DA:588,1
DA:589,1
DA:590,2
DA:592,1
DA:593,1
DA:594,1
DA:595,2
DA:596,1
DA:597,4
DA:598,1
DA:599,1
DA:600,1
DA:604,1
DA:605,1
DA:606,1
DA:607,1
DA:608,2
DA:609,1
DA:610,1
DA:611,2
DA:612,2
DA:613,2
DA:615,1
DA:616,1
DA:619,1
DA:620,2
DA:621,2
DA:629,1
DA:631,1
DA:632,3
DA:633,3
DA:634,1
DA:635,1
DA:636,1
DA:637,3
DA:639,0
DA:640,0
DA:641,0
DA:642,0
DA:644,0
DA:647,1
DA:648,1
DA:649,1
DA:650,2
DA:652,1
DA:666,1
DA:667,1
DA:668,1
DA:669,2
DA:671,1
DA:672,1
DA:673,1
DA:675,2
DA:676,1
DA:677,4
DA:678,1
DA:679,1
DA:680,1
DA:684,1
DA:685,1
DA:686,1
DA:687,1
DA:688,2
DA:689,1
DA:690,1
DA:691,2
DA:692,2
DA:693,2
DA:694,1
DA:696,2
DA:697,2
DA:699,1
DA:700,1
DA:702,1
DA:705,1
DA:713,1
DA:716,1
DA:724,1
DA:731,1
DA:733,2
DA:734,1
DA:737,1
DA:738,1
DA:740,2
DA:741,1
DA:742,1
DA:743,1
DA:744,1
DA:745,1
DA:746,1
DA:748,1
DA:749,1
DA:750,1
DA:751,1
DA:752,1
DA:753,1
DA:754,1
DA:755,1
DA:759,1
DA:761,1
DA:762,1
DA:763,1
DA:764,1
DA:765,1
DA:766,1
DA:772,1
DA:775,1
DA:776,1
DA:777,1
DA:778,1
DA:779,1
DA:780,1
DA:782,1
DA:788,1
DA:789,1
DA:790,1
DA:791,1
DA:792,1
DA:794,1
DA:812,0
DA:819,1
DA:820,1
DA:822,1
DA:823,1
DA:825,1
DA:826,2
DA:827,4
DA:828,0
DA:829,0
DA:830,0
DA:834,1
DA:835,5
DA:836,1
DA:840,4
DA:841,0
DA:842,0
DA:843,0
DA:847,1
DA:848,5
DA:849,1
DA:853,1
DA:854,3
DA:862,1
DA:863,2
LF:439
LH:384
end_of_record
SF:lib/pages/chats/groups/create_group_page.dart
DA:24,2
DA:31,2
DA:32,2
DA:49,2
DA:51,2
DA:54,2
DA:56,4
DA:57,4
DA:58,4
DA:59,4
DA:60,2
DA:63,2
DA:65,6
DA:68,2
DA:69,2
DA:70,2
DA:72,1
DA:73,1
DA:76,0
DA:79,2
DA:80,2
DA:83,4
DA:84,2
DA:86,4
DA:87,2
DA:89,2
DA:90,4
DA:95,4
DA:96,6
DA:97,1
DA:99,1
DA:100,3
DA:102,1
DA:104,1
DA:105,2
DA:109,2
DA:110,2
DA:111,4
DA:112,2
DA:114,2
DA:115,1
DA:119,4
DA:121,2
DA:123,2
DA:124,4
DA:129,2
DA:130,2
DA:133,2
DA:135,2
DA:144,1
DA:146,1
DA:148,1
DA:149,1
DA:151,0
DA:158,2
DA:159,1
DA:160,2
DA:162,1
DA:163,2
DA:164,0
DA:167,3
DA:171,2
DA:172,2
DA:174,2
DA:175,2
DA:177,2
DA:178,2
DA:179,2
DA:180,2
DA:181,2
DA:182,6
DA:184,2
DA:187,2
DA:188,2
DA:190,4
DA:191,2
DA:192,4
DA:195,2
DA:196,0
DA:197,0
DA:198,0
DA:201,2
DA:202,2
DA:203,2
DA:208,2
DA:209,10
DA:211,5
DA:212,5
DA:213,2
DA:214,2
DA:215,3
DA:216,2
DA:222,2
DA:223,0
DA:226,2
DA:227,4
DA:228,2
DA:229,2
DA:237,2
DA:239,10
DA:240,6
DA:241,6
DA:242,2
DA:244,2
DA:245,3
DA:246,2
DA:250,2
DA:251,6
DA:252,2
DA:255,2
DA:256,6
DA:265,2
DA:266,2
DA:267,2
DA:268,6
DA:270,2
DA:271,2
DA:272,2
DA:276,2
DA:277,6
DA:278,2
DA:279,4
DA:280,0
DA:281,0
DA:282,0
DA:283,0
DA:285,0
DA:291,2
DA:295,2
DA:297,2
DA:299,2
DA:303,2
DA:304,4
DA:305,2
DA:306,1
DA:310,3
DA:311,1
DA:312,2
DA:313,1
DA:319,2
DA:321,2
DA:323,2
DA:324,2
DA:328,2
DA:330,2
DA:331,2
DA:332,2
DA:333,4
DA:334,2
DA:347,1
DA:348,1
DA:349,1
DA:350,1
DA:354,2
DA:355,2
DA:356,10
DA:359,1
DA:360,1
DA:361,2
DA:363,1
DA:364,2
DA:365,1
DA:366,1
DA:368,1
DA:371,5
LF:165
LH:153
end_of_record
SF:lib/widgets/chats/group_chat_tile_tablet.dart
DA:15,2
DA:34,2
DA:36,2
DA:37,2
DA:39,2
DA:48,2
DA:49,2
DA:51,1
DA:52,3
DA:54,2
DA:57,10
DA:58,2
DA:61,2
DA:62,2
DA:63,2
DA:64,6
DA:66,2
DA:68,2
DA:69,2
DA:70,2
DA:71,8
DA:72,2
DA:74,4
DA:75,2
DA:77,2
DA:78,2
DA:79,2
DA:80,2
DA:86,4
DA:87,2
DA:89,2
DA:90,2
DA:91,8
DA:93,2
DA:98,8
DA:100,0
DA:101,2
DA:102,2
DA:104,8
DA:106,2
DA:108,6
DA:127,4
DA:128,8
DA:129,2
DA:131,8
DA:132,2
DA:133,4
DA:135,2
DA:136,2
DA:137,2
DA:140,2
DA:141,2
DA:143,8
DA:144,2
DA:147,2
DA:148,2
DA:149,4
DA:150,2
DA:151,2
DA:152,2
DA:153,4
DA:154,2
DA:155,2
DA:156,2
DA:157,2
DA:158,2
DA:159,6
DA:161,2
DA:162,5
DA:163,8
DA:165,16
DA:166,0
DA:167,7
DA:168,2
DA:170,4
DA:171,4
DA:172,1
DA:173,1
DA:178,4
DA:179,4
DA:180,1
DA:183,1
DA:184,1
DA:185,1
DA:187,1
DA:189,1
DA:190,2
DA:201,1
DA:204,1
DA:205,1
DA:206,5
DA:207,2
DA:208,7
DA:209,1
DA:210,4
DA:211,1
DA:212,1
DA:213,1
DA:214,0
DA:215,0
DA:216,0
DA:217,0
DA:218,0
DA:220,0
DA:221,0
DA:222,0
LF:106
LH:96
end_of_record
SF:lib/widgets/chats/private_chat_tile_tablet.dart
DA:16,2
DA:35,2
DA:37,2
DA:38,2
DA:40,2
DA:49,2
DA:50,2
DA:52,1
DA:53,3
DA:55,2
DA:58,10
DA:59,2
DA:62,2
DA:63,2
DA:64,2
DA:65,2
DA:66,4
DA:70,2
DA:71,2
DA:72,8
DA:73,2
DA:75,2
DA:76,2
DA:77,4
DA:78,2
DA:79,2
DA:80,2
DA:81,2
DA:82,2
DA:87,4
DA:88,2
DA:90,2
DA:91,2
DA:92,8
DA:94,3
DA:99,2
DA:100,6
DA:102,3
DA:103,3
DA:104,2
DA:105,2
DA:107,8
DA:109,2
DA:111,6
DA:131,4
DA:132,8
DA:133,2
DA:134,4
DA:135,4
DA:136,2
DA:137,4
DA:139,2
DA:140,2
DA:141,2
DA:144,2
DA:147,2
DA:148,2
DA:149,10
DA:150,4
DA:151,10
DA:152,6
DA:154,4
DA:155,2
DA:156,2
DA:157,2
DA:158,2
DA:159,2
DA:160,8
DA:161,5
DA:162,3
DA:163,0
DA:164,7
DA:165,2
DA:167,4
DA:168,4
DA:169,1
DA:170,1
DA:175,4
DA:176,4
DA:177,1
DA:180,1
DA:181,1
DA:182,1
DA:184,1
DA:186,1
DA:187,2
DA:197,2
DA:200,2
DA:201,2
DA:202,10
DA:203,4
DA:204,14
DA:205,2
DA:206,2
DA:207,2
DA:208,1
DA:209,1
DA:210,1
DA:211,8
DA:212,1
DA:213,4
DA:214,3
DA:215,0
DA:216,7
LF:104
LH:102
end_of_record
SF:lib/pages/chats/chat_page.dart
DA:23,2
DA:31,2
DA:32,2
DA:42,2
DA:44,2
DA:45,6
DA:46,6
DA:47,6
DA:50,2
DA:52,2
DA:53,4
DA:54,2
DA:57,4
DA:58,2
DA:60,1
DA:61,1
DA:63,1
DA:64,2
DA:66,2
DA:75,4
DA:76,2
DA:78,2
DA:79,4
DA:85,2
DA:86,2
DA:87,2
DA:89,2
DA:90,1
DA:91,2
DA:92,1
DA:97,2
DA:100,1
DA:101,2
DA:102,1
DA:106,2
DA:107,2
DA:108,2
DA:109,2
DA:110,2
DA:119,2
DA:120,2
DA:121,10
DA:122,2
DA:123,2
DA:124,2
DA:125,4
DA:129,2
DA:130,2
DA:131,2
DA:132,1
DA:134,1
DA:135,1
DA:136,1
DA:137,1
DA:138,1
DA:139,3
DA:140,1
DA:141,2
DA:142,1
DA:143,1
DA:144,1
DA:145,3
DA:147,0
DA:149,0
DA:150,0
DA:153,1
DA:155,4
DA:156,1
DA:171,1
DA:172,1
DA:173,2
DA:176,1
DA:177,2
DA:178,2
DA:181,1
DA:182,2
DA:183,2
DA:184,1
DA:186,2
DA:190,1
DA:193,1
DA:195,3
DA:197,1
DA:198,2
DA:201,1
DA:202,2
DA:203,2
DA:209,2
DA:211,4
DA:212,2
DA:215,2
DA:216,2
DA:218,4
DA:219,2
DA:220,2
DA:221,2
DA:222,2
DA:223,2
DA:224,2
DA:226,2
DA:227,2
DA:228,2
DA:229,2
DA:230,2
DA:231,2
DA:232,2
DA:233,2
DA:237,2
DA:239,2
DA:240,2
DA:241,2
DA:242,2
DA:243,2
DA:244,2
DA:250,2
DA:253,2
DA:254,2
DA:255,2
DA:256,2
DA:257,2
DA:258,2
DA:260,2
DA:266,2
DA:267,2
DA:268,2
DA:269,2
DA:270,2
DA:272,2
DA:290,0
DA:297,2
DA:298,2
DA:300,2
DA:301,2
DA:303,2
DA:304,4
DA:305,8
DA:306,1
DA:307,5
DA:308,1
DA:312,2
DA:313,10
DA:314,2
DA:318,4
DA:319,1
DA:320,5
DA:321,1
DA:325,1
DA:326,5
DA:327,1
DA:331,2
DA:332,6
DA:340,2
DA:341,4
DA:353,2
DA:354,2
DA:355,8
DA:356,2
DA:357,2
DA:358,2
DA:359,4
DA:362,1
DA:365,1
DA:367,1
DA:368,1
DA:370,1
DA:371,1
DA:372,1
DA:374,1
DA:378,1
DA:379,2
DA:380,4
DA:381,2
DA:382,0
DA:383,1
DA:384,1
DA:385,2
DA:387,1
DA:388,1
DA:389,3
DA:390,3
DA:391,0
DA:392,0
DA:393,0
DA:394,0
DA:396,0
DA:398,0
DA:400,0
DA:403,0
DA:405,0
DA:407,0
DA:423,1
DA:424,2
DA:427,1
DA:428,2
DA:429,2
DA:432,1
DA:434,1
DA:435,3
DA:436,3
DA:437,1
DA:438,1
DA:439,1
DA:440,3
DA:442,0
DA:443,0
DA:444,0
DA:445,0
DA:447,0
DA:450,1
DA:451,1
DA:452,1
DA:453,2
DA:455,1
DA:470,1
DA:471,2
DA:473,1
DA:476,1
DA:481,1
DA:482,2
DA:483,2
DA:486,1
DA:493,1
DA:495,0
DA:496,0
DA:499,0
DA:500,0
DA:502,0
DA:503,0
DA:504,0
DA:505,0
DA:506,0
DA:507,0
DA:508,0
DA:510,0
DA:511,0
DA:512,0
DA:513,0
DA:514,0
DA:515,0
DA:516,0
DA:517,0
DA:521,0
DA:523,0
DA:524,0
DA:525,0
DA:526,0
DA:527,0
DA:528,0
DA:534,0
DA:537,0
DA:538,0
DA:539,0
DA:540,0
DA:541,0
DA:542,0
DA:544,0
DA:550,0
DA:551,0
DA:552,0
DA:553,0
DA:554,0
DA:556,0
DA:574,0
LF:263
LH:202
end_of_record
SF:lib/widgets/chats/group_chat_tile.dart
DA:22,2
DA:32,2
DA:33,2
DA:45,2
DA:47,2
DA:50,2
DA:52,2
DA:53,2
DA:55,2
DA:64,0
DA:65,0
DA:66,0
DA:69,2
DA:71,2
DA:72,4
DA:73,6
DA:74,4
DA:77,14
DA:78,6
DA:79,6
DA:81,2
DA:82,4
DA:83,2
DA:84,4
DA:85,4
DA:86,6
DA:88,4
DA:89,4
DA:90,4
DA:91,2
DA:96,2
DA:98,2
DA:101,2
DA:102,2
DA:103,2
DA:104,8
DA:107,2
DA:108,2
DA:109,8
DA:110,2
DA:112,2
DA:113,2
DA:114,2
DA:116,8
DA:117,2
DA:119,6
DA:120,2
DA:122,2
DA:123,2
DA:124,2
DA:125,2
DA:131,6
DA:132,2
DA:134,2
DA:135,2
DA:136,10
DA:138,3
DA:143,6
DA:144,4
DA:146,0
DA:147,0
DA:148,2
DA:149,2
DA:151,8
DA:153,2
DA:155,8
DA:175,6
DA:176,2
DA:177,4
DA:178,8
DA:179,2
DA:180,4
DA:182,2
DA:183,2
DA:184,2
DA:187,2
DA:190,2
DA:191,2
DA:192,12
DA:193,4
DA:194,12
DA:195,6
DA:197,2
DA:198,2
DA:199,1
DA:200,1
DA:201,1
DA:202,1
DA:203,9
DA:204,6
DA:205,3
DA:206,0
DA:207,8
DA:208,2
DA:210,4
DA:211,2
DA:216,4
DA:217,1
DA:220,1
DA:221,1
DA:222,1
DA:223,1
DA:225,1
DA:226,2
LF:104
LH:98
end_of_record
SF:lib/widgets/chats/private_chat_tile.dart
DA:20,2
DA:30,2
DA:31,2
DA:43,2
DA:45,2
DA:48,2
DA:50,2
DA:51,2
DA:53,2
DA:62,1
DA:63,5
DA:65,2
DA:67,2
DA:68,4
DA:69,8
DA:71,4
DA:72,8
DA:73,2
DA:74,4
DA:75,2
DA:76,4
DA:77,4
DA:78,4
DA:80,4
DA:81,4
DA:82,4
DA:83,4
DA:88,2
DA:90,2
DA:93,2
DA:94,2
DA:95,2
DA:96,2
DA:97,6
DA:101,2
DA:102,2
DA:103,8
DA:104,2
DA:106,2
DA:107,2
DA:108,6
DA:109,2
DA:110,2
DA:111,2
DA:112,2
DA:113,2
DA:118,6
DA:119,2
DA:121,2
DA:122,2
DA:123,10
DA:126,4
DA:131,6
DA:132,4
DA:134,5
DA:135,2
DA:136,2
DA:137,2
DA:139,8
DA:141,2
DA:143,6
DA:144,2
DA:164,6
DA:165,2
DA:166,4
DA:167,8
DA:168,2
DA:169,4
DA:171,2
DA:172,2
DA:173,2
DA:176,2
DA:179,2
DA:180,2
DA:181,12
DA:182,4
DA:183,12
DA:184,6
DA:186,4
DA:187,4
DA:188,2
DA:189,2
DA:190,2
DA:191,2
DA:192,9
DA:193,6
DA:194,3
DA:195,0
DA:196,8
DA:197,2
DA:199,4
DA:200,2
DA:205,4
DA:206,1
DA:209,1
DA:210,1
DA:211,1
DA:212,1
DA:214,1
DA:215,2
LF:100
LH:99
end_of_record
SF:lib/pages/home_page.dart
DA:27,3
DA:33,3
DA:34,3
DA:46,0
DA:47,0
DA:50,1
DA:52,3
DA:53,3
DA:54,3
DA:55,3
DA:56,3
DA:57,3
DA:58,3
DA:59,2
DA:61,0
DA:63,0
DA:65,2
DA:66,1
DA:67,2
DA:70,2
DA:71,1
DA:72,1
DA:73,1
DA:77,3
DA:79,12
DA:80,9
DA:81,6
DA:82,12
DA:84,15
DA:85,15
DA:86,15
DA:87,15
DA:88,15
DA:89,15
DA:91,3
DA:92,9
DA:93,9
DA:96,3
DA:98,3
DA:99,3
DA:100,3
DA:101,6
DA:102,3
DA:103,1
DA:104,4
DA:129,3
DA:132,3
DA:133,3
DA:134,6
DA:137,1
DA:138,1
DA:139,1
DA:140,1
DA:141,1
DA:142,2
DA:143,1
DA:145,1
DA:146,1
DA:147,1
DA:148,1
DA:149,1
DA:150,1
DA:151,2
DA:152,1
DA:153,1
DA:157,1
DA:158,1
DA:159,1
DA:160,1
DA:163,1
DA:164,1
DA:165,1
DA:168,1
DA:169,1
DA:170,1
DA:171,1
DA:173,1
DA:174,1
DA:179,0
DA:180,0
DA:184,12
DA:185,3
DA:186,6
DA:187,3
DA:195,3
DA:197,6
DA:198,3
LF:87
LH:81
end_of_record
SF:lib/pages/search_page.dart
DA:20,2
DA:25,2
DA:26,2
DA:40,2
DA:42,2
DA:45,1
DA:46,3
DA:47,1
DA:48,1
DA:50,2
DA:51,3
DA:52,1
DA:53,2
DA:54,2
DA:56,2
DA:57,3
DA:58,1
DA:59,2
DA:60,2
DA:63,3
DA:64,1
DA:65,2
DA:66,2
DA:70,3
DA:74,2
DA:76,10
DA:78,2
DA:79,2
DA:82,2
DA:84,2
DA:87,4
DA:90,4
DA:92,2
DA:93,2
DA:94,2
DA:96,2
DA:97,2
DA:98,2
DA:100,8
DA:103,2
DA:107,1
DA:108,2
DA:109,1
DA:110,1
DA:114,2
DA:115,2
DA:116,4
DA:117,2
DA:118,2
DA:119,0
DA:120,0
DA:123,4
DA:124,2
DA:125,6
DA:126,1
DA:129,1
DA:130,1
DA:131,1
DA:132,2
DA:133,3
DA:135,1
DA:137,4
DA:139,0
DA:140,0
DA:141,0
DA:143,1
DA:144,1
DA:145,2
DA:147,1
DA:150,1
DA:152,4
DA:154,0
DA:155,0
DA:156,0
DA:158,1
DA:159,1
DA:160,2
DA:162,1
DA:165,2
DA:166,1
DA:167,2
DA:169,1
DA:170,1
DA:171,1
DA:172,2
DA:174,0
DA:175,0
DA:176,0
DA:178,1
DA:179,1
DA:180,2
DA:182,1
DA:185,1
DA:186,1
DA:187,1
DA:188,2
DA:190,0
DA:191,0
DA:192,0
DA:194,1
DA:195,1
DA:196,2
DA:198,1
DA:201,1
DA:202,2
DA:204,1
DA:205,1
DA:206,1
DA:207,2
DA:209,0
DA:210,0
DA:211,0
DA:213,1
DA:214,1
DA:215,2
DA:217,1
DA:220,1
DA:221,1
DA:222,1
DA:223,2
DA:225,0
DA:226,0
DA:227,0
DA:229,1
DA:230,1
DA:231,2
DA:233,1
DA:236,1
DA:237,5
DA:244,1
DA:245,2
DA:247,2
DA:259,4
DA:260,2
DA:262,6
DA:265,2
DA:268,2
DA:270,2
DA:271,4
DA:272,6
DA:274,1
DA:276,4
DA:278,0
DA:279,0
DA:280,0
DA:282,1
DA:283,1
DA:284,2
DA:286,1
DA:289,2
DA:291,8
DA:293,0
DA:294,0
DA:295,0
DA:297,2
DA:298,2
DA:299,4
DA:301,2
DA:304,2
DA:305,1
DA:306,2
DA:308,1
DA:309,1
DA:310,1
DA:311,2
DA:313,0
DA:314,0
DA:315,0
DA:317,1
DA:318,1
DA:319,2
DA:321,1
DA:324,1
DA:325,1
DA:326,1
DA:327,2
DA:329,0
DA:330,0
DA:331,0
DA:333,1
DA:334,1
DA:335,2
DA:337,1
DA:340,1
DA:341,2
DA:343,1
DA:344,1
DA:345,1
DA:346,2
DA:348,0
DA:349,0
DA:350,0
DA:352,1
DA:353,1
DA:354,2
DA:356,1
DA:359,1
DA:360,1
DA:361,1
DA:362,2
DA:364,0
DA:365,0
DA:366,0
DA:368,1
DA:369,1
DA:370,2
DA:372,1
DA:375,2
DA:376,8
DA:383,2
DA:384,4
DA:386,2
DA:401,1
DA:403,1
DA:404,1
DA:405,2
DA:406,3
DA:407,2
DA:408,1
DA:409,1
DA:411,1
DA:413,3
DA:416,1
DA:421,0
DA:422,0
DA:423,0
DA:425,2
DA:426,3
DA:427,2
DA:429,1
DA:431,3
DA:433,3
DA:437,2
DA:438,3
DA:439,1
DA:440,2
DA:441,1
DA:442,2
DA:445,1
DA:446,0
DA:448,1
DA:449,2
DA:452,1
DA:453,1
DA:459,0
DA:471,2
DA:473,4
DA:474,4
DA:475,3
DA:476,2
LF:250
LH:207
end_of_record
SF:lib/pages/news/all_news.dart
DA:10,1
DA:16,1
DA:17,1
DA:21,1
DA:23,1
DA:26,1
DA:28,1
DA:29,1
DA:32,1
DA:33,1
DA:34,2
DA:35,1
DA:36,1
DA:40,4
DA:41,1
DA:42,2
DA:45,1
DA:47,1
DA:50,3
DA:51,1
DA:52,1
DA:53,4
DA:54,4
DA:55,4
DA:56,4
DA:57,2
LF:26
LH:26
end_of_record
SF:lib/widgets/news/show_all.dart
DA:10,2
DA:18,2
DA:20,2
DA:21,2
DA:22,2
DA:24,2
DA:25,4
DA:26,2
DA:27,2
DA:28,2
DA:29,2
DA:30,2
DA:33,2
DA:35,2
DA:36,2
DA:37,2
DA:38,2
DA:39,0
DA:40,0
DA:42,0
DA:43,0
DA:45,0
DA:49,2
DA:50,8
DA:51,0
DA:53,6
DA:59,2
DA:60,2
DA:63,2
DA:64,8
DA:68,2
DA:69,2
LF:32
LH:26
end_of_record
SF:lib/pages/news/search_news.dart
DA:12,1
DA:15,1
DA:16,1
DA:23,1
DA:24,2
DA:25,1
DA:26,5
DA:30,1
DA:32,1
DA:33,1
DA:36,1
DA:37,1
DA:38,2
DA:39,1
DA:40,1
DA:44,1
DA:46,3
DA:49,1
DA:50,1
DA:51,1
DA:52,1
DA:54,1
DA:55,1
DA:56,2
DA:59,1
DA:60,1
DA:61,1
DA:62,1
DA:63,2
DA:64,1
DA:67,1
DA:68,1
DA:69,1
DA:70,1
DA:71,1
DA:72,1
DA:73,1
DA:74,1
DA:76,1
DA:79,1
DA:81,1
DA:82,1
DA:83,1
DA:84,1
DA:85,1
DA:88,1
DA:91,1
DA:92,1
DA:94,1
DA:95,1
DA:96,1
DA:97,1
DA:98,1
DA:99,1
DA:100,2
DA:104,1
DA:105,1
DA:106,2
DA:108,0
DA:109,0
DA:110,0
DA:112,1
DA:113,1
DA:114,2
DA:119,1
DA:122,1
DA:123,1
DA:124,1
DA:125,1
DA:127,1
DA:129,1
DA:132,1
DA:133,1
DA:134,2
DA:140,1
DA:141,1
DA:142,1
DA:144,1
DA:146,1
DA:149,1
DA:150,1
DA:151,2
DA:164,1
DA:165,0
DA:166,3
DA:167,3
DA:168,1
DA:170,1
DA:171,1
DA:173,1
DA:174,3
DA:176,1
DA:177,1
DA:178,1
DA:179,2
DA:181,0
DA:183,4
DA:185,1
DA:189,1
DA:190,1
DA:191,1
DA:192,2
DA:194,0
DA:196,4
DA:198,1
DA:219,1
DA:222,1
DA:223,1
DA:224,1
DA:225,3
DA:227,1
DA:228,4
DA:230,0
DA:232,4
DA:234,1
DA:236,1
DA:237,4
DA:239,0
DA:241,4
DA:243,1
DA:263,1
DA:264,1
DA:265,1
DA:266,1
DA:267,1
DA:268,1
DA:269,1
DA:270,1
DA:271,1
DA:272,1
DA:273,2
LF:131
LH:123
end_of_record
SF:lib/widgets/news/blog_tile.dart
DA:10,4
DA:18,4
DA:20,4
DA:21,1
DA:22,1
DA:24,1
DA:25,2
DA:26,1
DA:27,1
DA:28,1
DA:29,1
DA:30,1
DA:33,4
DA:35,4
DA:37,4
DA:39,4
DA:40,8
DA:41,4
DA:45,8
DA:46,4
DA:47,4
DA:48,4
DA:49,0
DA:50,0
DA:52,0
DA:56,0
DA:58,0
DA:59,0
DA:63,4
DA:64,16
DA:68,16
DA:70,0
DA:71,16
DA:76,4
DA:77,4
DA:78,4
DA:79,16
DA:80,4
DA:81,4
DA:84,4
DA:85,4
DA:86,4
DA:87,4
DA:88,4
DA:96,4
DA:97,16
DA:98,4
DA:99,4
DA:102,4
DA:103,4
DA:104,4
DA:105,4
DA:106,4
LF:53
LH:46
end_of_record
SF:lib/widgets/events/event_tile.dart
DA:14,2
DA:19,2
DA:21,2
DA:23,2
DA:24,2
DA:25,2
DA:26,2
DA:27,1
DA:28,5
DA:29,3
DA:30,3
DA:31,2
DA:32,1
DA:33,2
DA:34,2
DA:35,1
DA:36,1
DA:41,2
DA:42,2
DA:43,8
DA:46,2
DA:47,2
DA:49,8
DA:52,2
DA:53,4
DA:55,2
DA:56,4
DA:57,2
DA:59,8
DA:64,8
DA:67,2
DA:68,8
LF:32
LH:32
end_of_record
